PRT1
259
651
4 0 15 (6144 9216 -480 ) (6144 9216 896 ) (5120 9216 896 ) (5120 9216 -480 ) 
4 0 3 (6144 9216 -480 ) (5120 9216 -480 ) (5120 9712 -480 ) (6144 9712 -480 ) 
4 0 2 (5120 9712 -480 ) (5120 9728 -480 ) (6144 9728 -480 ) (6144 9712 -480 ) 
4 0 1 (5120 9728 -480 ) (5120 10048 -480 ) (6144 10048 -480 ) (6144 9728 -480 ) 
4 1 2 (6144 9728 -496 ) (6144 9728 -480 ) (5120 9728 -480 ) (5120 9728 -496 ) 
4 2 3 (5120 9712 -576 ) (6144 9712 -576 ) (6144 9712 -480 ) (5120 9712 -480 ) 
4 3 16 (6144 9216 -576 ) (6144 9216 -480 ) (5120 9216 -480 ) (5120 9216 -576 ) 
4 4 7 (8192 8192 0 ) (8192 8192 896 ) (8192 8704 896 ) (8192 8704 0 ) 
4 4 5 (8704 8192 0 ) (8704 8192 896 ) (8192 8192 896 ) (8192 8192 0 ) 
4 5 17 (8192 7168 0 ) (8192 7168 896 ) (8192 8192 896 ) (8192 8192 0 ) 
4 5 6 (8704 7168 0 ) (8704 7168 896 ) (8192 7168 896 ) (8192 7168 0 ) 
4 6 67 (8704 6144 0 ) (8704 6144 896 ) (8192 6144 896 ) (8192 6144 0 ) 
4 6 28 (8192 6144 0 ) (8192 6144 896 ) (8192 7168 896 ) (8192 7168 0 ) 
4 7 17 (8192 8192 0 ) (8192 8192 896 ) (7680 8192 896 ) (7680 8192 0 ) 
4 7 8 (7680 8704 896 ) (7680 8704 0 ) (7680 8192 0 ) (7680 8192 896 ) 
4 8 18 (7616 8192 -480 ) (7680 8192 -480 ) (7680 8192 0 ) (7616 8192 0 ) 
4 8 20 (7168 8192 0 ) (7168 8192 -480 ) (7616 8192 -480 ) (7616 8192 0 ) 
4 8 17 (7680 8192 896 ) (7168 8192 896 ) (7168 8192 0 ) (7680 8192 0 ) 
4 8 11 (7168 8704 -480 ) (7168 8192 -480 ) (7168 8192 896 ) (7168 8704 896 ) 
4 8 9 (7680 8192 -480 ) (7168 8192 -480 ) (7168 8704 -480 ) (7680 8704 -480 ) 
4 9 23 (7616 8192 -480 ) (7168 8192 -480 ) (7168 8192 -512 ) (7616 8192 -512 ) 
4 9 21 (7680 8192 -512 ) (7680 8192 -480 ) (7616 8192 -480 ) (7616 8192 -512 ) 
4 9 12 (7168 8192 -512 ) (7168 8192 -480 ) (7168 8704 -480 ) (7168 8704 -512 ) 
4 9 10 (7168 8704 -512 ) (7680 8704 -512 ) (7680 8192 -512 ) (7168 8192 -512 ) 
4 10 24 (7616 8192 -512 ) (7168 8192 -512 ) (7168 8192 -576 ) (7616 8192 -576 ) 
4 10 22 (7680 8192 -576 ) (7680 8192 -512 ) (7616 8192 -512 ) (7616 8192 -576 ) 
4 10 13 (7168 8704 -576 ) (7168 8192 -576 ) (7168 8192 -512 ) (7168 8704 -512 ) 
4 11 30 (7168 8192 -480 ) (7168 8192 896 ) (6144 8192 896 ) (6144 8192 -480 ) 
4 11 15 (6144 8192 -480 ) (6144 8192 896 ) (6144 8704 896 ) (6144 8704 -480 ) 
4 11 14 (6656 8192 -480 ) (6144 8192 -480 ) (6144 8704 -480 ) (6656 8704 -480 ) 
4 11 12 (7168 8192 -480 ) (6656 8192 -480 ) (6656 8704 -480 ) (7168 8704 -480 ) 
4 12 31 (7168 8192 -512 ) (7168 8192 -480 ) (6656 8192 -480 ) (6656 8192 -512 ) 
4 12 14 (6656 8192 -512 ) (6656 8192 -480 ) (6656 8704 -480 ) (6656 8704 -512 ) 
4 12 13 (7168 8192 -512 ) (6656 8192 -512 ) (6656 8704 -512 ) (7168 8704 -512 ) 
4 13 32 (7168 8192 -576 ) (7168 8192 -512 ) (6656 8192 -512 ) (6656 8192 -576 ) 
4 13 14 (6656 8704 -576 ) (6656 8192 -576 ) (6656 8192 -512 ) (6656 8704 -512 ) 
4 14 33 (6656 8192 -480 ) (6144 8192 -480 ) (6144 8192 -576 ) (6656 8192 -576 ) 
4 14 16 (6144 8192 -576 ) (6144 8192 -480 ) (6144 8704 -480 ) (6144 8704 -576 ) 
4 15 44 (5120 8192 -480 ) (5120 8192 896 ) (5120 8704 896 ) (5120 8704 -480 ) 
4 15 36 (6144 8192 -480 ) (6144 8192 896 ) (5120 8192 896 ) (5120 8192 -480 ) 
4 15 16 (5120 8192 -480 ) (5120 9216 -480 ) (6144 9216 -480 ) (6144 8192 -480 ) 
4 16 45 (5120 8192 -576 ) (5120 8192 -480 ) (5120 8704 -480 ) (5120 8704 -576 ) 
4 16 37 (6144 8192 -576 ) (6144 8192 -480 ) (5120 8192 -480 ) (5120 8192 -576 ) 
4 17 30 (7168 8192 896 ) (7168 8192 0 ) (7168 7168 0 ) (7168 7168 896 ) 
4 17 29 (7680 7168 896 ) (7168 7168 896 ) (7168 7168 0 ) (7680 7168 0 ) 
4 17 28 (8192 7168 0 ) (8192 7168 896 ) (7680 7168 896 ) (7680 7168 0 ) 
4 17 18 (7616 8000 0 ) (7616 8192 0 ) (7680 8192 0 ) (7680 8000 0 ) 
4 17 19 (7680 7168 0 ) (7616 7168 0 ) (7616 7744 0 ) (7680 7744 0 ) 
4 17 20 (7616 7168 0 ) (7168 7168 0 ) (7168 8192 0 ) (7616 8192 0 ) 
4 18 21 (7616 8192 -480 ) (7680 8192 -480 ) (7680 8000 -480 ) (7616 8000 -480 ) 
4 18 20 (7616 8192 -480 ) (7616 8000 -480 ) (7616 8000 0 ) (7616 8192 0 ) 
4 19 29 (7680 7168 0 ) (7616 7168 0 ) (7616 7168 -480 ) (7680 7168 -480 ) 
4 19 27 (7680 7680 -480 ) (7680 7168 -480 ) (7616 7168 -480 ) (7616 7680 -480 ) 
4 19 25 (7680 7744 -480 ) (7680 7680 -480 ) (7616 7680 -480 ) (7616 7744 -480 ) 
4 19 20 (7616 7744 -480 ) (7616 7168 -480 ) (7616 7168 0 ) (7616 7744 0 ) 
4 20 30 (7168 8192 0 ) (7168 8192 -480 ) (7168 7168 -480 ) (7168 7168 0 ) 
4 20 29 (7616 7168 0 ) (7168 7168 0 ) (7168 7168 -480 ) (7616 7168 -480 ) 
4 20 27 (7168 7168 -480 ) (7168 7680 -480 ) (7616 7680 -480 ) (7616 7168 -480 ) 
4 20 25 (7168 7680 -480 ) (7168 7744 -480 ) (7616 7744 -480 ) (7616 7680 -480 ) 
4 20 23 (7168 7744 -480 ) (7168 8192 -480 ) (7616 8192 -480 ) (7616 7744 -480 ) 
4 21 23 (7616 8000 -512 ) (7616 8000 -480 ) (7616 8192 -480 ) (7616 8192 -512 ) 
4 21 22 (7680 8000 -512 ) (7616 8000 -512 ) (7616 8192 -512 ) (7680 8192 -512 ) 
4 22 24 (7616 8192 -576 ) (7616 8000 -576 ) (7616 8000 -512 ) (7616 8192 -512 ) 
4 23 31 (7168 8192 -480 ) (7168 8192 -512 ) (7168 7744 -512 ) (7168 7744 -480 ) 
4 23 25 (7616 7744 -480 ) (7168 7744 -480 ) (7168 7744 -512 ) (7616 7744 -512 ) 
4 23 24 (7616 8192 -512 ) (7616 7744 -512 ) (7168 7744 -512 ) (7168 8192 -512 ) 
4 24 32 (7168 8192 -512 ) (7168 8192 -576 ) (7168 7744 -576 ) (7168 7744 -512 ) 
4 24 26 (7168 7744 -512 ) (7168 7744 -576 ) (7616 7744 -576 ) (7616 7744 -512 ) 
4 25 31 (7168 7680 -512 ) (7168 7680 -480 ) (7168 7744 -480 ) (7168 7744 -512 ) 
4 25 27 (7680 7680 -512 ) (7680 7680 -480 ) (7168 7680 -480 ) (7168 7680 -512 ) 
4 25 26 (7680 7680 -512 ) (7168 7680 -512 ) (7168 7744 -512 ) (7680 7744 -512 ) 
4 26 32 (7168 7680 -576 ) (7168 7680 -512 ) (7168 7744 -512 ) (7168 7744 -576 ) 
4 26 27 (7680 7680 -576 ) (7680 7680 -512 ) (7168 7680 -512 ) (7168 7680 -576 ) 
4 27 34 (7168 7168 -768 ) (7168 7168 -480 ) (7168 7680 -480 ) (7168 7680 -768 ) 
4 27 29 (7680 7168 -768 ) (7680 7168 -480 ) (7168 7168 -480 ) (7168 7168 -768 ) 
4 28 70 (8192 6144 0 ) (8192 6144 896 ) (7680 6144 896 ) (7680 6144 0 ) 
4 28 29 (7680 7168 896 ) (7680 7168 0 ) (7680 6144 0 ) (7680 6144 896 ) 
4 29 71 (7680 6144 -768 ) (7680 6144 896 ) (7168 6144 896 ) (7168 6144 -768 ) 
4 29 40 (7168 6144 -768 ) (7168 6144 -480 ) (7168 7168 -480 ) (7168 7168 -768 ) 
4 29 39 (7168 6144 -480 ) (7168 6144 896 ) (7168 7168 896 ) (7168 7168 -480 ) 
4 30 39 (7168 7168 -480 ) (7168 7168 896 ) (6144 7168 896 ) (6144 7168 -480 ) 
4 30 36 (6144 8192 896 ) (6144 8192 -480 ) (6144 7168 -480 ) (6144 7168 896 ) 
4 30 35 (6656 7168 -480 ) (6144 7168 -480 ) (6144 7680 -480 ) (6656 7680 -480 ) 
4 30 34 (7168 7168 -480 ) (6656 7168 -480 ) (6656 7680 -480 ) (7168 7680 -480 ) 
4 30 33 (6144 7680 -480 ) (6144 8192 -480 ) (6656 8192 -480 ) (6656 7680 -480 ) 
4 30 31 (6656 8192 -480 ) (7168 8192 -480 ) (7168 7680 -480 ) (6656 7680 -480 ) 
4 31 34 (7168 7680 -480 ) (6656 7680 -480 ) (6656 7680 -512 ) (7168 7680 -512 ) 
4 31 33 (6656 7680 -512 ) (6656 7680 -480 ) (6656 8192 -480 ) (6656 8192 -512 ) 
4 31 32 (7168 7680 -512 ) (6656 7680 -512 ) (6656 8192 -512 ) (7168 8192 -512 ) 
4 32 34 (6656 7680 -512 ) (6656 7680 -576 ) (7168 7680 -576 ) (7168 7680 -512 ) 
4 32 33 (6656 7680 -576 ) (6656 7680 -512 ) (6656 8192 -512 ) (6656 8192 -576 ) 
4 33 37 (6144 8192 -480 ) (6144 8192 -576 ) (6144 7680 -576 ) (6144 7680 -480 ) 
4 33 35 (6656 7680 -480 ) (6144 7680 -480 ) (6144 7680 -576 ) (6656 7680 -576 ) 
4 34 40 (7168 7168 -768 ) (7168 7168 -480 ) (6656 7168 -480 ) (6656 7168 -768 ) 
4 34 35 (6656 7680 -480 ) (6656 7680 -768 ) (6656 7168 -768 ) (6656 7168 -480 ) 
4 35 41 (6656 7168 -480 ) (6144 7168 -480 ) (6144 7168 -768 ) (6656 7168 -768 ) 
4 35 38 (6144 7168 -768 ) (6144 7168 -480 ) (6144 7680 -480 ) (6144 7680 -768 ) 
4 36 50 (5120 7168 -480 ) (5120 7168 896 ) (5120 8192 896 ) (5120 8192 -480 ) 
4 36 42 (6144 7168 -480 ) (6144 7168 896 ) (5120 7168 896 ) (5120 7168 -480 ) 
4 36 38 (6144 7680 -480 ) (6144 7168 -480 ) (5120 7168 -480 ) (5120 7680 -480 ) 
4 36 37 (6144 8192 -480 ) (6144 7680 -480 ) (5120 7680 -480 ) (5120 8192 -480 ) 
4 37 51 (5120 7680 -576 ) (5120 7680 -480 ) (5120 8192 -480 ) (5120 8192 -576 ) 
4 37 38 (6144 7680 -480 ) (5120 7680 -480 ) (5120 7680 -576 ) (6144 7680 -576 ) 
4 38 53 (5120 7168 -768 ) (5120 7168 -480 ) (5120 7680 -480 ) (5120 7680 -768 ) 
4 38 43 (6144 7168 -768 ) (6144 7168 -480 ) (5120 7168 -480 ) (5120 7168 -768 ) 
4 39 72 (7168 6144 -480 ) (7168 6144 896 ) (6144 6144 896 ) (6144 6144 -480 ) 
4 39 42 (6144 7168 896 ) (6144 7168 -480 ) (6144 6144 -480 ) (6144 6144 896 ) 
4 39 41 (6144 7168 -480 ) (6656 7168 -480 ) (6656 6144 -480 ) (6144 6144 -480 ) 
4 39 40 (6656 7168 -480 ) (7168 7168 -480 ) (7168 6144 -480 ) (6656 6144 -480 ) 
4 40 73 (7168 6144 -768 ) (7168 6144 -480 ) (6656 6144 -480 ) (6656 6144 -768 ) 
4 40 41 (6656 7168 -768 ) (6656 6144 -768 ) (6656 6144 -480 ) (6656 7168 -480 ) 
4 41 74 (6656 6144 -480 ) (6144 6144 -480 ) (6144 6144 -768 ) (6656 6144 -768 ) 
4 41 43 (6144 7168 -480 ) (6144 7168 -768 ) (6144 6144 -768 ) (6144 6144 -480 ) 
4 42 75 (6144 6144 -480 ) (6144 6144 896 ) (5120 6144 896 ) (5120 6144 -480 ) 
4 42 55 (5120 6144 -480 ) (5120 6144 896 ) (5120 7168 896 ) (5120 7168 -480 ) 
4 42 43 (6144 7168 -480 ) (6144 6144 -480 ) (5120 6144 -480 ) (5120 7168 -480 ) 
4 43 76 (6144 6144 -768 ) (6144 6144 -480 ) (5120 6144 -480 ) (5120 6144 -768 ) 
4 43 56 (5120 6144 -768 ) (5120 6144 -480 ) (5120 7168 -480 ) (5120 7168 -768 ) 
4 44 50 (5120 8192 -480 ) (5120 8192 896 ) (4096 8192 896 ) (4096 8192 -480 ) 
4 44 47 (4096 8192 -480 ) (4096 8192 896 ) (4096 8704 896 ) (4096 8704 -480 ) 
4 44 46 (4608 8192 -480 ) (4096 8192 -480 ) (4096 8704 -480 ) (4608 8704 -480 ) 
4 44 45 (5120 8192 -480 ) (4608 8192 -480 ) (4608 8704 -480 ) (5120 8704 -480 ) 
4 45 51 (5120 8192 -576 ) (5120 8192 -480 ) (4608 8192 -480 ) (4608 8192 -576 ) 
4 45 46 (4608 8704 -480 ) (4608 8704 -576 ) (4608 8192 -576 ) (4608 8192 -480 ) 
4 46 52 (4608 8192 -480 ) (4096 8192 -480 ) (4096 8192 -576 ) (4608 8192 -576 ) 
4 46 47 (4096 8192 -576 ) (4096 8192 -480 ) (4096 8704 -480 ) (4096 8704 -576 ) 
4 47 58 (4096 8192 -576 ) (4096 8192 896 ) (3584 8192 896 ) (3584 8192 -576 ) 
4 47 48 (3584 8704 896 ) (3584 8704 0 ) (3584 8192 0 ) (3584 8192 896 ) 
4 48 60 (3584 8192 0 ) (3584 8192 896 ) (3072 8192 896 ) (3072 8192 0 ) 
4 48 49 (3072 8192 0 ) (3072 8192 896 ) (3072 8704 896 ) (3072 8704 0 ) 
4 49 61 (3072 8192 0 ) (3072 8192 896 ) (2560 8192 896 ) (2560 8192 0 ) 
4 50 59 (4096 7680 -480 ) (4096 7168 -480 ) (4096 7168 896 ) (4096 7680 896 ) 
4 50 58 (4096 8192 896 ) (4096 8192 -480 ) (4096 7680 -480 ) (4096 7680 896 ) 
4 50 55 (5120 7168 -480 ) (5120 7168 896 ) (4096 7168 896 ) (4096 7168 -480 ) 
4 50 54 (4096 7168 -480 ) (4096 7680 -480 ) (4608 7680 -480 ) (4608 7168 -480 ) 
4 50 53 (4608 7680 -480 ) (5120 7680 -480 ) (5120 7168 -480 ) (4608 7168 -480 ) 
4 50 52 (4096 7680 -480 ) (4096 8192 -480 ) (4608 8192 -480 ) (4608 7680 -480 ) 
4 50 51 (4608 8192 -480 ) (5120 8192 -480 ) (5120 7680 -480 ) (4608 7680 -480 ) 
4 51 53 (5120 7680 -576 ) (5120 7680 -480 ) (4608 7680 -480 ) (4608 7680 -576 ) 
4 51 52 (4608 7680 -576 ) (4608 7680 -480 ) (4608 8192 -480 ) (4608 8192 -576 ) 
4 52 58 (4096 8192 -480 ) (4096 8192 -576 ) (4096 7680 -576 ) (4096 7680 -480 ) 
4 52 54 (4608 7680 -512 ) (4608 7680 -480 ) (4096 7680 -480 ) (4096 7680 -512 ) 
4 53 56 (5120 7168 -768 ) (5120 7168 -480 ) (4608 7168 -480 ) (4608 7168 -768 ) 
4 53 54 (4608 7680 -480 ) (4608 7680 -512 ) (4608 7168 -512 ) (4608 7168 -480 ) 
4 54 59 (4096 7168 -512 ) (4096 7168 -480 ) (4096 7680 -480 ) (4096 7680 -512 ) 
4 54 57 (4608 7168 -480 ) (4096 7168 -480 ) (4096 7168 -512 ) (4608 7168 -512 ) 
4 55 131 (4744 6144 -456 ) (4720 6144 -456 ) (4720 6144 -480 ) (4744 6144 -480 ) 
4 55 130 (5120 6144 -480 ) (5120 6144 -456 ) (4744 6144 -456 ) (4744 6144 -480 ) 
4 55 133 (4720 6144 -456 ) (4096 6144 -456 ) (4096 6144 -480 ) (4720 6144 -480 ) 
4 55 129 (5120 6144 -456 ) (5120 6144 896 ) (4096 6144 896 ) (4096 6144 -456 ) 
4 55 62 (4096 6144 -480 ) (4096 6144 896 ) (4096 7168 896 ) (4096 7168 -480 ) 
4 55 57 (4608 6144 -480 ) (4096 6144 -480 ) (4096 7168 -480 ) (4608 7168 -480 ) 
4 55 56 (5120 6144 -480 ) (4608 6144 -480 ) (4608 7168 -480 ) (5120 7168 -480 ) 
4 56 135 (4744 6144 -480 ) (4720 6144 -480 ) (4720 6144 -704 ) (4744 6144 -704 ) 
4 56 136 (4720 6144 -704 ) (4720 6144 -768 ) (4744 6144 -768 ) (4744 6144 -704 ) 
4 56 134 (5120 6144 -768 ) (5120 6144 -480 ) (4744 6144 -480 ) (4744 6144 -768 ) 
4 56 138 (4720 6144 -480 ) (4608 6144 -480 ) (4608 6144 -768 ) (4720 6144 -768 ) 
4 56 57 (4608 6144 -512 ) (4608 6144 -480 ) (4608 7168 -480 ) (4608 7168 -512 ) 
4 57 139 (4608 6144 -480 ) (4096 6144 -480 ) (4096 6144 -512 ) (4608 6144 -512 ) 
4 57 62 (4096 6144 -512 ) (4096 6144 -480 ) (4096 7168 -480 ) (4096 7168 -512 ) 
4 58 60 (3584 7680 0 ) (3584 7680 896 ) (3584 8192 896 ) (3584 8192 0 ) 
4 58 59 (3584 7680 896 ) (3584 7680 -512 ) (4096 7680 -512 ) (4096 7680 896 ) 
4 59 62 (4096 7168 -512 ) (4096 7168 896 ) (3584 7168 896 ) (3584 7168 -512 ) 
4 59 60 (3584 7168 0 ) (3584 7168 896 ) (3584 7680 896 ) (3584 7680 0 ) 
4 60 63 (3584 7168 0 ) (3584 7168 896 ) (3072 7168 896 ) (3072 7168 0 ) 
4 60 61 (3072 8192 896 ) (3072 8192 0 ) (3072 7168 0 ) (3072 7168 896 ) 
4 61 65 (3072 7168 0 ) (3072 7168 896 ) (2560 7168 896 ) (2560 7168 0 ) 
4 62 146 (4096 6144 -512 ) (4096 6144 8 ) (3584 6144 8 ) (3584 6144 -512 ) 
4 62 140 (4096 6144 8 ) (4096 6144 896 ) (3929 6144 896 ) (3929 6144 8 ) 
4 62 145 (3929 6144 896 ) (3584 6144 896 ) (3584 6144 8 ) (3929 6144 8 ) 
4 62 64 (3584 6144 -224 ) (3584 6144 896 ) (3584 6656 896 ) (3584 6656 -224 ) 
4 62 63 (3584 6656 896 ) (3584 7168 896 ) (3584 7168 0 ) (3584 6656 0 ) 
4 63 65 (3072 7168 896 ) (3072 7168 0 ) (3072 6656 0 ) (3072 6656 896 ) 
4 63 64 (3072 6656 896 ) (3072 6656 0 ) (3584 6656 0 ) (3584 6656 896 ) 
4 64 147 (3584 6144 -224 ) (3584 6144 896 ) (3072 6144 896 ) (3072 6144 -224 ) 
4 64 66 (3072 6144 -224 ) (3072 6144 896 ) (3072 6656 896 ) (3072 6656 -224 ) 
4 65 66 (2560 6656 896 ) (2560 6656 0 ) (3072 6656 0 ) (3072 6656 896 ) 
4 66 149 (3072 6144 -224 ) (3072 6144 896 ) (2560 6144 896 ) (2560 6144 -224 ) 
4 67 70 (8192 6144 896 ) (8192 6144 0 ) (8192 5120 0 ) (8192 5120 896 ) 
4 67 68 (8704 5120 0 ) (8704 5120 896 ) (8192 5120 896 ) (8192 5120 0 ) 
4 68 77 (8192 4096 0 ) (8192 4096 896 ) (8192 5120 896 ) (8192 5120 0 ) 
4 68 69 (8704 4096 0 ) (8704 4096 896 ) (8192 4096 896 ) (8192 4096 0 ) 
4 69 95 (8704 3072 0 ) (8704 3072 896 ) (8192 3072 896 ) (8192 3072 0 ) 
4 69 80 (8192 3072 0 ) (8192 3072 896 ) (8192 4096 896 ) (8192 4096 0 ) 
4 70 77 (8192 5120 0 ) (8192 5120 896 ) (7680 5120 896 ) (7680 5120 0 ) 
4 70 71 (7680 5120 0 ) (7680 5120 896 ) (7680 6144 896 ) (7680 6144 0 ) 
4 71 78 (7680 5120 -768 ) (7680 5120 896 ) (7168 5120 896 ) (7168 5120 -768 ) 
4 71 73 (7168 6144 -480 ) (7168 6144 -768 ) (7168 5120 -768 ) (7168 5120 -480 ) 
4 71 72 (7168 6144 896 ) (7168 6144 -480 ) (7168 5120 -480 ) (7168 5120 896 ) 
4 72 82 (7168 5120 -480 ) (7168 5120 896 ) (6144 5120 896 ) (6144 5120 -480 ) 
4 72 75 (6144 5120 -480 ) (6144 5120 896 ) (6144 6144 896 ) (6144 6144 -480 ) 
4 72 74 (6656 5120 -480 ) (6144 5120 -480 ) (6144 6144 -480 ) (6656 6144 -480 ) 
4 72 73 (7168 5120 -480 ) (6656 5120 -480 ) (6656 6144 -480 ) (7168 6144 -480 ) 
4 73 83 (7168 5120 -768 ) (7168 5120 -480 ) (6656 5120 -480 ) (6656 5120 -768 ) 
4 73 74 (6656 6144 -768 ) (6656 5120 -768 ) (6656 5120 -480 ) (6656 6144 -480 ) 
4 74 84 (6656 5120 -480 ) (6144 5120 -480 ) (6144 5120 -768 ) (6656 5120 -768 ) 
4 74 76 (6144 5120 -768 ) (6144 5120 -480 ) (6144 6144 -480 ) (6144 6144 -768 ) 
4 75 130 (5120 6144 -456 ) (5120 6144 -480 ) (5120 5120 -480 ) (5120 5120 -456 ) 
4 75 129 (5120 6144 896 ) (5120 6144 -456 ) (5120 5120 -456 ) (5120 5120 896 ) 
4 75 87 (6144 5120 -480 ) (6144 5120 896 ) (5120 5120 896 ) (5120 5120 -480 ) 
4 75 76 (5120 5120 -480 ) (5120 6144 -480 ) (6144 6144 -480 ) (6144 5120 -480 ) 
4 76 134 (5120 6144 -480 ) (5120 6144 -768 ) (5120 5120 -768 ) (5120 5120 -480 ) 
4 76 88 (6144 5120 -768 ) (6144 5120 -480 ) (5120 5120 -480 ) (5120 5120 -768 ) 
4 77 80 (8192 4096 0 ) (8192 4096 896 ) (7680 4096 896 ) (7680 4096 0 ) 
4 77 79 (7680 4672 0 ) (7680 4096 0 ) (7680 4096 896 ) (7680 4672 896 ) 
4 77 78 (7680 5120 896 ) (7680 5120 0 ) (7680 4672 0 ) (7680 4672 896 ) 
4 78 83 (7168 5120 -480 ) (7168 5120 -768 ) (7168 4672 -768 ) (7168 4672 -480 ) 
4 78 82 (7168 5120 896 ) (7168 5120 -480 ) (7168 4672 -480 ) (7168 4672 896 ) 
4 78 79 (7680 4672 -512 ) (7680 4672 896 ) (7168 4672 896 ) (7168 4672 -512 ) 
4 79 85 (7168 4096 -512 ) (7168 4096 -480 ) (7168 4672 -480 ) (7168 4672 -512 ) 
4 79 82 (7168 4096 -480 ) (7168 4096 896 ) (7168 4672 896 ) (7168 4672 -480 ) 
4 79 81 (7680 4096 -512 ) (7680 4096 896 ) (7168 4096 896 ) (7168 4096 -512 ) 
4 80 97 (8192 3072 0 ) (8192 3072 896 ) (7680 3072 896 ) (7680 3072 0 ) 
4 80 81 (7680 4096 896 ) (7680 4096 0 ) (7680 3072 0 ) (7680 3072 896 ) 
4 81 98 (7680 3072 -512 ) (7680 3072 896 ) (7168 3072 896 ) (7168 3072 -512 ) 
4 81 91 (7168 3072 -512 ) (7168 3072 -480 ) (7168 4096 -480 ) (7168 4096 -512 ) 
4 81 90 (7168 3072 -480 ) (7168 3072 896 ) (7168 4096 896 ) (7168 4096 -480 ) 
4 82 90 (7168 4096 -480 ) (7168 4096 896 ) (6144 4096 896 ) (6144 4096 -480 ) 
4 82 87 (6144 5120 896 ) (6144 5120 -480 ) (6144 4096 -480 ) (6144 4096 896 ) 
4 82 86 (6656 4096 -480 ) (6144 4096 -480 ) (6144 4672 -480 ) (6656 4672 -480 ) 
4 82 85 (7168 4096 -480 ) (6656 4096 -480 ) (6656 4672 -480 ) (7168 4672 -480 ) 
4 82 84 (6144 4672 -480 ) (6144 5120 -480 ) (6656 5120 -480 ) (6656 4672 -480 ) 
4 82 83 (6656 5120 -480 ) (7168 5120 -480 ) (7168 4672 -480 ) (6656 4672 -480 ) 
4 83 85 (7168 4672 -480 ) (6656 4672 -480 ) (6656 4672 -512 ) (7168 4672 -512 ) 
4 83 84 (6656 5120 -768 ) (6656 4672 -768 ) (6656 4672 -480 ) (6656 5120 -480 ) 
4 84 88 (6144 5120 -480 ) (6144 5120 -768 ) (6144 4672 -768 ) (6144 4672 -480 ) 
4 84 86 (6656 4672 -480 ) (6144 4672 -480 ) (6144 4672 -512 ) (6656 4672 -512 ) 
4 85 91 (7168 4096 -512 ) (7168 4096 -480 ) (6656 4096 -480 ) (6656 4096 -512 ) 
4 85 86 (6656 4672 -480 ) (6656 4672 -512 ) (6656 4096 -512 ) (6656 4096 -480 ) 
4 86 92 (6656 4096 -480 ) (6144 4096 -480 ) (6144 4096 -512 ) (6656 4096 -512 ) 
4 86 89 (6144 4096 -512 ) (6144 4096 -480 ) (6144 4672 -480 ) (6144 4672 -512 ) 
4 87 151 (5120 4096 -480 ) (5120 4096 896 ) (5120 5120 896 ) (5120 5120 -480 ) 
4 87 93 (6144 4096 -480 ) (6144 4096 896 ) (5120 4096 896 ) (5120 4096 -480 ) 
4 87 89 (6144 4672 -480 ) (6144 4096 -480 ) (5120 4096 -480 ) (5120 4672 -480 ) 
4 87 88 (6144 5120 -480 ) (6144 4672 -480 ) (5120 4672 -480 ) (5120 5120 -480 ) 
4 88 154 (5120 4672 -768 ) (5120 4672 -480 ) (5120 5120 -480 ) (5120 5120 -768 ) 
4 88 89 (6144 4672 -480 ) (5120 4672 -480 ) (5120 4672 -512 ) (6144 4672 -512 ) 
4 89 155 (5120 4096 -512 ) (5120 4096 -480 ) (5120 4672 -480 ) (5120 4672 -512 ) 
4 89 94 (6144 4096 -512 ) (6144 4096 -480 ) (5120 4096 -480 ) (5120 4096 -512 ) 
4 90 102 (7168 3072 -480 ) (7168 3072 896 ) (6144 3072 896 ) (6144 3072 -480 ) 
4 90 93 (6144 4096 896 ) (6144 4096 -480 ) (6144 3072 -480 ) (6144 3072 896 ) 
4 90 92 (6144 4096 -480 ) (6656 4096 -480 ) (6656 3072 -480 ) (6144 3072 -480 ) 
4 90 91 (6656 4096 -480 ) (7168 4096 -480 ) (7168 3072 -480 ) (6656 3072 -480 ) 
4 91 103 (7168 3072 -512 ) (7168 3072 -480 ) (6656 3072 -480 ) (6656 3072 -512 ) 
4 91 92 (6656 4096 -512 ) (6656 3072 -512 ) (6656 3072 -480 ) (6656 4096 -480 ) 
4 92 104 (6656 3072 -480 ) (6144 3072 -480 ) (6144 3072 -512 ) (6656 3072 -512 ) 
4 92 94 (6144 4096 -480 ) (6144 4096 -512 ) (6144 3072 -512 ) (6144 3072 -480 ) 
4 93 159 (5120 3072 -480 ) (5120 3072 0 ) (5120 4096 0 ) (5120 4096 -480 ) 
4 93 158 (5120 3072 0 ) (5120 3072 896 ) (5120 4096 896 ) (5120 4096 0 ) 
4 93 105 (6144 3072 -480 ) (6144 3072 896 ) (5120 3072 896 ) (5120 3072 -480 ) 
4 93 94 (6144 4096 -480 ) (6144 3072 -480 ) (5120 3072 -480 ) (5120 4096 -480 ) 
4 94 161 (5120 3072 -512 ) (5120 3072 -480 ) (5120 4096 -480 ) (5120 4096 -512 ) 
4 94 106 (6144 3072 -512 ) (6144 3072 -480 ) (5120 3072 -480 ) (5120 3072 -512 ) 
4 95 97 (8192 3072 896 ) (8192 3072 0 ) (8192 2048 0 ) (8192 2048 896 ) 
4 95 96 (8704 2048 0 ) (8704 2048 896 ) (8192 2048 896 ) (8192 2048 0 ) 
4 96 99 (8192 2048 896 ) (8192 2048 0 ) (8192 1536 0 ) (8192 1536 896 ) 
4 97 99 (8192 2048 0 ) (8192 2048 896 ) (7680 2048 896 ) (7680 2048 0 ) 
4 97 98 (7680 3072 896 ) (7680 3072 0 ) (7680 2048 0 ) (7680 2048 896 ) 
4 98 103 (7168 3072 -480 ) (7168 3072 -512 ) (7168 2048 -512 ) (7168 2048 -480 ) 
4 98 102 (7168 3072 896 ) (7168 3072 -480 ) (7168 2048 -480 ) (7168 2048 896 ) 
4 98 101 (7680 2048 -512 ) (7680 2048 0 ) (7168 2048 0 ) (7168 2048 -512 ) 
4 98 100 (7680 2048 0 ) (7680 2048 896 ) (7168 2048 896 ) (7168 2048 0 ) 
4 99 100 (7680 2048 0 ) (7680 1536 0 ) (7680 1536 896 ) (7680 2048 896 ) 
4 100 113 (7680 1024 896 ) (7168 1024 896 ) (7168 1024 0 ) (7680 1024 0 ) 
4 100 107 (7168 1024 0 ) (7168 1024 896 ) (7168 2048 896 ) (7168 2048 0 ) 
4 100 101 (7168 1024 0 ) (7168 2048 0 ) (7680 2048 0 ) (7680 1024 0 ) 
4 101 113 (7680 1024 -512 ) (7680 1024 0 ) (7168 1024 0 ) (7168 1024 -512 ) 
4 101 108 (7168 1024 -512 ) (7168 1024 -480 ) (7168 2048 -480 ) (7168 2048 -512 ) 
4 101 107 (7168 1024 -480 ) (7168 1024 0 ) (7168 2048 0 ) (7168 2048 -480 ) 
4 102 107 (7168 2048 -480 ) (7168 2048 896 ) (6144 2048 896 ) (6144 2048 -480 ) 
4 102 105 (6144 3072 896 ) (6144 3072 -480 ) (6144 2048 -480 ) (6144 2048 896 ) 
4 102 104 (6656 2048 -480 ) (6144 2048 -480 ) (6144 3072 -480 ) (6656 3072 -480 ) 
4 102 103 (7168 2048 -480 ) (6656 2048 -480 ) (6656 3072 -480 ) (7168 3072 -480 ) 
4 103 108 (7168 2048 -512 ) (7168 2048 -480 ) (6656 2048 -480 ) (6656 2048 -512 ) 
4 103 104 (6656 3072 -512 ) (6656 2048 -512 ) (6656 2048 -480 ) (6656 3072 -480 ) 
4 104 109 (6656 2048 -480 ) (6144 2048 -480 ) (6144 2048 -512 ) (6656 2048 -512 ) 
4 104 106 (6144 3072 -480 ) (6144 3072 -512 ) (6144 2048 -512 ) (6144 2048 -480 ) 
4 105 175 (5120 2048 -480 ) (5120 2048 896 ) (5120 3072 896 ) (5120 3072 -480 ) 
4 105 110 (6144 2048 -480 ) (6144 2048 896 ) (5120 2048 896 ) (5120 2048 -480 ) 
4 105 106 (6144 3072 -480 ) (6144 2048 -480 ) (5120 2048 -480 ) (5120 3072 -480 ) 
4 106 177 (5120 2048 -512 ) (5120 2048 -480 ) (5120 3072 -480 ) (5120 3072 -512 ) 
4 106 112 (6144 2048 -512 ) (6144 2048 -480 ) (5120 2048 -480 ) (5120 2048 -512 ) 
4 107 116 (7168 1024 -480 ) (7168 1024 896 ) (6144 1024 896 ) (6144 1024 -480 ) 
4 107 110 (6144 2048 896 ) (6144 2048 -480 ) (6144 1024 -480 ) (6144 1024 896 ) 
4 107 109 (6144 2048 -480 ) (6656 2048 -480 ) (6656 1024 -480 ) (6144 1024 -480 ) 
4 107 108 (6656 2048 -480 ) (7168 2048 -480 ) (7168 1024 -480 ) (6656 1024 -480 ) 
4 108 117 (7168 1024 -512 ) (7168 1024 -480 ) (6656 1024 -480 ) (6656 1024 -512 ) 
4 108 109 (6656 2048 -512 ) (6656 1024 -512 ) (6656 1024 -480 ) (6656 2048 -480 ) 
4 109 119 (6656 1024 -480 ) (6144 1024 -480 ) (6144 1024 -512 ) (6656 1024 -512 ) 
4 109 112 (6144 2048 -480 ) (6144 2048 -512 ) (6144 1024 -512 ) (6144 1024 -480 ) 
4 110 180 (5120 1024 -480 ) (5120 1024 896 ) (5120 2048 896 ) (5120 2048 -480 ) 
4 110 121 (6144 1024 -480 ) (6144 1024 896 ) (5120 1024 896 ) (5120 1024 -480 ) 
3 110 112 (6144 2048 -480 ) (6144 1024 -480 ) (5120 2048 -480 ) 
3 110 111 (6144 1024 -480 ) (5120 1024 -480 ) (5120 2048 -480 ) 
4 111 181 (5120 1024 -512 ) (5120 1024 -480 ) (5120 2048 -480 ) (5120 2048 -512 ) 
4 111 122 (6144 1024 -512 ) (6144 1024 -480 ) (5120 1024 -480 ) (5120 1024 -512 ) 
4 111 112 (6144 1024 -512 ) (5120 2048 -512 ) (5120 2047.996094 -480 ) (6144 1023.996094 -480 ) 
4 113 117 (7168 1024 -480 ) (7168 1024 -512 ) (7168 0 -512 ) (7168 0 -480 ) 
4 113 116 (7168 1024 896 ) (7168 1024 -480 ) (7168 0 -480 ) (7168 0 896 ) 
4 113 115 (7680 0 -512 ) (7680 0 0 ) (7168 0 0 ) (7168 0 -512 ) 
4 113 114 (7680 0 0 ) (7680 0 896 ) (7168 0 896 ) (7168 0 0 ) 
4 114 124 (7168 -512 0 ) (7168 -512 896 ) (7168 0 896 ) (7168 0 0 ) 
4 114 115 (7680 -512 0 ) (7168 -512 0 ) (7168 0 0 ) (7680 0 0 ) 
4 115 124 (7168 -512 -512 ) (7168 -512 0 ) (7168 0 0 ) (7168 0 -512 ) 
4 116 124 (7168 0 -480 ) (7168 0 896 ) (6144 0 896 ) (6144 0 -480 ) 
4 116 121 (6144 1024 896 ) (6144 1024 -480 ) (6144 0 -480 ) (6144 0 896 ) 
3 116 119 (6144 1024 -480 ) (6656 1024 -480 ) (6656 512 -480 ) 
3 116 118 (6144 512 -480 ) (6144 1024 -480 ) (6656 512 -480 ) 
4 116 120 (6656 0 -480 ) (6144 0 -480 ) (6144 512 -480 ) (6656 512 -480 ) 
4 116 117 (7168 0 -480 ) (6656 0 -480 ) (6656 1024 -480 ) (7168 1024 -480 ) 
4 117 124 (7168 0 -512 ) (7168 0 -480 ) (6656 0 -480 ) (6656 0 -512 ) 
4 117 119 (6656 1024 -512 ) (6656 512 -512 ) (6656 512 -480 ) (6656 1024 -480 ) 
4 117 120 (6656 512 -512 ) (6656 0 -512 ) (6656 0 -480 ) (6656 512 -480 ) 
4 118 122 (6144 1024 -480 ) (6144 1024 -512 ) (6144 512 -512 ) (6144 512 -480 ) 
4 118 120 (6144 512 -512 ) (6656 512 -512 ) (6656 512 -480 ) (6144 512 -480 ) 
4 118 119 (6655.998047 512 -480 ) (6655.998047 512 -512 ) (6143.998047 1024 -512 ) (6143.996094 1024 -480 ) 
4 120 124 (6656 0 -480 ) (6144 0 -480 ) (6144 0 -512 ) (6656 0 -512 ) 
4 120 123 (6144 512 -512 ) (6144 0 -512 ) (6144 0 -480 ) (6144 512 -480 ) 
4 121 195 (5120 0 -480 ) (5120 0 896 ) (5120 1024 896 ) (5120 1024 -480 ) 
4 121 127 (5632 0 0 ) (5120 0 0 ) (5120 0 -480 ) (5632 0 -480 ) 
4 121 126 (6144 0 -480 ) (6144 0 0 ) (5632 0 0 ) (5632 0 -480 ) 
4 121 125 (6144 0 0 ) (6144 0 896 ) (5120 0 896 ) (5120 0 0 ) 
4 121 123 (6144 512 -480 ) (6144 0 -480 ) (5120 0 -480 ) (5120 512 -480 ) 
4 121 122 (6144 1024 -480 ) (6144 512 -480 ) (5120 512 -480 ) (5120 1024 -480 ) 
4 122 196 (5120 512 -480 ) (5120 1024 -480 ) (5120 1024 -512 ) (5120 512 -512 ) 
4 122 123 (5120 512 -512 ) (6144 512 -512 ) (6144 512 -480 ) (5120 512 -480 ) 
4 123 197 (5120 0 -512 ) (5120 0 -480 ) (5120 512 -480 ) (5120 512 -512 ) 
4 123 127 (5632 0 -480 ) (5120 0 -480 ) (5120 0 -512 ) (5632 0 -512 ) 
4 123 126 (6144 0 -512 ) (6144 0 -480 ) (5632 0 -480 ) (5632 0 -512 ) 
4 124 126 (6144 0 0 ) (6144 0 -512 ) (6144 -512 -512 ) (6144 -512 0 ) 
4 124 125 (6144 0 896 ) (6144 0 0 ) (6144 -512 0 ) (6144 -512 896 ) 
4 125 198 (5120 -512 0 ) (5120 -512 896 ) (5120 0 896 ) (5120 0 0 ) 
4 125 128 (5632 -512 896 ) (5120 -512 896 ) (5120 -512 0 ) (5632 -512 0 ) 
4 125 127 (5120 -256 0 ) (5120 0 0 ) (5632 0 0 ) (5632 -256 0 ) 
4 125 126 (6144 -512 0 ) (5632 -512 0 ) (5632 0 0 ) (6144 0 0 ) 
4 126 127 (5632 -256 0 ) (5632 0 0 ) (5632 0 -512 ) (5632 -256 -512 ) 
4 127 199 (5120 -256 0 ) (5120 0 0 ) (5120 0 -512 ) (5120 -256 -512 ) 
4 128 224 (5632 -1024 896 ) (5120 -1024 896 ) (5120 -1024 0 ) (5632 -1024 0 ) 
4 128 198 (5120 -1024 0 ) (5120 -1024 896 ) (5120 -512 896 ) (5120 -512 0 ) 
4 129 152 (4352 5120 896 ) (4096 5120 896 ) (4096 5120 -456 ) (4352 5120 -456 ) 
4 129 151 (5120 5120 -456 ) (5120 5120 896 ) (4352 5120 896 ) (4352 5120 -456 ) 
4 129 146 (4096 6144 8 ) (4096 6144 -456 ) (4096 5120 -456 ) (4096 5120 8 ) 
4 129 142 (4096 5972 8 ) (4096 5948 8 ) (4096 5948 56 ) (4096 5972 56 ) 
4 129 141 (4096 5948 56 ) (4096 5948 896 ) (4096 5972 896 ) (4096 5972 56 ) 
4 129 140 (4096 6144 896 ) (4096 6144 8 ) (4096 5972 8 ) (4096 5972 896 ) 
4 129 144 (4096 5948 8 ) (4096 5120 8 ) (4096 5120 896 ) (4096 5948 896 ) 
4 129 131 (4720 6144 -456 ) (4744 6144 -456 ) (4744 5856 -456 ) (4720 5872 -456 ) 
4 129 132 (4744 5568 -456 ) (4744 5120 -456 ) (4720 5120 -456 ) (4720 5568 -456 ) 
4 129 130 (4744 6144 -456 ) (5120 6144 -456 ) (5120 5120 -456 ) (4744 5120 -456 ) 
4 129 133 (4096 5120 -456 ) (4096 6144 -456 ) (4720 6144 -456 ) (4720 5120 -456 ) 
4 130 151 (5120 5120 -480 ) (5120 5120 -456 ) (4744 5120 -456 ) (4744 5120 -480 ) 
4 130 134 (5120 5120 -480 ) (4744 5120 -480 ) (4744 6144 -480 ) (5120 6144 -480 ) 
4 130 131 (4744 6144 -480 ) (4744 5856 -480 ) (4744 5856 -456 ) (4744 6144 -456 ) 
4 130 132 (4744 5568 -480 ) (4744 5120 -480 ) (4744 5120 -456 ) (4744 5568 -456 ) 
4 131 135 (4720 5872 -480 ) (4720 6144 -480 ) (4744 6144 -480 ) (4744 5856 -480 ) 
4 131 133 (4720 6144 -480 ) (4720 5872 -480 ) (4720 5872 -456 ) (4720 6144 -456 ) 
4 132 151 (4744 5120 -456 ) (4720 5120 -456 ) (4720 5120 -480 ) (4744 5120 -480 ) 
4 132 137 (4744 5120 -480 ) (4720 5120 -480 ) (4720 5568 -480 ) (4744 5568 -480 ) 
4 132 133 (4720 5568 -480 ) (4720 5120 -480 ) (4720 5120 -456 ) (4720 5568 -456 ) 
4 133 152 (4352 5120 -456 ) (4096 5120 -456 ) (4096 5120 -480 ) (4352 5120 -480 ) 
4 133 151 (4720 5120 -456 ) (4352 5120 -456 ) (4352 5120 -480 ) (4720 5120 -480 ) 
4 133 146 (4096 6144 -456 ) (4096 6144 -480 ) (4096 5120 -480 ) (4096 5120 -456 ) 
4 133 139 (4608 5120 -480 ) (4096 5120 -480 ) (4096 6144 -480 ) (4608 6144 -480 ) 
4 133 138 (4720 5120 -480 ) (4608 5120 -480 ) (4608 6144 -480 ) (4720 6144 -480 ) 
4 134 154 (5120 5120 -768 ) (5120 5120 -480 ) (4744 5120 -480 ) (4744 5120 -768 ) 
4 134 135 (4744 5856 -480 ) (4744 6144 -480 ) (4744 6144 -704 ) (4744 5856 -704 ) 
4 134 136 (4744 6144 -768 ) (4744 5568 -768 ) (4744 5568 -704 ) (4744 6144 -704 ) 
4 134 137 (4744 5568 -768 ) (4744 5120 -768 ) (4744 5120 -480 ) (4744 5568 -480 ) 
4 135 136 (4720 5872 -704 ) (4720 6144 -704 ) (4744 6144 -704 ) (4744 5856 -704 ) 
4 135 138 (4720 5872 -480 ) (4720 6144 -480 ) (4720 6144 -704 ) (4720 5872 -704 ) 
4 136 137 (4720 5568 -704 ) (4720 5568 -768 ) (4744 5568 -768 ) (4744 5568 -704 ) 
4 136 138 (4720 6144 -768 ) (4720 5568 -768 ) (4720 5568 -704 ) (4720 6144 -704 ) 
4 137 154 (4744 5120 -480 ) (4720 5120 -480 ) (4720 5120 -768 ) (4744 5120 -768 ) 
4 137 138 (4720 5568 -768 ) (4720 5120 -768 ) (4720 5120 -480 ) (4720 5568 -480 ) 
4 138 154 (4720 5120 -480 ) (4608 5120 -480 ) (4608 5120 -768 ) (4720 5120 -768 ) 
4 138 139 (4608 5120 -512 ) (4608 5120 -480 ) (4608 6144 -480 ) (4608 6144 -512 ) 
4 139 156 (4608 5120 -480 ) (4096 5120 -480 ) (4096 5120 -512 ) (4608 5120 -512 ) 
4 139 146 (4096 6144 -480 ) (4096 6144 -512 ) (4096 5120 -512 ) (4096 5120 -480 ) 
4 140 146 (3929 6144 8 ) (4096 6144 8 ) (4096 5972 8 ) (3929 5972 8 ) 
4 140 143 (3929 5972 56 ) (3929 5972 8 ) (3930 5972 8 ) (3930 5972 56 ) 
4 140 142 (3930 5972 8 ) (4096 5972 8 ) (4096 5972 56 ) (3930 5972 56 ) 
4 140 141 (3929 5972 896 ) (3929 5972 56 ) (4096 5972 56 ) (4096 5972 896 ) 
4 140 145 (3929 6144 8 ) (3929 5972 8 ) (3929 5972 896 ) (3929 6144 896 ) 
4 141 143 (3930 5948 56 ) (3929 5948 56 ) (3929 5972 56 ) (3930 5972 56 ) 
4 141 142 (4096 5948 56 ) (3930 5948 56 ) (3930 5972 56 ) (4096 5972 56 ) 
4 141 145 (3929 5948 56 ) (3929 5948 896 ) (3929 5972 896 ) (3929 5972 56 ) 
4 141 144 (3929 5948 896 ) (3929 5948 56 ) (4096 5948 56 ) (4096 5948 896 ) 
4 142 146 (4096 5972 8 ) (4096 5948 8 ) (3930 5948 8 ) (3930 5972 8 ) 
4 142 144 (3930 5948 8 ) (4096 5948 8 ) (4096 5948 56 ) (3930 5948 56 ) 
4 142 143 (3930 5948 8 ) (3930 5948 56 ) (3930 5972 56 ) (3930 5972 8 ) 
4 143 146 (3930 5948 8 ) (3929 5948 8 ) (3929 5972 8 ) (3930 5972 8 ) 
4 143 144 (3929 5948 56 ) (3929 5948 8 ) (3930 5948 8 ) (3930 5948 56 ) 
4 143 145 (3929 5972 8 ) (3929 5948 8 ) (3929 5948 56 ) (3929 5972 56 ) 
4 144 164 (4096 5120 8 ) (4096 5120 896 ) (3929 5120 896 ) (3929 5120 8 ) 
4 144 146 (4096 5948 8 ) (4096 5120 8 ) (3929 5120 8 ) (3929 5948 8 ) 
4 144 145 (3929 5948 8 ) (3929 5120 8 ) (3929 5120 896 ) (3929 5948 896 ) 
4 145 164 (3929 5120 896 ) (3584 5120 896 ) (3584 5120 8 ) (3929 5120 8 ) 
4 145 148 (3584 5632 8 ) (3584 5120 8 ) (3584 5120 896 ) (3584 5632 896 ) 
4 145 147 (3584 6144 896 ) (3584 6144 8 ) (3584 5632 8 ) (3584 5632 896 ) 
4 145 146 (3584 5120 8 ) (3584 6144 8 ) (3929 6144 8 ) (3929 5120 8 ) 
4 146 164 (4096 5120 -512 ) (4096 5120 8 ) (3584 5120 8 ) (3584 5120 -512 ) 
4 146 148 (3584 5120 0 ) (3584 5120 8 ) (3584 5632 8 ) (3584 5632 0 ) 
4 146 147 (3584 6144 8 ) (3584 6144 -224 ) (3584 5632 -224 ) (3584 5632 8 ) 
4 147 149 (3072 5632 -224 ) (3072 5632 896 ) (3072 6144 896 ) (3072 6144 -224 ) 
4 147 148 (3072 5632 896 ) (3072 5632 0 ) (3584 5632 0 ) (3584 5632 896 ) 
4 148 166 (3584 5120 0 ) (3584 5120 896 ) (3072 5120 896 ) (3072 5120 0 ) 
4 148 150 (3072 5120 0 ) (3072 5120 896 ) (3072 5632 896 ) (3072 5632 0 ) 
4 149 150 (2560 5632 896 ) (2560 5632 0 ) (3072 5632 0 ) (3072 5632 896 ) 
4 150 167 (3072 5120 0 ) (3072 5120 896 ) (2560 5120 896 ) (2560 5120 0 ) 
4 151 159 (5120 4096 -480 ) (5120 4096 0 ) (4352 4096 0 ) (4352 4096 -480 ) 
4 151 158 (5120 4096 0 ) (5120 4096 896 ) (4352 4096 896 ) (4352 4096 0 ) 
4 151 157 (4608 4608 -480 ) (4608 4096 -480 ) (4352 4096 -480 ) (4352 4608 -480 ) 
4 151 156 (4352 5120 -480 ) (4608 5120 -480 ) (4608 4608 -480 ) (4352 4608 -480 ) 
4 151 155 (5120 4672 -480 ) (5120 4096 -480 ) (4608 4096 -480 ) (4608 4672 -480 ) 
4 151 154 (4608 5120 -480 ) (5120 5120 -480 ) (5120 4672 -480 ) (4608 4672 -480 ) 
4 151 153 (4352 4096 0 ) (4352 4096 896 ) (4352 4608 896 ) (4352 4608 0 ) 
4 151 152 (4352 5120 -480 ) (4352 4608 -480 ) (4352 4608 896 ) (4352 5120 896 ) 
4 152 164 (4096 5120 896 ) (4096 5120 -480 ) (4096 4608 -480 ) (4096 4608 896 ) 
4 152 156 (4096 4608 -480 ) (4096 5120 -480 ) (4352 5120 -480 ) (4352 4608 -480 ) 
4 152 153 (4352 4608 0 ) (4352 4608 896 ) (4096 4608 896 ) (4096 4608 0 ) 
4 153 165 (4096 4096 0 ) (4096 4096 896 ) (4096 4608 896 ) (4096 4608 0 ) 
4 153 158 (4352 4096 896 ) (4096 4096 896 ) (4096 4096 0 ) (4352 4096 0 ) 
4 154 156 (4608 4672 -512 ) (4608 4672 -480 ) (4608 5120 -480 ) (4608 5120 -512 ) 
4 154 155 (4608 4672 -480 ) (4608 4672 -512 ) (5120 4672 -512 ) (5120 4672 -480 ) 
4 155 161 (5120 4096 -512 ) (5120 4096 -480 ) (4608 4096 -480 ) (4608 4096 -512 ) 
4 155 157 (4608 4096 -512 ) (4608 4096 -480 ) (4608 4608 -480 ) (4608 4608 -512 ) 
4 155 156 (4608 4608 -480 ) (4608 4672 -480 ) (4608 4672 -512 ) (4608 4608 -512 ) 
4 156 164 (4096 5120 -480 ) (4096 5120 -512 ) (4096 4608 -512 ) (4096 4608 -480 ) 
4 156 157 (4608 4608 -512 ) (4608 4608 -480 ) (4352 4608 -480 ) (4352 4608 -512 ) 
4 157 162 (4608 4096 -512 ) (4608 4096 -480 ) (4352 4096 -480 ) (4352 4096 -512 ) 
4 158 175 (5120 3072 0 ) (5120 3072 896 ) (4096 3072 896 ) (4096 3072 0 ) 
4 158 170 (4096 3072 0 ) (4096 3072 896 ) (4096 3584 896 ) (4096 3584 0 ) 
4 158 169 (4096 3584 896 ) (4096 4096 896 ) (4096 4096 0 ) (4096 3584 0 ) 
4 158 160 (4352 3072 0 ) (4096 3072 0 ) (4096 3584 0 ) (4352 3584 0 ) 
4 158 159 (5120 3072 0 ) (4352 3072 0 ) (4352 4096 0 ) (5120 4096 0 ) 
4 159 175 (5120 3072 -480 ) (5120 3072 0 ) (4352 3072 0 ) (4352 3072 -480 ) 
4 159 162 (4352 4096 -480 ) (4608 4096 -480 ) (4608 3072 -480 ) (4352 3072 -480 ) 
4 159 161 (4608 4096 -480 ) (5120 4096 -480 ) (5120 3072 -480 ) (4608 3072 -480 ) 
4 159 160 (4352 3584 -480 ) (4352 3072 -480 ) (4352 3072 0 ) (4352 3584 0 ) 
4 160 175 (4352 3072 0 ) (4096 3072 0 ) (4096 3072 -480 ) (4352 3072 -480 ) 
4 160 170 (4096 3072 -480 ) (4096 3072 0 ) (4096 3584 0 ) (4096 3584 -480 ) 
4 160 163 (4096 3072 -480 ) (4096 3584 -480 ) (4352 3584 -480 ) (4352 3072 -480 ) 
4 161 177 (5120 3072 -512 ) (5120 3072 -480 ) (4608 3072 -480 ) (4608 3072 -512 ) 
4 161 162 (4608 3072 -512 ) (4608 3072 -480 ) (4608 4096 -480 ) (4608 4096 -512 ) 
4 162 178 (4608 3072 -512 ) (4608 3072 -480 ) (4352 3072 -480 ) (4352 3072 -512 ) 
4 162 163 (4352 3072 -480 ) (4352 3584 -480 ) (4352 3584 -512 ) (4352 3072 -512 ) 
4 163 178 (4352 3072 -512 ) (4352 3072 -480 ) (4096 3072 -480 ) (4096 3072 -512 ) 
4 163 170 (4096 3072 -512 ) (4096 3072 -480 ) (4096 3584 -480 ) (4096 3584 -512 ) 
4 164 166 (3584 4608 0 ) (3584 4608 896 ) (3584 5120 896 ) (3584 5120 0 ) 
4 164 165 (3584 4608 896 ) (3584 4608 0 ) (4096 4608 0 ) (4096 4608 896 ) 
4 165 169 (4096 4096 0 ) (4096 4096 896 ) (3584 4096 896 ) (3584 4096 0 ) 
4 165 166 (3584 4096 0 ) (3584 4096 896 ) (3584 4608 896 ) (3584 4608 0 ) 
4 166 169 (3584 4096 0 ) (3584 4096 896 ) (3072 4096 896 ) (3072 4096 0 ) 
4 166 167 (3072 5120 896 ) (3072 5120 0 ) (3072 4096 0 ) (3072 4096 896 ) 
4 167 171 (3072 4096 0 ) (3072 4096 896 ) (2560 4096 896 ) (2560 4096 0 ) 
4 167 168 (2560 4096 0 ) (2560 4096 896 ) (2560 4608 896 ) (2560 4608 0 ) 
4 168 173 (2048 4096 -512 ) (2048 4096 896 ) (2048 4608 896 ) (2048 4608 -512 ) 
4 168 172 (2560 4096 -512 ) (2560 4096 896 ) (2048 4096 896 ) (2048 4096 -512 ) 
4 169 171 (3072 4096 896 ) (3072 4096 0 ) (3072 3584 0 ) (3072 3584 896 ) 
4 169 170 (4096 3584 0 ) (4096 3584 896 ) (3072 3584 896 ) (3072 3584 0 ) 
4 170 183 (4096 3072 -512 ) (4096 3072 -480 ) (3072 3072 -480 ) (3072 3072 -512 ) 
4 170 182 (4096 3072 -480 ) (4096 3072 896 ) (3072 3072 896 ) (3072 3072 -480 ) 
4 170 171 (3072 3072 0 ) (3072 3072 896 ) (3072 3584 896 ) (3072 3584 0 ) 
4 171 185 (3072 3072 0 ) (3072 3072 896 ) (2560 3072 896 ) (2560 3072 0 ) 
4 171 172 (2560 3072 0 ) (2560 3072 896 ) (2560 4096 896 ) (2560 4096 0 ) 
4 172 189 (2560 3072 -512 ) (2560 3072 -480 ) (2048 3072 -480 ) (2048 3072 -512 ) 
4 172 187 (2560 3072 -480 ) (2560 3072 896 ) (2048 3072 896 ) (2048 3072 -480 ) 
4 172 174 (2048 3072 -512 ) (2048 3072 896 ) (2048 4096 896 ) (2048 4096 -512 ) 
4 173 174 (2048 4096 -512 ) (2048 4096 896 ) (1536 4096 896 ) (1536 4096 -512 ) 
4 174 216 (2048 3072 -512 ) (2048 3072 -480 ) (1536 3072 -480 ) (1536 3072 -512 ) 
4 174 215 (2048 3072 -480 ) (2048 3072 896 ) (1536 3072 896 ) (1536 3072 -480 ) 
4 175 182 (4096 3072 896 ) (4096 3072 -480 ) (4096 2048 -480 ) (4096 2048 896 ) 
4 175 180 (5120 2048 -480 ) (5120 2048 896 ) (4096 2048 896 ) (4096 2048 -480 ) 
4 175 179 (4096 2048 -480 ) (4096 2560 -480 ) (4608 2560 -480 ) (4608 2048 -480 ) 
4 175 178 (4096 2560 -480 ) (4096 3072 -480 ) (4608 3072 -480 ) (4608 2560 -480 ) 
4 175 177 (4608 3072 -480 ) (5120 3072 -480 ) (5120 2048 -480 ) (4608 2560 -480 ) 
3 175 176 (5120 2048 -480 ) (4608 2048 -480 ) (4608 2560 -480 ) 
4 176 181 (5120 2048 -512 ) (5120 2048 -480 ) (4608 2048 -480 ) (4608 2048 -512 ) 
4 176 179 (4608 2560 -512 ) (4608 2048 -512 ) (4608 2048 -480 ) (4608 2560 -480 ) 
4 176 177 (5120 2048 -512 ) (4608 2560 -512 ) (4608 2560 -480 ) (5120 2048 -480 ) 
4 177 178 (4608 3072 -512 ) (4608 2560 -512 ) (4608 2560 -480 ) (4608 3072 -480 ) 
4 178 183 (4096 3072 -480 ) (4096 3072 -512 ) (4096 2560 -512 ) (4096 2560 -480 ) 
4 178 179 (4096 2560 -512 ) (4608 2560 -512 ) (4608 2560 -480 ) (4096 2560 -480 ) 
4 179 184 (4096 2560 -512 ) (4096 2048 -512 ) (4096 2048 -480 ) (4096 2560 -480 ) 
4 179 181 (4608 2048 -480 ) (4096 2048 -480 ) (4096 2048 -512 ) (4608 2048 -512 ) 
4 180 195 (5120 1024 -480 ) (5120 1024 896 ) (4096 1024 896 ) (4096 1024 -480 ) 
4 180 191 (4096 1024 -480 ) (4096 1024 896 ) (4096 2048 896 ) (4096 2048 -480 ) 
4 180 181 (4096 1024 -480 ) (4096 2048 -480 ) (5120 2048 -480 ) (5120 1024 -480 ) 
4 181 196 (5120 1024 -512 ) (5120 1024 -480 ) (4096 1024 -480 ) (4096 1024 -512 ) 
4 181 192 (4096 1024 -512 ) (4096 1024 -480 ) (4096 2048 -480 ) (4096 2048 -512 ) 
4 182 191 (4096 2048 -480 ) (4096 2048 896 ) (3072 2048 896 ) (3072 2048 -480 ) 
4 182 185 (3072 3072 896 ) (3072 3072 0 ) (3072 2816 0 ) (3072 2816 896 ) 
4 182 186 (3072 2816 -480 ) (3072 2048 -480 ) (3072 2048 896 ) (3072 2816 896 ) 
4 182 184 (4096 2048 -480 ) (3072 2048 -480 ) (3072 2560 -480 ) (4096 2560 -480 ) 
4 182 183 (3072 2560 -480 ) (3072 3072 -480 ) (4096 3072 -480 ) (4096 2560 -480 ) 
4 183 188 (3072 2816 -512 ) (3072 2560 -512 ) (3072 2560 -480 ) (3072 2816 -480 ) 
4 183 184 (3072 2560 -512 ) (4096 2560 -512 ) (4096 2560 -480 ) (3072 2560 -480 ) 
4 184 192 (4096 2048 -512 ) (4096 2048 -480 ) (3072 2048 -480 ) (3072 2048 -512 ) 
4 184 190 (3072 2560 -512 ) (3072 2048 -512 ) (3072 2048 -480 ) (3072 2560 -480 ) 
4 185 187 (2560 3072 896 ) (2560 3072 0 ) (2560 2816 0 ) (2560 2816 896 ) 
4 185 186 (3072 2816 896 ) (2560 2816 896 ) (2560 2816 0 ) (3072 2816 0 ) 
4 186 193 (3072 2048 -480 ) (3072 2048 896 ) (2560 2048 896 ) (2560 2048 -480 ) 
4 186 190 (3072 2560 -480 ) (3072 2048 -480 ) (2560 2048 -480 ) (2560 2560 -480 ) 
4 186 188 (3072 2816 -480 ) (3072 2560 -480 ) (2560 2560 -480 ) (2560 2816 -480 ) 
4 186 187 (2560 2816 -480 ) (2560 2048 -480 ) (2560 2048 896 ) (2560 2816 896 ) 
4 187 215 (2048 3072 896 ) (2048 3072 -480 ) (2048 2048 -480 ) (2048 2048 896 ) 
4 187 193 (2048 2048 896 ) (2048 2048 -480 ) (2560 2048 -480 ) (2560 2048 896 ) 
4 187 190 (2560 2560 -480 ) (2560 2048 -480 ) (2048 2048 -480 ) (2048 2560 -480 ) 
4 187 189 (2048 3072 -480 ) (2560 3072 -480 ) (2560 2560 -480 ) (2048 2560 -480 ) 
4 188 190 (3072 2560 -480 ) (2560 2560 -480 ) (2560 2560 -512 ) (3072 2560 -512 ) 
4 188 189 (2560 2560 -512 ) (2560 2560 -480 ) (2560 2816 -480 ) (2560 2816 -512 ) 
4 189 216 (2048 3072 -480 ) (2048 3072 -512 ) (2048 2560 -512 ) (2048 2560 -480 ) 
4 189 190 (2560 2560 -480 ) (2048 2560 -480 ) (2048 2560 -512 ) (2560 2560 -512 ) 
4 190 217 (2048 2048 -512 ) (2048 2048 -480 ) (2048 2560 -480 ) (2048 2560 -512 ) 
4 190 194 (3072 2048 -512 ) (3072 2048 -480 ) (2048 2048 -480 ) (2048 2048 -512 ) 
4 191 200 (4096 1024 -480 ) (4096 1024 896 ) (3072 1024 896 ) (3072 1024 -480 ) 
4 191 193 (3072 2048 896 ) (3072 2048 -480 ) (3072 1024 -480 ) (3072 1024 896 ) 
4 191 192 (3072 2048 -480 ) (4096 2048 -480 ) (4096 1024 -480 ) (3072 1024 -480 ) 
4 192 201 (4096 1024 -512 ) (4096 1024 -480 ) (3072 1024 -480 ) (3072 1024 -512 ) 
4 192 194 (3072 2048 -480 ) (3072 2048 -512 ) (3072 1024 -512 ) (3072 1024 -480 ) 
4 193 218 (2048 1024 -480 ) (2048 1024 896 ) (2048 2048 896 ) (2048 2048 -480 ) 
4 193 205 (2560 1024 896 ) (2048 1024 896 ) (2048 1024 -480 ) (2560 1024 -480 ) 
4 193 203 (3072 1024 -480 ) (3072 1024 896 ) (2560 1024 896 ) (2560 1024 -480 ) 
4 193 194 (3072 2048 -480 ) (3072 1024 -480 ) (2048 1024 -480 ) (2048 2048 -480 ) 
4 194 219 (2048 1024 -512 ) (2048 1024 -480 ) (2048 2048 -480 ) (2048 2048 -512 ) 
4 194 206 (3072 1024 -512 ) (3072 1024 -480 ) (2048 1024 -480 ) (2048 1024 -512 ) 
4 195 200 (4096 1024 896 ) (4096 1024 -480 ) (4096 0 -480 ) (4096 0 896 ) 
4 195 199 (5120 0 -480 ) (5120 0 0 ) (4096 0 0 ) (4096 0 -480 ) 
4 195 198 (5120 0 0 ) (5120 0 896 ) (4096 0 896 ) (4096 0 0 ) 
4 195 197 (4096 0 -480 ) (4096 512 -480 ) (5120 512 -480 ) (5120 0 -480 ) 
4 195 196 (4096 512 -480 ) (4096 1024 -480 ) (5120 1024 -480 ) (5120 512 -480 ) 
4 196 201 (4096 1024 -480 ) (4096 1024 -512 ) (4096 512 -512 ) (4096 512 -480 ) 
4 196 197 (4096 512 -512 ) (5120 512 -512 ) (5120 512 -480 ) (4096 512 -480 ) 
4 197 202 (4096 512 -512 ) (4096 0 -512 ) (4096 0 -480 ) (4096 512 -480 ) 
4 197 199 (5120 0 -512 ) (5120 0 -480 ) (4096 0 -480 ) (4096 0 -512 ) 
4 198 231 (5120 -1024 0 ) (5120 -1024 896 ) (4096 -1024 896 ) (4096 -1024 0 ) 
4 198 211 (4096 -1024 0 ) (4096 -1024 896 ) (4096 -768 896 ) (4096 -768 0 ) 
4 198 210 (4096 -768 896 ) (4096 -256 896 ) (4096 -256 0 ) (4096 -768 0 ) 
4 198 209 (4096 -256 896 ) (4096 0 896 ) (4096 0 0 ) (4096 -256 0 ) 
4 198 199 (4096 -256 0 ) (4096 0 0 ) (5120 0 0 ) (5120 -256 0 ) 
4 199 209 (4096 -256 -512 ) (4096 -256 0 ) (4096 0 0 ) (4096 0 -512 ) 
4 200 209 (4096 0 -480 ) (4096 0 896 ) (3072 0 896 ) (3072 0 -480 ) 
4 200 204 (3072 0 0 ) (3072 0 896 ) (3072 256 896 ) (3072 256 0 ) 
4 200 203 (3072 1024 896 ) (3072 1024 -480 ) (3072 256 -480 ) (3072 256 896 ) 
4 200 202 (4096 0 -480 ) (3072 0 -480 ) (3072 512 -480 ) (4096 512 -480 ) 
4 200 201 (3072 512 -480 ) (3072 1024 -480 ) (4096 1024 -480 ) (4096 512 -480 ) 
4 201 206 (3072 1024 -480 ) (3072 1024 -512 ) (3072 512 -512 ) (3072 512 -480 ) 
4 201 202 (3072 512 -512 ) (4096 512 -512 ) (4096 512 -480 ) (3072 512 -480 ) 
4 202 209 (4096 0 -512 ) (4096 0 -480 ) (3072 0 -480 ) (3072 0 -512 ) 
4 202 207 (3072 512 -512 ) (3072 256 -512 ) (3072 256 -480 ) (3072 512 -480 ) 
4 203 207 (3072 512 -480 ) (3072 256 -480 ) (2560 256 -480 ) (2560 512 -480 ) 
4 203 206 (3072 1024 -480 ) (3072 512 -480 ) (2560 512 -480 ) (2560 1024 -480 ) 
4 203 205 (2560 1024 896 ) (2560 1024 -480 ) (2560 256 -480 ) (2560 256 896 ) 
4 203 204 (3072 256 896 ) (2560 256 896 ) (2560 256 0 ) (3072 256 0 ) 
4 204 212 (3072 0 0 ) (3072 0 896 ) (2560 0 896 ) (2560 0 0 ) 
4 204 205 (2560 0 0 ) (2560 0 896 ) (2560 256 896 ) (2560 256 0 ) 
4 205 220 (2048 0 -480 ) (2048 0 896 ) (2048 1024 896 ) (2048 1024 -480 ) 
4 205 214 (2048 0 896 ) (2048 0 -480 ) (2560 0 -480 ) (2560 0 896 ) 
4 205 208 (2560 0 -480 ) (2048 0 -480 ) (2048 512 -480 ) (2560 512 -480 ) 
4 205 206 (2048 512 -480 ) (2048 1024 -480 ) (2560 1024 -480 ) (2560 512 -480 ) 
4 206 221 (2048 512 -512 ) (2048 512 -480 ) (2048 1024 -480 ) (2048 1024 -512 ) 
4 206 208 (2560 512 -480 ) (2048 512 -480 ) (2048 512 -512 ) (2560 512 -512 ) 
4 206 207 (3072 512 -480 ) (2560 512 -480 ) (2560 512 -512 ) (3072 512 -512 ) 
4 207 208 (2560 512 -480 ) (2560 512 -512 ) (2560 256 -512 ) (2560 256 -480 ) 
4 208 222 (2048 0 -512 ) (2048 0 -480 ) (2048 512 -480 ) (2048 512 -512 ) 
4 208 214 (2560 0 -512 ) (2560 0 -480 ) (2048 0 -480 ) (2048 0 -512 ) 
4 209 212 (3072 0 896 ) (3072 0 0 ) (3072 -256 0 ) (3072 -256 896 ) 
4 209 210 (4096 -256 0 ) (4096 -256 896 ) (3072 -256 896 ) (3072 -256 0 ) 
4 210 212 (3072 -768 0 ) (3072 -768 896 ) (3072 -256 896 ) (3072 -256 0 ) 
4 210 211 (3072 -768 896 ) (3072 -768 0 ) (4096 -768 0 ) (4096 -768 896 ) 
4 211 232 (4096 -1024 -512 ) (4096 -1024 896 ) (3072 -1024 896 ) (3072 -1024 -512 ) 
4 211 213 (3072 -1024 -512 ) (3072 -1024 0 ) (3072 -768 0 ) (3072 -768 -512 ) 
4 211 212 (3072 -1024 0 ) (3072 -1024 896 ) (3072 -768 896 ) (3072 -768 0 ) 
4 212 233 (3072 -1024 0 ) (3072 -1024 896 ) (2560 -1024 896 ) (2560 -1024 0 ) 
4 212 214 (2560 -1024 0 ) (2560 -1024 896 ) (2560 0 896 ) (2560 0 0 ) 
4 212 213 (3072 -1024 0 ) (2560 -1024 0 ) (2560 -768 0 ) (3072 -768 0 ) 
4 213 233 (3072 -1024 -512 ) (3072 -1024 0 ) (2560 -1024 0 ) (2560 -1024 -512 ) 
4 213 214 (2560 -1024 -512 ) (2560 -1024 0 ) (2560 -768 0 ) (2560 -768 -512 ) 
4 214 233 (2560 -1024 -512 ) (2560 -1024 896 ) (2048 -1024 896 ) (2048 -1024 -512 ) 
4 214 223 (2048 -1024 -512 ) (2048 -1024 896 ) (2048 0 896 ) (2048 0 -512 ) 
4 215 218 (2048 2048 -480 ) (2048 2048 896 ) (1536 2048 896 ) (1536 2048 -480 ) 
4 215 217 (2048 2560 -480 ) (2048 2048 -480 ) (1536 2048 -480 ) (1536 2560 -480 ) 
4 215 216 (1536 3072 -480 ) (2048 3072 -480 ) (2048 2560 -480 ) (1536 2560 -480 ) 
4 216 217 (1536 2560 -480 ) (1536 2560 -512 ) (2048 2560 -512 ) (2048 2560 -480 ) 
4 217 219 (2048 2048 -512 ) (2048 2048 -480 ) (1536 2048 -480 ) (1536 2048 -512 ) 
4 218 220 (2048 1024 -480 ) (2048 1024 896 ) (1536 1024 896 ) (1536 1024 -480 ) 
4 218 219 (1536 2048 -480 ) (2048 2048 -480 ) (2048 1024 -480 ) (1536 1024 -480 ) 
4 219 221 (2048 1024 -512 ) (2048 1024 -480 ) (1536 1024 -480 ) (1536 1024 -512 ) 
4 220 223 (2048 0 -480 ) (2048 0 896 ) (1536 0 896 ) (1536 0 -480 ) 
4 220 222 (2048 512 -480 ) (2048 0 -480 ) (1536 0 -480 ) (1536 512 -480 ) 
4 220 221 (1536 1024 -480 ) (2048 1024 -480 ) (2048 512 -480 ) (1536 512 -480 ) 
4 221 222 (1536 512 -480 ) (1536 512 -512 ) (2048 512 -512 ) (2048 512 -480 ) 
4 222 223 (2048 0 -512 ) (2048 0 -480 ) (1536 0 -480 ) (1536 0 -512 ) 
4 223 240 (2048 -1024 -512 ) (2048 -1024 896 ) (1536 -1024 896 ) (1536 -1024 -512 ) 
4 224 231 (5120 -1024 896 ) (5120 -1024 0 ) (5120 -1536 0 ) (5120 -1536 896 ) 
4 224 225 (5120 -1536 896 ) (5120 -1536 0 ) (5632 -1536 0 ) (5632 -1536 896 ) 
4 225 231 (5120 -2048 0 ) (5120 -2048 896 ) (5120 -1536 896 ) (5120 -1536 0 ) 
4 225 226 (5120 -2048 896 ) (5120 -2048 0 ) (6016 -2048 0 ) (6016 -2048 896 ) 
4 226 234 (5120 -3072 0 ) (5120 -3072 896 ) (5120 -2048 896 ) (5120 -2048 0 ) 
4 226 227 (5120 -3072 896 ) (5120 -3072 0 ) (6016 -3072 0 ) (6016 -3072 896 ) 
4 227 235 (5120 -4096 0 ) (5120 -4096 896 ) (5120 -3072 896 ) (5120 -3072 0 ) 
4 227 228 (5120 -4096 896 ) (5120 -4096 0 ) (6016 -4096 0 ) (6016 -4096 896 ) 
4 228 243 (5120 -5120 0 ) (5120 -5120 896 ) (5120 -4096 896 ) (5120 -4096 0 ) 
4 228 229 (5120 -5120 896 ) (5120 -5120 0 ) (6016 -5120 0 ) (6016 -5120 896 ) 
4 229 248 (5120 -6144 0 ) (5120 -6144 896 ) (5120 -5120 896 ) (5120 -5120 0 ) 
4 229 230 (5120 -6144 896 ) (5120 -6144 0 ) (6016 -6144 0 ) (6016 -6144 896 ) 
4 230 249 (5120 -6144 896 ) (5120 -6144 0 ) (5120 -6656 0 ) (5120 -6656 896 ) 
4 231 234 (5120 -2048 0 ) (5120 -2048 896 ) (4096 -2048 896 ) (4096 -2048 0 ) 
4 231 232 (4096 -1024 896 ) (4096 -1024 0 ) (4096 -2048 0 ) (4096 -2048 896 ) 
4 232 236 (4096 -2048 -512 ) (4096 -2048 896 ) (3072 -2048 896 ) (3072 -2048 -512 ) 
4 232 233 (3072 -2048 -512 ) (3072 -2048 896 ) (3072 -1024 896 ) (3072 -1024 -512 ) 
4 233 240 (2048 -1024 896 ) (2048 -1024 -512 ) (2048 -2048 -512 ) (2048 -2048 896 ) 
4 233 237 (3072 -2048 -512 ) (3072 -2048 896 ) (2048 -2048 896 ) (2048 -2048 -512 ) 
4 234 236 (4096 -2048 896 ) (4096 -2048 0 ) (4096 -3072 0 ) (4096 -3072 896 ) 
4 234 235 (5120 -3072 0 ) (5120 -3072 896 ) (4096 -3072 896 ) (4096 -3072 0 ) 
4 235 243 (5120 -4096 0 ) (5120 -4096 896 ) (4096 -4096 896 ) (4096 -4096 0 ) 
4 235 238 (4096 -4096 0 ) (4096 -4096 896 ) (4096 -3072 896 ) (4096 -3072 0 ) 
4 236 238 (4096 -3072 -512 ) (4096 -3072 896 ) (3072 -3072 896 ) (3072 -3072 -512 ) 
4 236 237 (3072 -2048 896 ) (3072 -2048 -512 ) (3072 -3072 -512 ) (3072 -3072 896 ) 
4 237 241 (2048 -3072 -512 ) (2048 -3072 896 ) (2048 -2048 896 ) (2048 -2048 -512 ) 
4 237 239 (3072 -3072 -512 ) (3072 -3072 896 ) (2048 -3072 896 ) (2048 -3072 -512 ) 
4 238 244 (4096 -4096 -512 ) (4096 -4096 896 ) (3072 -4096 896 ) (3072 -4096 -512 ) 
4 238 239 (3072 -3072 896 ) (3072 -3072 -512 ) (3072 -4096 -512 ) (3072 -4096 896 ) 
4 239 246 (3072 -4096 -512 ) (3072 -4096 896 ) (2048 -4096 896 ) (2048 -4096 -512 ) 
4 239 242 (2048 -4096 -512 ) (2048 -4096 896 ) (2048 -3072 896 ) (2048 -3072 -512 ) 
4 240 241 (2048 -2048 -512 ) (2048 -2048 896 ) (1536 -2048 896 ) (1536 -2048 -512 ) 
4 241 242 (2048 -3072 -512 ) (2048 -3072 896 ) (1536 -3072 896 ) (1536 -3072 -512 ) 
4 242 254 (2048 -4096 -512 ) (2048 -4096 896 ) (1536 -4096 896 ) (1536 -4096 -512 ) 
4 243 248 (5120 -5120 0 ) (5120 -5120 896 ) (4096 -5120 896 ) (4096 -5120 0 ) 
4 243 245 (4096 -4608 0 ) (4096 -5120 0 ) (4096 -5120 896 ) (4096 -4608 896 ) 
4 243 244 (4096 -4096 896 ) (4096 -4096 0 ) (4096 -4608 0 ) (4096 -4608 896 ) 
4 244 246 (3072 -4608 -512 ) (3072 -4608 896 ) (3072 -4096 896 ) (3072 -4096 -512 ) 
4 244 245 (4096 -4608 0 ) (4096 -4608 896 ) (3072 -4608 896 ) (3072 -4608 0 ) 
4 245 250 (4096 -5120 0 ) (4096 -5120 896 ) (3072 -5120 896 ) (3072 -5120 0 ) 
4 245 247 (3072 -5120 0 ) (3072 -5120 896 ) (3072 -4608 896 ) (3072 -4608 0 ) 
4 246 254 (2048 -4096 896 ) (2048 -4096 -512 ) (2048 -4608 -512 ) (2048 -4608 896 ) 
4 246 247 (2048 -4608 896 ) (2048 -4608 0 ) (3072 -4608 0 ) (3072 -4608 896 ) 
4 247 255 (2048 -5120 0 ) (2048 -5120 896 ) (2048 -4608 896 ) (2048 -4608 0 ) 
4 247 251 (3072 -5120 0 ) (3072 -5120 896 ) (2048 -5120 896 ) (2048 -5120 0 ) 
4 248 250 (4096 -5120 896 ) (4096 -5120 0 ) (4096 -6144 0 ) (4096 -6144 896 ) 
4 248 249 (5120 -6144 0 ) (5120 -6144 896 ) (4096 -6144 896 ) (4096 -6144 0 ) 
4 249 252 (4096 -6656 896 ) (4096 -6144 896 ) (4096 -6144 0 ) (4096 -6656 0 ) 
4 250 252 (4096 -6144 0 ) (4096 -6144 896 ) (3072 -6144 896 ) (3072 -6144 0 ) 
4 250 251 (3072 -5120 896 ) (3072 -5120 0 ) (3072 -6144 0 ) (3072 -6144 896 ) 
4 251 256 (2048 -6144 0 ) (2048 -6144 896 ) (2048 -5120 896 ) (2048 -5120 0 ) 
4 251 253 (3072 -6144 0 ) (3072 -6144 896 ) (2048 -6144 896 ) (2048 -6144 0 ) 
4 252 253 (3072 -6144 896 ) (3072 -6144 0 ) (3072 -6656 0 ) (3072 -6656 896 ) 
4 253 257 (2048 -6656 896 ) (2048 -6144 896 ) (2048 -6144 0 ) (2048 -6656 0 ) 
4 254 255 (2048 -4608 0 ) (2048 -4608 896 ) (1536 -4608 896 ) (1536 -4608 0 ) 
4 255 256 (2048 -5120 0 ) (2048 -5120 896 ) (1536 -5120 896 ) (1536 -5120 0 ) 
4 256 257 (2048 -6144 0 ) (2048 -6144 896 ) (1536 -6144 896 ) (1536 -6144 0 ) 
