


materialPath: D:\Program Files (x86)\Steam\steamapps\sourcemods\hl2a\materials
Loading D:\Program Files (x86)\Steam\steamapps\sourcemods\hl2a\.DEVELOPER RESOURCES\MAP SOURCES\d1_town_01a_d.vmf
ConVarRef mat_reduceparticles doesn't point to an existing ConVar
Could not locate 'GameData' key in d:\program files (x86)\steam\steamapps\sourcemods\hl2a\gameinfo.txt
Patching WVT material: maps/d1_town_01a_d/nature/red_grass_wvt_patch
fixing up env_cubemap materials on brush sides...
0...1...2...3...4...5...6...7...8...9...100...1...2...3...4...5...6...7...8...9...10Processing areas...done (0)
Building Faces...done (0)
Chop Details...done (0)
Find Visible Detail Sides...
Merged 136 detail faces...done (0)
Merging details...done (0)
FixTjuncs...
PruneNodes...
WriteBSP...
done (0)
writing D:\Program Files (x86)\Steam\steamapps\sourcemods\hl2a\.DEVELOPER RESOURCES\MAP SOURCES\d1_town_01a_d.prt...Building visibility clusters...
done (0)
Creating default LDR cubemaps for env_cubemap using skybox materials:
   skybox/sky_day01_09*.vmt
 ! Run buildcubemaps in the engine to get the correct cube maps.
Creating default HDR cubemaps for env_cubemap using skybox materials:
   skybox/sky_day01_09*.vmt
 ! Run buildcubemaps in the engine to get the correct cube maps.
Finding displacement neighbors...
Finding lightmap sample positions...
Displacement Alpha : 0...1...2...3...4...5...6...7...8...9...10
Building Physics collision data...
done (0) (323633 bytes)
Placing detail props : 0...1...2...3...4...5...6...7...8...9...10
Compacting texture/material tables...
Reduced 2266 texinfos to 1018
Reduced 270 texdatas to 186 (12805 bytes to 8730)
Writing D:\Program Files (x86)\Steam\steamapps\sourcemods\hl2a\.DEVELOPER RESOURCES\MAP SOURCES\d1_town_01a_d.bsp
2 seconds elapsed



8 threads
reading d:\program files (x86)\steam\steamapps\sourcemods\hl2a\.developer resources\map sources\d1_town_01a_d.bsp
reading d:\program files (x86)\steam\steamapps\sourcemods\hl2a\.developer resources\map sources\d1_town_01a_d.prt
 402 portalclusters
1090 numportals
0...1...2...3...4...5...6...7...8...9...10Optimized: 6803 visible clusters (6.83%)
Total clusters visible: 99633
Average clusters visible: 247
Building PAS...
Average clusters audible: 348
visdatasize:40975  compressed from 45024
writing d:\program files (x86)\steam\steamapps\sourcemods\hl2a\.developer resources\map sources\d1_town_01a_d.bsp
0 seconds elapsed



Could not find lights.rad in lights.rad.
Trying VRAD BIN directory instead...
Warning: Couldn't open texlight file D:\Program Files (x86)\Steam\steamapps\common\Source SDK Base 2013 Singleplayer\bin\lights.rad.
Loading d:\program files (x86)\steam\steamapps\sourcemods\hl2a\.developer resources\map sources\d1_town_01a_d.bsp
2760 faces
2 degenerate faces
372251 square feet [53604168.00 square inches]
2 Displacements
224 Square Feet [32274.84 Square Inches]
2758 patches before subdivision
32218 patches after subdivision
15 direct lights
0...1...2...3...4...5...6...7...8...9...100...1...2...3...4...5...6...7...8...9...10transfers 3486271, max 490
transfer lists:  26.6 megs
0...1...2...3...4...5...6...7...8...9...10	Bounce #1 added RGB(100225, 104358, 45481)
0...1...2...3...4...5...6...7...8...9...10	Bounce #2 added RGB(22731, 20081, 6594)
0...1...2...3...4...5...6...7...8...9...10	Bounce #3 added RGB(4925, 4052, 1059)
0...1...2...3...4...5...6...7...8...9...10	Bounce #4 added RGB(1433, 1150, 245)
0...1...2...3...4...5...6...7...8...9...10	Bounce #5 added RGB(451, 364, 67)
0...1...2...3...4...5...6...7...8...9...10	Bounce #6 added RGB(160, 130, 21)
0...1...2...3...4...5...6...7...8...9...10	Bounce #7 added RGB(58, 48, 7)
0...1...2...3...4...5...6...7...8...9...10	Bounce #8 added RGB(22, 18, 2)
0...1...2...3...4...5...6...7...8...9...10	Bounce #9 added RGB(8, 7, 1)
0...1...2...3...4...5...6...7...8...9...10	Bounce #10 added RGB(3, 3, 0)
0...1...2...3...4...5...6...7...8...9...10	Bounce #11 added RGB(1, 1, 0)
0...1...2...3...4...5...6...7...8...9...10	Bounce #12 added RGB(0, 0, 0)
Build Patch/Sample Hash Table(s).....Done<0.0091 sec>
0...1...2...3...4...5...6...7...8...9...10FinalLightFace Done
0 of 0 (0% of) surface lights went in leaf ambient cubes.
0...1...2...3...4...5...6...7...8...9...10Writing leaf ambient...done
Ready to Finish

Object names       Objects/Maxobjs  Memory / Maxmem  Fullness 
------------       ---------------  ---------------  -------- 
models                  45/1024         2160/49152    ( 4.4%) 
brushes                889/8192        10668/98304    (10.9%) 
brushsides            6367/65536       50936/524288   ( 9.7%) 
planes                3510/65536       70200/1310720  ( 5.4%) 
vertexes              5344/65536       64128/786432   ( 8.2%) 
nodes                 1276/65536       40832/2097152  ( 1.9%) 
texinfos              1018/12288       73296/884736   ( 8.3%) 
texdata                186/2048         5952/65536    ( 9.1%) 
dispinfos                2/0             352/0        ( 0.0%) 
disp_verts             106/0            2120/0        ( 0.0%) 
disp_tris              160/0             320/0        ( 0.0%) 
disp_lmsamples         760/0             760/0        ( 0.0%) 
faces                 2760/65536      154560/3670016  ( 4.2%) 
hdr faces                0/65536           0/3670016  ( 0.0%) 
origfaces             1985/65536      111160/3670016  ( 3.0%) 
leaves                1322/65536       42304/2097152  ( 2.0%) 
leaffaces             3765/65536        7530/131072   ( 5.7%) 
leafbrushes           1801/65536        3602/131072   ( 2.7%) 
areas                    5/256            40/2048     ( 2.0%) 
surfedges            21336/512000      85344/2048000  ( 4.2%) 
edges                13515/256000      54060/1024000  ( 5.3%) 
LDR worldlights         14/8192         1232/720896   ( 0.2%) 
HDR worldlights          0/8192            0/720896   ( 0.0%) 
leafwaterdata            0/32768           0/393216   ( 0.0%) 
waterstrips            334/32768        3340/327680   ( 1.0%) 
waterverts               0/65536           0/786432   ( 0.0%) 
waterindices          5994/65536       11988/131072   ( 9.1%) 
cubemapsamples         117/1024         1872/16384    (11.4%) 
overlays                 1/512           352/180224   ( 0.2%) 
LDR lightdata         [variable]     2220096/0        ( 0.0%) 
HDR lightdata         [variable]           0/0        ( 0.0%) 
visdata               [variable]       40975/16777216 ( 0.2%) 
entdata               [variable]      100399/393216   (25.5%) 
LDR ambient table     1322/65536        5288/262144   ( 2.0%) 
HDR ambient table     1322/65536        5288/262144   ( 2.0%) 
LDR leaf ambient      3990/65536      111720/1835008  ( 6.1%) 
HDR leaf ambient      1322/65536       37016/1835008  ( 2.0%) 
occluders                0/0               0/0        ( 0.0%) 
occluder polygons        0/0               0/0        ( 0.0%) 
occluder vert ind        0/0               0/0        ( 0.0%) 
detail props          [variable]           1/12       ( 8.3%) 
static props          [variable]           1/7786     ( 0.0%) 
pakfile               [variable]    11374389/0        ( 0.0%) 
physics               [variable]      323633/4194304  ( 7.7%) 
physics terrain       [variable]         528/1048576  ( 0.1%) 

Level flags = 0

Total triangle count: 7905
Writing d:\program files (x86)\steam\steamapps\sourcemods\hl2a\.developer resources\map sources\d1_town_01a_d.bsp
10 seconds elapsed



Could not find lights.rad in lights.rad.
Trying VRAD BIN directory instead...
Warning: Couldn't open texlight file D:\Program Files (x86)\Steam\steamapps\common\Source SDK Base 2013 Singleplayer\bin\lights.rad.
Loading d:\program files (x86)\steam\steamapps\sourcemods\hl2a\.developer resources\map sources\d1_town_01a_d.bsp
2760 faces
2 degenerate faces
372251 square feet [53604168.00 square inches]
2 Displacements
224 Square Feet [32274.84 Square Inches]
2758 patches before subdivision
32218 patches after subdivision
15 direct lights
0...1...2...3...4...5...6...7...8...9...100...1...2...3...4...5...6...7...8...9...10transfers 3486271, max 490
transfer lists:  26.6 megs
0...1...2...3...4...5...6...7...8...9...10	Bounce #1 added RGB(100230, 104361, 45482)
0...1...2...3...4...5...6...7...8...9...10	Bounce #2 added RGB(22732, 20082, 6594)
0...1...2...3...4...5...6...7...8...9...10	Bounce #3 added RGB(4925, 4052, 1059)
0...1...2...3...4...5...6...7...8...9...10	Bounce #4 added RGB(1433, 1150, 245)
0...1...2...3...4...5...6...7...8...9...10	Bounce #5 added RGB(451, 364, 67)
0...1...2...3...4...5...6...7...8...9...10	Bounce #6 added RGB(160, 130, 21)
0...1...2...3...4...5...6...7...8...9...10	Bounce #7 added RGB(58, 48, 7)
0...1...2...3...4...5...6...7...8...9...10	Bounce #8 added RGB(22, 18, 2)
0...1...2...3...4...5...6...7...8...9...10	Bounce #9 added RGB(8, 7, 1)
0...1...2...3...4...5...6...7...8...9...10	Bounce #10 added RGB(3, 3, 0)
0...1...2...3...4...5...6...7...8...9...10	Bounce #11 added RGB(1, 1, 0)
0...1...2...3...4...5...6...7...8...9...10	Bounce #12 added RGB(0, 0, 0)
Build Patch/Sample Hash Table(s).....Done<0.0102 sec>
0...1...2...3...4...5...6...7...8...9...10FinalLightFace Done
0 of 0 (0% of) surface lights went in leaf ambient cubes.
0...1...2...3...4...5...6...7...8...9...10Writing leaf ambient...done
Ready to Finish

Object names       Objects/Maxobjs  Memory / Maxmem  Fullness 
------------       ---------------  ---------------  -------- 
models                  45/1024         2160/49152    ( 4.4%) 
brushes                889/8192        10668/98304    (10.9%) 
brushsides            6367/65536       50936/524288   ( 9.7%) 
planes                3510/65536       70200/1310720  ( 5.4%) 
vertexes              5344/65536       64128/786432   ( 8.2%) 
nodes                 1276/65536       40832/2097152  ( 1.9%) 
texinfos              1018/12288       73296/884736   ( 8.3%) 
texdata                186/2048         5952/65536    ( 9.1%) 
dispinfos                2/0             352/0        ( 0.0%) 
disp_verts             106/0            2120/0        ( 0.0%) 
disp_tris              160/0             320/0        ( 0.0%) 
disp_lmsamples         760/0             760/0        ( 0.0%) 
faces                 2760/65536      154560/3670016  ( 4.2%) 
hdr faces             2760/65536      154560/3670016  ( 4.2%) 
origfaces             1985/65536      111160/3670016  ( 3.0%) 
leaves                1322/65536       42304/2097152  ( 2.0%) 
leaffaces             3765/65536        7530/131072   ( 5.7%) 
leafbrushes           1801/65536        3602/131072   ( 2.7%) 
areas                    5/256            40/2048     ( 2.0%) 
surfedges            21336/512000      85344/2048000  ( 4.2%) 
edges                13515/256000      54060/1024000  ( 5.3%) 
LDR worldlights         14/8192         1232/720896   ( 0.2%) 
HDR worldlights         14/8192         1232/720896   ( 0.2%) 
leafwaterdata            0/32768           0/393216   ( 0.0%) 
waterstrips            334/32768        3340/327680   ( 1.0%) 
waterverts               0/65536           0/786432   ( 0.0%) 
waterindices          5994/65536       11988/131072   ( 9.1%) 
cubemapsamples         117/1024         1872/16384    (11.4%) 
overlays                 1/512           352/180224   ( 0.2%) 
LDR lightdata         [variable]     2220096/0        ( 0.0%) 
HDR lightdata         [variable]     2220096/0        ( 0.0%) 
visdata               [variable]       40975/16777216 ( 0.2%) 
entdata               [variable]      100399/393216   (25.5%) 
LDR ambient table     1322/65536        5288/262144   ( 2.0%) 
HDR ambient table     1322/65536        5288/262144   ( 2.0%) 
LDR leaf ambient      3990/65536      111720/1835008  ( 6.1%) 
HDR leaf ambient      3990/65536      111720/1835008  ( 6.1%) 
occluders                0/0               0/0        ( 0.0%) 
occluder polygons        0/0               0/0        ( 0.0%) 
occluder vert ind        0/0               0/0        ( 0.0%) 
detail props          [variable]           1/12       ( 8.3%) 
static props          [variable]           1/7786     ( 0.0%) 
pakfile               [variable]    11374389/0        ( 0.0%) 
physics               [variable]      323633/4194304  ( 7.7%) 
physics terrain       [variable]         528/1048576  ( 0.1%) 

Level flags = 0

Total triangle count: 7905
Writing d:\program files (x86)\steam\steamapps\sourcemods\hl2a\.developer resources\map sources\d1_town_01a_d.bsp
11 seconds elapsed
