PRT1
402
1090
4 0 18 (0 2048 -3520 ) (0 2048 -3648 ) (256 2048 -3648 ) (256 2048 -3520 ) 
4 0 14 (0 2048 -3136 ) (0 2048 -3520 ) (128 2048 -3520 ) (128 2048 -3136 ) 
4 0 12 (128 2048 -3520 ) (160 2048 -3520 ) (160 2048 -3136 ) (128 2048 -3136 ) 
4 0 11 (160 2048 -3520 ) (256 2048 -3520 ) (256 2048 -3136 ) (160 2048 -3136 ) 
4 0 6 (128 2048 -2048 ) (0 2048 -2048 ) (0 2048 -3136 ) (128 2048 -3136 ) 
4 0 5 (240 2048 -2048 ) (128 2048 -2048 ) (128 2048 -3136 ) (240 2048 -3136 ) 
4 0 4 (248 2048 -2048 ) (240 2048 -2048 ) (240 2048 -3136 ) (248 2048 -3136 ) 
4 0 3 (256 2048 -2048 ) (248 2048 -2048 ) (248 2048 -3136 ) (256 2048 -3136 ) 
4 0 2 (1024 2048 -3648 ) (1024 2048 -2048 ) (256 2048 -2048 ) (256 2048 -3648 ) 
4 0 1 (0 2048 -3648 ) (0 2048 -2048 ) (0 2816 -2048 ) (0 2816 -3648 ) 
4 1 55 (-576 2048 -3520 ) (-576 2048 -3648 ) (-192 2048 -3648 ) (-192 2048 -3520 ) 
4 1 49 (-576 2048 -3136 ) (-576 2048 -3520 ) (-192 2048 -3520 ) (-192 2048 -3136 ) 
4 1 42 (-192 2048 -2048 ) (-256 2048 -2048 ) (-256 2048 -3136 ) (-192 2048 -3136 ) 
4 1 45 (-256 2048 -2048 ) (-576 2048 -2048 ) (-576 2048 -3136 ) (-256 2048 -3136 ) 
4 1 41 (-12 2048 -3280 ) (-192 2048 -3280 ) (-192 2048 -3648 ) (-12 2048 -3648 ) 
4 1 36 (-4 2048 -3280 ) (-12 2048 -3280 ) (-12 2048 -3648 ) (-4 2048 -3648 ) 
4 1 35 (0 2048 -3648 ) (0 2048 -3280 ) (-4 2048 -3280 ) (-4 2048 -3648 ) 
4 1 28 (0 2048 -3280 ) (0 2048 -3264 ) (-192 2048 -3264 ) (-192 2048 -3280 ) 
4 1 26 (0 2048 -3264 ) (0 2048 -3136 ) (-192 2048 -3136 ) (-192 2048 -3264 ) 
4 1 24 (0 2048 -3136 ) (0 2048 -3008 ) (-192 2048 -3008 ) (-192 2048 -3136 ) 
4 1 23 (0 2048 -3008 ) (0 2048 -2048 ) (-192 2048 -2048 ) (-192 2048 -3008 ) 
4 2 18 (256 2048 -3520 ) (256 2048 -3648 ) (256 1728 -3648 ) (256 1728 -3520 ) 
4 2 16 (256 1664 -3264 ) (256 1680 -3264 ) (256 1680 -3276 ) (256 1664 -3276 ) 
4 2 15 (256 1472 -3264 ) (256 1472 -3136 ) (256 1680 -3136 ) (256 1680 -3264 ) 
4 2 11 (256 2048 -3136 ) (256 2048 -3520 ) (256 1680 -3520 ) (256 1680 -3136 ) 
4 2 3 (256 1280 -2048 ) (256 2048 -2048 ) (256 2048 -3136 ) (256 1280 -3136 ) 
4 3 15 (256 1680 -3136 ) (256 1472 -3136 ) (248 1472 -3136 ) (248 1680 -3136 ) 
4 3 11 (248 2048 -3136 ) (256 2048 -3136 ) (256 1680 -3136 ) (248 1680 -3136 ) 
4 3 9 (248 1224 -3136 ) (256 1224 -3136 ) (256 1224 -2048 ) (248 1224 -2048 ) 
4 3 4 (248 2048 -3136 ) (248 1464 -3136 ) (248 1464 -2048 ) (248 2048 -2048 ) 
4 4 15 (248 1680 -3136 ) (248 1472 -3136 ) (240 1472 -3136 ) (240 1680 -3136 ) 
4 4 11 (240 2048 -3136 ) (248 2048 -3136 ) (248 1680 -3136 ) (240 1680 -3136 ) 
4 4 5 (240 2048 -3136 ) (240 1464 -3136 ) (240 1464 -2048 ) (240 2048 -2048 ) 
4 5 15 (240 1680 -3136 ) (240 1472 -3136 ) (160 1472 -3136 ) (160 1680 -3136 ) 
4 5 12 (128 2048 -3136 ) (160 2048 -3136 ) (160 1728 -3136 ) (128 1728 -3136 ) 
4 5 11 (160 2048 -3136 ) (240 2048 -3136 ) (240 1680 -3136 ) (160 1680 -3136 ) 
4 5 10 (128 1224 -3136 ) (208 1224 -3136 ) (208 1224 -2048 ) (128 1224 -2048 ) 
4 5 7 (128 1344 -3008 ) (128 1344 -2048 ) (128 1600 -2048 ) (128 1600 -3008 ) 
4 5 6 (128 2048 -3136 ) (128 1600 -3136 ) (128 1600 -2048 ) (128 2048 -2048 ) 
4 5 8 (128 1344 -3136 ) (128 1224 -3136 ) (128 1224 -2048 ) (128 1344 -2048 ) 
4 6 24 (0 2048 -3008 ) (0 2048 -3136 ) (0 1600 -3136 ) (0 1600 -3008 ) 
4 6 23 (0 1600 -2048 ) (0 2048 -2048 ) (0 2048 -3008 ) (0 1600 -3008 ) 
4 6 14 (0 2048 -3136 ) (128 2048 -3136 ) (128 1728 -3136 ) (0 1728 -3136 ) 
4 6 7 (128 1600 -3008 ) (128 1600 -2048 ) (0 1600 -2048 ) (0 1600 -3008 ) 
4 7 23 (0 1344 -2048 ) (0 1600 -2048 ) (0 1600 -3008 ) (0 1344 -3008 ) 
4 7 8 (128 1344 -3008 ) (128 1344 -2048 ) (0 1344 -2048 ) (0 1344 -3008 ) 
4 8 25 (0 1344 -3008 ) (0 1344 -3136 ) (0 1224 -3136 ) (0 1224 -3008 ) 
4 8 23 (0 1224 -2048 ) (0 1344 -2048 ) (0 1344 -3008 ) (0 1224 -3008 ) 
4 8 10 (0 1224 -3136 ) (128 1224 -3136 ) (128 1224 -2048 ) (0 1224 -2048 ) 
4 10 25 (0 1216 -3136 ) (0 1216 -3008 ) (0 1224 -3008 ) (0 1224 -3136 ) 
4 10 23 (0 1216 -3008 ) (0 1216 -2048 ) (0 1224 -2048 ) (0 1224 -3008 ) 
4 10 21 (208 1216 -2048 ) (0 1216 -2048 ) (0 1216 -3136 ) (208 1216 -3136 ) 
4 11 18 (160 2048 -3520 ) (256 2048 -3520 ) (256 1728 -3520 ) (160 1728 -3520 ) 
4 11 16 (256 1680 -3276 ) (256 1680 -3264 ) (160 1680 -3264 ) (160 1680 -3276 ) 
4 11 15 (256 1680 -3264 ) (256 1680 -3136 ) (160 1680 -3136 ) (160 1680 -3264 ) 
4 11 13 (160 1728 -3520 ) (160 1680 -3520 ) (160 1680 -3264 ) (160 1728 -3264 ) 
4 11 12 (160 2048 -3520 ) (160 1728 -3520 ) (160 1728 -3136 ) (160 2048 -3136 ) 
4 12 18 (128 2048 -3520 ) (160 2048 -3520 ) (160 1728 -3520 ) (128 1728 -3520 ) 
4 12 14 (128 2048 -3520 ) (128 1728 -3520 ) (128 1728 -3136 ) (128 2048 -3136 ) 
4 12 13 (128 1728 -3264 ) (128 1728 -3520 ) (160 1728 -3520 ) (160 1728 -3264 ) 
4 13 16 (160 1680 -3276 ) (160 1680 -3264 ) (128 1680 -3264 ) (128 1680 -3276 ) 
4 14 35 (0 2048 -3280 ) (0 2048 -3520 ) (0 1728 -3520 ) (0 1728 -3280 ) 
4 14 28 (0 2048 -3264 ) (0 2048 -3280 ) (0 1728 -3280 ) (0 1728 -3264 ) 
4 14 26 (0 1728 -3136 ) (0 2048 -3136 ) (0 2048 -3264 ) (0 1728 -3264 ) 
4 14 18 (0 1728 -3520 ) (0 2048 -3520 ) (128 2048 -3520 ) (128 1728 -3520 ) 
4 15 16 (160 1664 -3264 ) (160 1680 -3264 ) (256 1680 -3264 ) (256 1664 -3264 ) 
4 17 35 (0 1472 -3520 ) (0 1472 -3280 ) (0 1664 -3280 ) (0 1664 -3520 ) 
4 17 20 (128 1472 -3280 ) (0 1472 -3280 ) (0 1472 -3520 ) (128 1472 -3520 ) 
4 18 35 (0 1728 -3520 ) (0 2048 -3520 ) (0 2048 -3648 ) (0 1728 -3648 ) 
4 19 30 (0 1360 -3280 ) (0 1344 -3280 ) (0 1344 -3264 ) (0 1360 -3264 ) 
4 19 29 (0 1456 -3280 ) (0 1360 -3280 ) (0 1360 -3264 ) (0 1456 -3264 ) 
4 19 20 (128 1344 -3280 ) (0 1344 -3280 ) (0 1456 -3280 ) (128 1456 -3280 ) 
4 20 35 (0 1472 -3280 ) (0 1472 -3520 ) (0 1344 -3520 ) (0 1344 -3280 ) 
4 21 60 (128 1024 -3264 ) (208 1024 -3264 ) (208 1024 -3136 ) (128 1024 -3136 ) 
4 21 62 (0 1024 -3136 ) (0 1024 -3264 ) (128 1024 -3264 ) (128 1024 -3136 ) 
4 21 59 (208 1024 -2048 ) (0 1024 -2048 ) (0 1024 -3136 ) (208 1024 -3136 ) 
4 21 27 (0 1024 -3264 ) (0 1024 -3136 ) (0 1216 -3136 ) (0 1216 -3264 ) 
4 21 25 (0 1024 -3136 ) (0 1024 -3008 ) (0 1216 -3008 ) (0 1216 -3136 ) 
4 21 23 (0 1024 -3008 ) (0 1024 -2048 ) (0 1216 -2048 ) (0 1216 -3008 ) 
4 21 22 (0 1024 -3264 ) (0 1216 -3264 ) (96 1216 -3264 ) (96 1024 -3264 ) 
4 22 101 (32 1024 -3328 ) (0 1024 -3328 ) (0 1024 -3609.598633 ) (32 1024 -3609.598389 ) 
4 22 98 (96 1024 -3609.597900 ) (96 1024 -3328 ) (32 1024 -3328 ) (32 1024 -3609.598389 ) 
4 22 63 (96 1024 -3328 ) (96 1024 -3264 ) (0 1024 -3264 ) (0 1024 -3328 ) 
4 22 35 (0 1024 -3609.598633 ) (0 1024 -3280 ) (0 1216 -3280 ) (0 1216 -3647.998535 ) 
4 22 34 (0 1024 -3280 ) (0 1024 -3264 ) (0 1216 -3264 ) (0 1216 -3280 ) 
4 23 110 (0 1024 -3008 ) (0 1024 -2048 ) (-192 1024 -2048 ) (-192 1024 -3008 ) 
4 23 46 (-192 1036 -3008 ) (-192 1024 -3008 ) (-192 1024 -2048 ) (-192 1036 -2048 ) 
4 23 43 (-192 1600 -3008 ) (-192 1344 -3008 ) (-192 1344 -2048 ) (-192 1600 -2048 ) 
4 23 42 (-192 2048 -2048 ) (-192 2048 -3008 ) (-192 1600 -3008 ) (-192 1600 -2048 ) 
4 23 44 (-192 1344 -3008 ) (-192 1036 -3008 ) (-192 1036 -2048 ) (-192 1344 -2048 ) 
4 23 24 (-192 1600 -3008 ) (-192 2048 -3008 ) (0 2048 -3008 ) (0 1600 -3008 ) 
4 23 25 (-192 1024 -3008 ) (-192 1344 -3008 ) (0 1344 -3008 ) (0 1024 -3008 ) 
4 24 42 (-192 2048 -3008 ) (-192 2048 -3136 ) (-192 1600 -3136 ) (-192 1600 -3008 ) 
4 24 26 (-192 1728 -3136 ) (-192 2048 -3136 ) (0 2048 -3136 ) (0 1728 -3136 ) 
4 25 116 (0 1024 -3136 ) (0 1024 -3072 ) (-192 1024 -3072 ) (-192 1024 -3136 ) 
4 25 110 (0 1024 -3072 ) (0 1024 -3008 ) (-192 1024 -3008 ) (-192 1024 -3072 ) 
4 25 46 (-192 1036 -3136 ) (-192 1024 -3136 ) (-192 1024 -3008 ) (-192 1036 -3008 ) 
4 25 44 (-192 1344 -3136 ) (-192 1036 -3136 ) (-192 1036 -3008 ) (-192 1344 -3008 ) 
4 25 27 (0 1024 -3136 ) (-192 1024 -3136 ) (-192 1344 -3136 ) (0 1344 -3136 ) 
4 26 49 (-192 2048 -3136 ) (-192 2048 -3264 ) (-192 1728 -3264 ) (-192 1728 -3136 ) 
4 26 28 (-192 1728 -3264 ) (-192 2048 -3264 ) (0 2048 -3264 ) (0 1728 -3264 ) 
4 27 116 (0 1024 -3264 ) (0 1024 -3136 ) (-192 1024 -3136 ) (-192 1024 -3264 ) 
4 27 52 (-192 1216 -3264 ) (-192 1024 -3264 ) (-192 1024 -3136 ) (-192 1216 -3136 ) 
4 27 32 (-192 1280 -3264 ) (-192 1344 -3264 ) (0 1344 -3264 ) (0 1280 -3264 ) 
4 27 34 (0 1024 -3264 ) (-192 1024 -3264 ) (-192 1280 -3264 ) (0 1280 -3264 ) 
4 28 49 (-192 2048 -3264 ) (-192 2048 -3280 ) (-192 1728 -3280 ) (-192 1728 -3264 ) 
4 28 41 (-192 1704 -3280 ) (-192 2048 -3280 ) (-12 2048 -3280 ) (-12 1704 -3280 ) 
4 28 36 (-12 2048 -3280 ) (-4 2048 -3280 ) (-4 1704 -3280 ) (-12 1704 -3280 ) 
4 28 35 (-4 2048 -3280 ) (0 2048 -3280 ) (0 1704 -3280 ) (-4 1704 -3280 ) 
4 28 29 (-16 1704 -3280 ) (0 1704 -3280 ) (0 1704 -3264 ) (-16 1704 -3264 ) 
4 28 31 (-192 1704 -3280 ) (-16 1704 -3280 ) (-16 1704 -3264 ) (-192 1704 -3264 ) 
4 29 41 (-16 1704 -3280 ) (-12 1704 -3280 ) (-12 1360 -3280 ) (-16 1360 -3280 ) 
4 29 38 (-12 1704 -3280 ) (-4 1704 -3280 ) (-4 1642 -3280 ) (-12 1642 -3280 ) 
4 29 37 (-4 1642 -3280 ) (-4 1422 -3280 ) (-12 1422 -3280 ) (-12 1642 -3280 ) 
4 29 39 (-4 1422 -3280 ) (-4 1360 -3280 ) (-12 1360 -3280 ) (-12 1422 -3280 ) 
4 29 35 (-4 1704 -3280 ) (0 1704 -3280 ) (0 1360 -3280 ) (-4 1360 -3280 ) 
4 29 31 (-16 1704 -3264 ) (-16 1704 -3280 ) (-16 1360 -3280 ) (-16 1360 -3264 ) 
4 29 30 (-16 1360 -3264 ) (-16 1360 -3280 ) (0 1360 -3280 ) (0 1360 -3264 ) 
4 30 41 (-12 1344 -3280 ) (-16 1344 -3280 ) (-16 1360 -3280 ) (-12 1360 -3280 ) 
4 30 40 (-4 1344 -3280 ) (-12 1344 -3280 ) (-12 1360 -3280 ) (-4 1360 -3280 ) 
4 30 35 (0 1360 -3280 ) (0 1344 -3280 ) (-4 1344 -3280 ) (-4 1360 -3280 ) 
4 30 33 (-16 1344 -3280 ) (0 1344 -3280 ) (0 1344 -3270 ) (-16 1344 -3270 ) 
4 30 32 (0 1344 -3270 ) (0 1344 -3264 ) (-16 1344 -3264 ) (-16 1344 -3270 ) 
4 30 31 (-16 1360 -3280 ) (-16 1344 -3280 ) (-16 1344 -3264 ) (-16 1360 -3264 ) 
4 31 41 (-192 1344 -3280 ) (-192 1704 -3280 ) (-16 1704 -3280 ) (-16 1344 -3280 ) 
4 31 33 (-192 1344 -3280 ) (-16 1344 -3280 ) (-16 1344 -3270 ) (-192 1344 -3270 ) 
4 31 32 (-16 1344 -3270 ) (-16 1344 -3264 ) (-192 1344 -3264 ) (-192 1344 -3270 ) 
4 32 34 (0 1280 -3270 ) (0 1280 -3264 ) (-192 1280 -3264 ) (-192 1280 -3270 ) 
4 32 33 (0 1280 -3270 ) (-192 1280 -3270 ) (-192 1344 -3270 ) (0 1344 -3270 ) 
4 33 41 (-192 1280 -3280 ) (-192 1344 -3280 ) (-12 1344 -3280 ) (-12 1280 -3280 ) 
4 33 40 (-12 1344 -3280 ) (-4 1344 -3280 ) (-4 1280 -3280 ) (-12 1280 -3280 ) 
4 33 35 (-4 1344 -3280 ) (0 1344 -3280 ) (0 1280 -3280 ) (-4 1280 -3280 ) 
4 33 34 (-192 1280 -3280 ) (0 1280 -3280 ) (0 1280 -3270 ) (-192 1280 -3270 ) 
4 34 139 (0 1024 -3280 ) (0 1024 -3272 ) (-192 1024 -3272 ) (-192 1024 -3280 ) 
4 34 116 (0 1024 -3272 ) (0 1024 -3264 ) (-192 1024 -3264 ) (-192 1024 -3272 ) 
4 34 52 (-192 1216 -3280 ) (-192 1024 -3280 ) (-192 1024 -3264 ) (-192 1216 -3264 ) 
4 34 41 (-192 1024 -3280 ) (-192 1280 -3280 ) (-12 1280 -3280 ) (-12 1024 -3280 ) 
4 34 40 (-12 1280 -3280 ) (-4 1280 -3280 ) (-4 1024 -3280 ) (-12 1024 -3280 ) 
4 34 35 (-4 1280 -3280 ) (0 1280 -3280 ) (0 1024 -3280 ) (-4 1024 -3280 ) 
4 35 140 (0 1024 -3609.598633 ) (0 1024 -3280 ) (-4 1024 -3280 ) (-4 1024 -3609.598633 ) 
5 35 40 (-4 1360 -3648 ) (-4 1216.007568 -3648 ) (-4 1024 -3609.598633 ) (-4 1024 -3280 ) (-4 1360 -3280 ) 
3 35 38 (-4 1642 -3280 ) (-4 1704 -3280 ) (-4 1704 -3342 ) 
6 35 37 (-4 1704 -3648 ) (-4 1360 -3648 ) (-4 1360 -3342 ) (-4 1422 -3280 ) (-4 1642 -3280 ) (-4 1704 -3342 ) 
3 35 39 (-4 1360 -3342 ) (-4 1360 -3280 ) (-4 1422 -3280 ) 
4 35 36 (-4 2048 -3648 ) (-4 1704 -3648 ) (-4 1704 -3280 ) (-4 2048 -3280 ) 
4 36 41 (-12 2048 -3648 ) (-12 1704 -3648 ) (-12 1704 -3280 ) (-12 2048 -3280 ) 
4 36 38 (-12 1704 -3280 ) (-12 1704 -3342 ) (-4 1704 -3342 ) (-4 1704 -3280 ) 
4 36 37 (-12 1704 -3342 ) (-12 1704 -3648 ) (-4 1704 -3648 ) (-4 1704 -3342 ) 
6 37 41 (-12 1704 -3648 ) (-12 1360 -3648 ) (-12 1360 -3342 ) (-12 1422 -3280 ) (-12 1642 -3280 ) (-12 1704 -3342 ) 
4 37 40 (-12 1360 -3342 ) (-12 1360 -3648 ) (-4 1360 -3648 ) (-4 1360 -3342 ) 
4 37 39 (-12 1360 -3342.001953 ) (-4 1360 -3342.001953 ) (-4 1422.001953 -3280 ) (-12 1422.001953 -3280 ) 
4 37 38 (-4 1704 -3342 ) (-12 1704 -3342 ) (-12 1642 -3280 ) (-4 1642 -3280 ) 
3 38 41 (-12 1642 -3280 ) (-12 1704 -3280 ) (-12 1704 -3342 ) 
3 39 41 (-12 1360 -3342 ) (-12 1360 -3280 ) (-12 1422 -3280 ) 
4 39 40 (-12 1360 -3280 ) (-12 1360 -3342 ) (-4 1360 -3342 ) (-4 1360 -3280 ) 
4 40 140 (-4 1024 -3280 ) (-12 1024 -3280 ) (-12 1024 -3609.598633 ) (-4 1024 -3609.598633 ) 
5 40 41 (-12 1360 -3648 ) (-12 1216.007446 -3648 ) (-12 1024 -3609.598633 ) (-12 1024 -3280 ) (-12 1360 -3280 ) 
4 41 140 (-12 1024 -3280 ) (-192 1024 -3280 ) (-192 1024 -3609.600098 ) (-12 1024 -3609.598633 ) 
4 41 57 (-192 1216 -3648 ) (-192 1024 -3609.600098 ) (-192 1024 -3520 ) (-192 1216 -3520 ) 
4 41 55 (-192 2048 -3520 ) (-192 2048 -3648 ) (-192 1728 -3648 ) (-192 1728 -3520 ) 
4 41 52 (-192 1216 -3520 ) (-192 1024 -3520 ) (-192 1024 -3280 ) (-192 1216 -3280 ) 
4 41 49 (-192 2048 -3280 ) (-192 2048 -3520 ) (-192 1728 -3520 ) (-192 1728 -3280 ) 
4 42 49 (-256 2048 -3136 ) (-192 2048 -3136 ) (-192 1728 -3136 ) (-256 1728 -3136 ) 
4 42 43 (-256 1600 -2048 ) (-256 1600 -3008 ) (-192 1600 -3008 ) (-192 1600 -2048 ) 
4 42 45 (-256 2048 -3136 ) (-256 1600 -3136 ) (-256 1600 -2048 ) (-256 2048 -2048 ) 
4 43 45 (-256 1344 -3008 ) (-256 1344 -2048 ) (-256 1600 -2048 ) (-256 1600 -3008 ) 
4 43 44 (-256 1344 -2048 ) (-256 1344 -3008 ) (-192 1344 -3008 ) (-192 1344 -2048 ) 
4 44 52 (-192 1216 -3136 ) (-192 1036 -3136 ) (-256 1036 -3136 ) (-256 1216 -3136 ) 
4 44 48 (-256 1036 -3136 ) (-242 1036 -3136 ) (-242 1036 -3080 ) (-256 1036 -3080 ) 
4 44 47 (-242 1036 -3076 ) (-242 1036 -2048 ) (-256 1036 -2048 ) (-256 1036 -3076 ) 
4 44 46 (-242 1036 -3136 ) (-192 1036 -3136 ) (-192 1036 -2048 ) (-242 1036 -2048 ) 
4 44 45 (-256 1344 -3136 ) (-256 1036 -3136 ) (-256 1036 -2048 ) (-256 1344 -2048 ) 
4 45 188 (-1024 1036 -2048 ) (-1024 2048 -2048 ) (-1024 2048 -3136 ) (-1024 1036 -3136 ) 
4 45 53 (-448 1036 -3136 ) (-576 1036 -3136 ) (-576 1216 -3136 ) (-448 1216 -3136 ) 
4 45 52 (-256 1216 -3136 ) (-256 1036 -3136 ) (-448 1036 -3136 ) (-448 1216 -3136 ) 
4 45 54 (-576 1036 -3136 ) (-1024 1036 -3136 ) (-1024 1216 -3136 ) (-576 1216 -3136 ) 
4 45 51 (-576 1216 -3136 ) (-1024 1216 -3136 ) (-1024 1472 -3136 ) (-576 1472 -3136 ) 
4 45 50 (-256 1728 -3136 ) (-256 1472 -3136 ) (-1024 1472 -3136 ) (-1024 1728 -3136 ) 
4 45 49 (-1024 2048 -3136 ) (-256 2048 -3136 ) (-256 1728 -3136 ) (-1024 1728 -3136 ) 
4 45 48 (-1024 1036 -3136 ) (-256 1036 -3136 ) (-256 1036 -3080 ) (-1024 1036 -3080 ) 
4 45 47 (-256 1036 -3076 ) (-256 1036 -2048 ) (-1024 1036 -2048 ) (-1024 1036 -3076 ) 
4 46 116 (-242 1024 -3136 ) (-192 1024 -3136 ) (-192 1024 -3072 ) (-242 1024 -3072 ) 
4 46 110 (-192 1024 -3072 ) (-192 1024 -2048 ) (-242 1024 -2048 ) (-242 1024 -3072 ) 
4 46 52 (-192 1036 -3136 ) (-192 1024 -3136 ) (-242 1024 -3136 ) (-242 1036 -3136 ) 
4 46 48 (-242 1036 -3080 ) (-242 1036 -3136 ) (-242 1024 -3136 ) (-242 1024 -3072 ) 
4 46 47 (-242 1036 -2048 ) (-242 1036 -3076 ) (-242 1024 -3068 ) (-242 1024 -2048 ) 
4 47 189 (-1024 1024 -3068 ) (-1024 1024 -2048 ) (-1024 1036 -2048 ) (-1024 1036 -3076 ) 
4 47 113 (-1024 1024 -2816 ) (-1024 1024 -3068 ) (-242 1024 -3068 ) (-242 1024 -2816 ) 
4 47 112 (-1024 1024 -2811.998291 ) (-1024 1024 -2816 ) (-242 1024 -2816 ) (-242 1024 -2812 ) 
4 47 111 (-1024 1024 -2048 ) (-1024 1024 -2811.998291 ) (-242 1024 -2812 ) (-242 1024 -2048 ) 
4 48 190 (-1024 1024 -3136 ) (-1024 1024 -3072 ) (-1024 1036 -3080 ) (-1024 1036 -3136 ) 
4 48 116 (-256 1024 -3136 ) (-242 1024 -3136 ) (-242 1024 -3072 ) (-256 1024 -3072 ) 
4 48 53 (-448 1024 -3136 ) (-576 1024 -3136 ) (-576 1036 -3136 ) (-448 1036 -3136 ) 
4 48 52 (-242 1024 -3136 ) (-448 1024 -3136 ) (-448 1036 -3136 ) (-242 1036 -3136 ) 
4 48 54 (-576 1024 -3136 ) (-1024 1024 -3136 ) (-1024 1036 -3136 ) (-576 1036 -3136 ) 
4 49 188 (-1024 1728 -3136 ) (-1024 2048 -3136 ) (-1024 2048 -3520 ) (-1024 1728 -3520 ) 
4 49 55 (-576 2048 -3520 ) (-192 2048 -3520 ) (-192 1728 -3520 ) (-576 1728 -3520 ) 
4 49 50 (-1024 1728 -3520 ) (-256 1728 -3520 ) (-256 1728 -3136 ) (-1024 1728 -3136 ) 
4 50 188 (-1024 1472 -3136 ) (-1024 1728 -3136 ) (-1024 1728 -3520 ) (-1024 1472 -3520 ) 
4 50 56 (-576 1728 -3520 ) (-256 1728 -3520 ) (-256 1472 -3520 ) (-576 1472 -3520 ) 
4 50 51 (-1024 1472 -3520 ) (-576 1472 -3520 ) (-576 1472 -3136 ) (-1024 1472 -3136 ) 
4 51 188 (-1024 1216 -3136 ) (-1024 1472 -3136 ) (-1024 1472 -3520 ) (-1024 1216 -3520 ) 
4 51 54 (-1024 1216 -3520 ) (-576 1216 -3520 ) (-576 1216 -3136 ) (-1024 1216 -3136 ) 
4 52 140 (-256 1024 -3520 ) (-192 1024 -3520 ) (-192 1024 -3280 ) (-256 1024 -3280 ) 
4 52 139 (-192 1024 -3280 ) (-192 1024 -3272 ) (-256 1024 -3272 ) (-256 1024 -3280 ) 
4 52 116 (-192 1024 -3272 ) (-192 1024 -3136 ) (-256 1024 -3136 ) (-256 1024 -3272 ) 
4 52 58 (-448 1216 -3520 ) (-256 1216 -3520 ) (-256 1024 -3520 ) (-448 1024 -3520 ) 
4 52 57 (-256 1216 -3520 ) (-192 1216 -3520 ) (-192 1024 -3520 ) (-256 1024 -3520 ) 
4 52 53 (-448 1216 -3136 ) (-448 1216 -3336 ) (-448 1024 -3336 ) (-448 1024 -3136 ) 
4 53 54 (-576 1216 -3136 ) (-576 1216 -3336 ) (-576 1024 -3336 ) (-576 1024 -3136 ) 
4 54 190 (-1024 1024 -3520 ) (-1024 1024 -3136 ) (-1024 1036 -3136 ) (-1024 1036 -3520 ) 
4 54 188 (-1024 1036 -3136 ) (-1024 1216 -3136 ) (-1024 1216 -3520 ) (-1024 1036 -3520 ) 
4 55 56 (-576 1728 -3520 ) (-576 1728 -3648 ) (-256 1728 -3648 ) (-256 1728 -3520 ) 
4 57 140 (-192 1024 -3609.599854 ) (-192 1024 -3520 ) (-256 1024 -3520 ) (-256 1024 -3609.600342 ) 
4 57 58 (-256 1216 -3520 ) (-256 1216 -3584 ) (-256 1024 -3584 ) (-256 1024 -3520 ) 
4 59 122 (0 1016 -3136 ) (0 832 -3136 ) (0 832 -3072 ) (0 1016 -3072 ) 
4 59 116 (0 1024 -3072 ) (0 1024 -3136 ) (0 1016 -3136 ) (0 1016 -3072 ) 
4 59 110 (0 1024 -2048 ) (0 1024 -3072 ) (0 832 -3072 ) (0 832 -2048 ) 
4 59 72 (208 832 -2048 ) (0 832 -2048 ) (0 832 -3136 ) (208 832 -3136 ) 
4 59 60 (128 1024 -3136 ) (208 1024 -3136 ) (208 844 -3136 ) (128 844 -3136 ) 
4 59 62 (0 1024 -3136 ) (128 1024 -3136 ) (128 832 -3136 ) (0 832 -3136 ) 
4 60 61 (128 844 -3144 ) (128 844 -3264 ) (208 844 -3264 ) (208 844 -3144 ) 
4 60 62 (128 1024 -3264 ) (128 844 -3264 ) (128 844 -3136 ) (128 1024 -3136 ) 
4 61 62 (128 844 -3264 ) (128 832 -3264 ) (128 832 -3144 ) (128 844 -3144 ) 
4 62 122 (0 1016 -3264 ) (0 832 -3264 ) (0 832 -3136 ) (0 1016 -3136 ) 
4 62 116 (0 1024 -3136 ) (0 1024 -3264 ) (0 1016 -3264 ) (0 1016 -3136 ) 
4 62 78 (0 832 -3200 ) (0 832 -3264 ) (128 832 -3264 ) (128 832 -3200 ) 
4 62 73 (0 832 -3136 ) (0 832 -3200 ) (128 832 -3200 ) (128 832 -3136 ) 
4 62 63 (96 832 -3264 ) (0 832 -3264 ) (0 1024 -3264 ) (96 1024 -3264 ) 
4 63 140 (0 1024 -3280 ) (0 1024 -3328 ) (0 832 -3328 ) (0 832 -3280 ) 
4 63 139 (0 1024 -3272 ) (0 1024 -3280 ) (0 832 -3280 ) (0 832 -3272 ) 
4 63 122 (0 1016 -3272 ) (0 832 -3272 ) (0 832 -3264 ) (0 1016 -3264 ) 
4 63 116 (0 1024 -3264 ) (0 1024 -3272 ) (0 1016 -3272 ) (0 1016 -3264 ) 
4 63 101 (0 832 -3328 ) (0 1024 -3328 ) (32 1024 -3328 ) (32 832 -3328 ) 
4 63 98 (32 1024 -3328 ) (96 1024 -3328 ) (96 832 -3328 ) (32 832 -3328 ) 
4 63 78 (0 832 -3328 ) (96 832 -3328 ) (96 832 -3264 ) (0 832 -3264 ) 
4 64 82 (384 576 -3200 ) (576 576 -3200 ) (576 576 -2048 ) (384 576 -2048 ) 
4 64 79 (576 576 -3200 ) (384 576 -3200 ) (384 584 -3200 ) (576 584 -3200 ) 
4 64 74 (384 584 -3200 ) (384 832 -3200 ) (576 832 -3200 ) (576 584 -3200 ) 
5 64 71 (384 576.003662 -3200 ) (384 576 -3200 ) (384 576 -3132 ) (384 662 -3132 ) (384 662 -3162.376709 ) 
4 64 68 (384 662 -3162.376709 ) (384 662 -3132 ) (384 676.567871 -3132 ) (384 704 -3144.001709 ) 
3 64 67 (384 676.567871 -3132 ) (384 726 -3132 ) (384 726 -3153.626709 ) 
5 64 66 (384 832 -3200 ) (384 831.995728 -3200 ) (384 726 -3153.626709 ) (384 726 -3132 ) (384 832 -3132 ) 
4 64 65 (384 576 -3132 ) (384 576 -2048 ) (384 832 -2048 ) (384 832 -3132 ) 
4 65 82 (384 576 -3132 ) (384 576 -2048 ) (256 576 -2048 ) (256 576 -3132 ) 
4 65 72 (256 832 -2048 ) (256 832 -3132 ) (256 576 -3132 ) (256 576 -2048 ) 
4 65 71 (256 576 -3132 ) (256 662 -3132 ) (384 662 -3132 ) (384 576 -3132 ) 
4 65 70 (256 662 -3132 ) (256 676.567871 -3132 ) (328 676.567871 -3132 ) (328 662 -3132 ) 
4 65 69 (256 676.567871 -3132 ) (256 726 -3132 ) (328 726 -3132 ) (328 676.567871 -3132 ) 
4 65 68 (384 676.567871 -3132 ) (384 662 -3132 ) (376 662 -3132 ) (376 676.567871 -3132 ) 
4 65 67 (376 726 -3132 ) (384 726 -3132 ) (384 676.567871 -3132 ) (376 676.567871 -3132 ) 
4 65 66 (256 726 -3132 ) (256 832 -3132 ) (384 832 -3132 ) (384 726 -3132 ) 
4 66 72 (256 832 -3132 ) (256 832 -3136 ) (256 726 -3136 ) (256 726 -3132 ) 
4 66 69 (328 726 -3132 ) (256 726 -3132 ) (256 726 -3153.626709 ) (328 726 -3153.626709 ) 
4 66 67 (384 726 -3153.626709 ) (384 726 -3132 ) (376 726 -3132 ) (376 726 -3153.626709 ) 
4 67 68 (384 676.566956 -3132 ) (376 676.566956 -3132 ) (376 704 -3144.001953 ) (384 704 -3144.001953 ) 
4 68 71 (384 662 -3162.376709 ) (384 662 -3132 ) (376 662 -3132 ) (376 662 -3162.376709 ) 
4 69 72 (256 676.567871 -3132 ) (256 726 -3132 ) (256 726 -3136 ) (256 685.710693 -3136 ) 
4 69 70 (328 704 -3144.001953 ) (328 676.566956 -3132 ) (256 676.566956 -3132 ) (256 704 -3144.001953 ) 
4 70 72 (256 662 -3136 ) (256 662 -3132 ) (256 676.567871 -3132 ) (256 685.710632 -3136 ) 
4 70 71 (328 662 -3132 ) (256 662 -3132 ) (256 662 -3162.376709 ) (328 662 -3162.376709 ) 
4 71 82 (256 576 -3200 ) (384 576 -3200 ) (384 576 -3132 ) (256 576 -3132 ) 
4 71 72 (256 576 -3136 ) (256 576 -3132 ) (256 662 -3132 ) (256 662 -3136 ) 
4 72 177 (0 576 -3136 ) (0 576 -2048 ) (0 640 -2048 ) (0 640 -3136 ) 
4 72 133 (0 648 -3136 ) (0 640 -3136 ) (0 640 -3072 ) (0 648 -3072 ) 
4 72 122 (0 832 -3072 ) (0 832 -3136 ) (0 648 -3136 ) (0 648 -3072 ) 
4 72 110 (0 640 -2048 ) (0 832 -2048 ) (0 832 -3072 ) (0 640 -3072 ) 
4 72 83 (0 576 -2048 ) (0 576 -3136 ) (256 576 -3136 ) (256 576 -2048 ) 
4 72 73 (0 832 -3136 ) (128 832 -3136 ) (128 576 -3136 ) (0 576 -3136 ) 
4 73 177 (0 576 -3200 ) (0 576 -3136 ) (0 640 -3136 ) (0 640 -3200 ) 
4 73 134 (0 648 -3168 ) (0 648 -3200 ) (0 640 -3200 ) (0 640 -3168 ) 
4 73 133 (0 640 -3136 ) (0 648 -3136 ) (0 648 -3168 ) (0 640 -3168 ) 
4 73 122 (0 648 -3136 ) (0 832 -3136 ) (0 832 -3200 ) (0 648 -3200 ) 
4 73 84 (0 576 -3136 ) (0 576 -3200 ) (128 576 -3200 ) (128 576 -3136 ) 
4 73 81 (128 576 -3200 ) (0 576 -3200 ) (0 584 -3200 ) (128 584 -3200 ) 
4 73 78 (0 584 -3200 ) (0 832 -3200 ) (128 832 -3200 ) (128 584 -3200 ) 
4 74 79 (576 584 -3264 ) (576 584 -3200 ) (384 584 -3200 ) (384 584 -3264 ) 
4 75 77 (328 726 -3200 ) (328 824 -3200 ) (328 824 -3328 ) (328 726 -3328 ) 
4 76 77 (328 584 -3328 ) (328 584 -3200 ) (328 662 -3200 ) (328 662 -3328 ) 
4 77 80 (168 584 -3328 ) (224 584 -3328 ) (224 584 -3216 ) (168 584 -3216 ) 
4 78 182 (0 640 -3328 ) (0 584 -3328 ) (0 584 -3224 ) (0 640 -3224 ) 
4 78 177 (0 584 -3224 ) (0 584 -3200 ) (0 640 -3200 ) (0 640 -3224 ) 
4 78 141 (0 718 -3328 ) (0 716 -3328 ) (0 716 -3280 ) (0 718 -3280 ) 
4 78 140 (0 832 -3328 ) (0 718 -3328 ) (0 718 -3280 ) (0 832 -3280 ) 
4 78 144 (0 716 -3328 ) (0 640 -3328 ) (0 640 -3280 ) (0 716 -3280 ) 
4 78 139 (0 640 -3280 ) (0 640 -3272 ) (0 832 -3272 ) (0 832 -3280 ) 
4 78 134 (0 640 -3272 ) (0 640 -3200 ) (0 648 -3200 ) (0 648 -3272 ) 
4 78 122 (0 648 -3200 ) (0 832 -3200 ) (0 832 -3272 ) (0 648 -3272 ) 
3 78 103 (0 824 -3328 ) (0 832 -3328 ) (8 824 -3328 ) 
4 78 81 (0 584 -3328 ) (128 584 -3328 ) (128 584 -3200 ) (0 584 -3200 ) 
4 79 82 (576 576 -3200 ) (384 576 -3200 ) (384 576 -3264 ) (576 576 -3264 ) 
4 80 87 (168 576 -3328 ) (224 576 -3328 ) (224 576 -3216 ) (168 576 -3216 ) 
4 81 182 (0 584 -3328 ) (0 576 -3328 ) (0 576 -3224 ) (0 584 -3224 ) 
4 81 177 (0 576 -3224 ) (0 576 -3200 ) (0 584 -3200 ) (0 584 -3224 ) 
4 81 88 (0 576 -3200 ) (0 576 -3328 ) (128 576 -3328 ) (128 576 -3200 ) 
4 82 206 (576 0 -2048 ) (256 0 -2048 ) (256 0 -3264 ) (576 0 -3264 ) 
4 82 93 (256 0 -3136 ) (256 0 -2048 ) (256 128 -2048 ) (256 128 -3136 ) 
4 82 83 (256 576 -2048 ) (256 576 -3136 ) (256 128 -3136 ) (256 128 -2048 ) 
4 83 183 (0 128 -3136 ) (0 128 -2048 ) (0 448 -2048 ) (0 448 -3136 ) 
4 83 177 (0 448 -2048 ) (0 576 -2048 ) (0 576 -3136 ) (0 448 -3136 ) 
4 83 96 (0 128 -2048 ) (0 128 -3136 ) (32 128 -3136 ) (32 128 -2048 ) 
4 83 93 (32 128 -3136 ) (256 128 -3136 ) (256 128 -2048 ) (32 128 -2048 ) 
4 83 84 (128 128 -3136 ) (0 128 -3136 ) (0 576 -3136 ) (128 576 -3136 ) 
4 84 183 (0 128 -3200 ) (0 128 -3136 ) (0 448 -3136 ) (0 448 -3200 ) 
4 84 177 (0 448 -3136 ) (0 576 -3136 ) (0 576 -3200 ) (0 448 -3200 ) 
4 84 96 (0 128 -3136 ) (0 128 -3200 ) (32 128 -3200 ) (32 128 -3136 ) 
4 84 92 (128 128 -3200 ) (0 128 -3200 ) (0 136 -3200 ) (128 136 -3200 ) 
4 84 88 (0 136 -3200 ) (0 576 -3200 ) (128 576 -3200 ) (128 136 -3200 ) 
4 85 87 (248 518 -3228 ) (248 518 -3312 ) (248 478 -3312 ) (248 478 -3228 ) 
4 86 87 (248 390 -3228 ) (248 390 -3312 ) (248 350 -3312 ) (248 350 -3228 ) 
4 87 89 (168 136 -3328 ) (224 136 -3328 ) (224 136 -3216 ) (168 136 -3216 ) 
4 88 183 (0 448 -3328 ) (0 136 -3328 ) (0 136 -3200 ) (0 448 -3200 ) 
4 88 182 (0 576 -3328 ) (0 448 -3328 ) (0 448 -3224 ) (0 576 -3224 ) 
4 88 177 (0 448 -3224 ) (0 448 -3200 ) (0 576 -3200 ) (0 576 -3224 ) 
4 88 92 (0 136 -3328 ) (128 136 -3328 ) (128 136 -3200 ) (0 136 -3200 ) 
4 89 90 (224 132 -3328 ) (224 132 -3216 ) (168 132 -3216 ) (168 132 -3328 ) 
4 90 91 (224 131 -3328 ) (224 131 -3216 ) (168 131 -3216 ) (168 131 -3328 ) 
4 91 94 (168 128 -3328 ) (224 128 -3328 ) (224 128 -3216 ) (168 128 -3216 ) 
4 92 183 (0 136 -3328 ) (0 128 -3328 ) (0 128 -3200 ) (0 136 -3200 ) 
3 92 106 (0 128.002106 -3328 ) (0 136 -3328 ) (7.997893 136 -3328 ) 
4 92 97 (0 128 -3264 ) (0 128 -3328 ) (32 128 -3328 ) (32 128 -3264 ) 
4 92 96 (0 128 -3200 ) (0 128 -3264 ) (32 128 -3264 ) (32 128 -3200 ) 
4 93 223 (32 0 -2048 ) (32 0 -3136 ) (122 0 -3136 ) (122 0 -2048 ) 
4 93 213 (122 0 -3136 ) (182 0 -3136 ) (182 0 -2048 ) (122 0 -2048 ) 
4 93 207 (182 0 -3136 ) (256 0 -3136 ) (256 0 -2048 ) (182 0 -2048 ) 
4 93 96 (32 128 -2048 ) (32 128 -3136 ) (32 0 -3136 ) (32 0 -2048 ) 
4 94 221 (152 0 -3328 ) (182 0 -3328 ) (182 0 -3320 ) (152 0 -3320 ) 
4 94 218 (182 0 -3320 ) (182 0 -3288 ) (152 0 -3288 ) (152 0 -3320 ) 
4 94 217 (182 0 -3288 ) (182 0 -3280 ) (152 0 -3280 ) (152 0 -3288 ) 
4 94 216 (182 0 -3280 ) (182 0 -3272 ) (152 0 -3272 ) (152 0 -3280 ) 
4 94 214 (182 0 -3272 ) (182 0 -3144 ) (152 0 -3144 ) (152 0 -3272 ) 
4 94 212 (182 0 -3328 ) (184 0 -3328 ) (184 0 -3144 ) (182 0 -3144 ) 
4 94 209 (184 0 -3328 ) (206 0 -3328 ) (206 0 -3144 ) (184 0 -3144 ) 
4 94 208 (206 0 -3328 ) (248 0 -3328 ) (248 0 -3144 ) (206 0 -3144 ) 
4 94 95 (152 0 -3144 ) (152 96 -3144 ) (152 96 -3328 ) (152 0 -3328 ) 
4 95 225 (72 0 -3328 ) (122 0 -3328 ) (122 0 -3144 ) (72 0 -3144 ) 
4 95 221 (122 0 -3328 ) (152 0 -3328 ) (152 0 -3320 ) (122 0 -3320 ) 
4 95 218 (152 0 -3320 ) (152 0 -3288 ) (122 0 -3288 ) (122 0 -3320 ) 
4 95 217 (152 0 -3288 ) (152 0 -3280 ) (122 0 -3280 ) (122 0 -3288 ) 
4 95 216 (152 0 -3280 ) (152 0 -3272 ) (122 0 -3272 ) (122 0 -3280 ) 
4 95 214 (152 0 -3272 ) (152 0 -3144 ) (122 0 -3144 ) (122 0 -3272 ) 
4 96 227 (0 0 -3144 ) (0 0 -3264 ) (32 0 -3264 ) (32 0 -3144 ) 
4 96 224 (0 0 -3136 ) (0 0 -3144 ) (32 0 -3144 ) (32 0 -3136 ) 
4 96 223 (0 0 -2048 ) (0 0 -3136 ) (32 0 -3136 ) (32 0 -2048 ) 
4 96 183 (0 0 -3264 ) (0 0 -2048 ) (0 128 -2048 ) (0 128 -3264 ) 
4 96 97 (0 64 -3264 ) (0 128 -3264 ) (32 128 -3264 ) (32 64 -3264 ) 
4 97 183 (0 128 -3328 ) (0 64 -3328 ) (0 64 -3264 ) (0 128 -3264 ) 
4 97 107 (0 64 -3328 ) (0 128 -3328 ) (32 128 -3328 ) (32 64 -3328 ) 
4 98 101 (32 832 -3328 ) (32 1024 -3328 ) (32 1024 -3609.598389 ) (32 832 -3571.198242 ) 
4 98 99 (96 896.013000 -3584 ) (96 832 -3571.197266 ) (32 832 -3571.197754 ) (32 896.011414 -3584 ) 
3 99 102 (32 832 -3584 ) (32 832 -3571.198242 ) (32 896.008545 -3584 ) 
4 100 104 (32 416 -3392 ) (32 416 -3336 ) (32 544 -3336 ) (32 544 -3392 ) 
4 100 105 (32 544 -3584 ) (32 416 -3584 ) (32 416 -3392 ) (32 544 -3392 ) 
4 101 140 (0 1024 -3328 ) (0 1024 -3609.598633 ) (0 832 -3571.198730 ) (0 832 -3328 ) 
4 101 102 (32 832 -3571.197021 ) (0 832 -3571.197266 ) (0 896.013428 -3584 ) (32 896.014648 -3584 ) 
3 102 145 (0 832 -3584 ) (0 832 -3571.198730 ) (0 896.006531 -3584 ) 
4 104 105 (32 416 -3392 ) (8 416 -3392 ) (8 544 -3392 ) (32 544 -3392 ) 
4 105 183 (0 448 -3584 ) (0 416 -3584 ) (0 416 -3392 ) (0 448 -3392 ) 
4 105 182 (0 544 -3392 ) (0 544 -3584 ) (0 448 -3584 ) (0 448 -3392 ) 
4 107 183 (0 64 -3584 ) (0 64 -3328 ) (0 128 -3328 ) (0 128 -3584 ) 
4 107 108 (32 64 -3584 ) (0 64 -3584 ) (0 128 -3584 ) (32 128 -3584 ) 
4 108 186 (0 64 -3592 ) (0 64 -3584 ) (0 128 -3584 ) (0 128 -3592 ) 
4 108 109 (32 64 -3592 ) (0 64 -3592 ) (0 128 -3592 ) (32 128 -3592 ) 
4 109 187 (0 64 -3648 ) (0 64 -3592 ) (0 128 -3592 ) (0 128 -3648 ) 
4 110 177 (-242 640 -3072 ) (0 640 -3072 ) (0 640 -2048 ) (-242 640 -2048 ) 
4 110 133 (0 640 -3072 ) (-242 640 -3072 ) (-242 648 -3072 ) (0 648 -3072 ) 
4 110 122 (-242 648 -3072 ) (-242 1016 -3072 ) (0 1016 -3072 ) (0 648 -3072 ) 
4 110 116 (-242 1016 -3072 ) (-242 1024 -3072 ) (0 1024 -3072 ) (0 1016 -3072 ) 
3 110 114 (-242 1024 -3072 ) (-242 640 -3072 ) (-242 832 -2944 ) 
3 110 113 (-242 835 -2942 ) (-242 1024 -2816 ) (-242 1024 -3068 ) 
4 110 112 (-242 832 -2940 ) (-242 1024 -2812 ) (-242 1024 -2816 ) (-242 835 -2942 ) 
4 110 111 (-242 640 -3068 ) (-242 640 -2048 ) (-242 1024 -2048 ) (-242 1024 -2812 ) 
4 111 201 (-1024 640 -3067.998291 ) (-1024 640 -2048 ) (-1024 648 -2048 ) (-1024 648 -3062.665039 ) 
4 111 194 (-1024 648 -2048 ) (-1024 1016 -2048 ) (-1024 1016 -2817.331543 ) (-1024 648 -3062.665039 ) 
4 111 192 (-1024 1016 -2048 ) (-1024 1024 -2048 ) (-1024 1024 -2811.998291 ) (-1024 1016 -2817.331543 ) 
4 111 178 (-1024 640 -2048 ) (-1024 640 -3067.998291 ) (-242 640 -3068 ) (-242 640 -2048 ) 
4 111 112 (-242 1024 -2812.002441 ) (-242 832.001770 -2940.001221 ) (-1024 832 -2940 ) (-1024 1024 -2812 ) 
4 112 195 (-1024 831.998596 -2940 ) (-1024 1016 -2817.331543 ) (-1024 1016 -2821.333252 ) (-1024 835 -2942 ) 
4 112 192 (-1024 1016 -2817.331543 ) (-1024 1024 -2811.998291 ) (-1024 1024 -2816 ) (-1024 1016 -2821.333252 ) 
4 112 113 (-1024 1024 -2815.997314 ) (-242 1024 -2815.997314 ) (-242 834.997742 -2941.998779 ) (-1024 834.997742 -2941.998779 ) 
3 113 195 (-1024 835 -2942 ) (-1024 1016 -2821.333252 ) (-1024 1016 -3062.666748 ) 
4 113 192 (-1024 1016 -2821.333252 ) (-1024 1024 -2816 ) (-1024 1024 -3068 ) (-1024 1016 -3062.666748 ) 
4 114 133 (-242 640 -3072 ) (-256 640 -3072 ) (-256 648 -3072 ) (-242 648 -3072 ) 
4 114 122 (-256 648 -3072 ) (-256 1016 -3072 ) (-242 1016 -3072 ) (-242 648 -3072 ) 
4 114 116 (-256 1016 -3072 ) (-256 1024 -3072 ) (-242 1024 -3072 ) (-242 1016 -3072 ) 
3 115 202 (-1024 640 -3072 ) (-1024 648 -3066.666748 ) (-1024 648 -3072 ) 
5 115 196 (-1024 648 -3066.666748 ) (-1024 832 -2944 ) (-1024 1016 -3066.666748 ) (-1024 1016 -3072 ) (-1024 648 -3072 ) 
3 115 193 (-1024 1016 -3066.666748 ) (-1024 1024 -3072 ) (-1024 1016 -3072 ) 
4 115 131 (-1024 768 -3072 ) (-1024 776 -3072 ) (-412 776 -3072 ) (-412 768 -3072 ) 
4 115 132 (-1024 648 -3072 ) (-1024 768 -3072 ) (-264 768 -3072 ) (-264 648 -3072 ) 
4 115 127 (-1024 776 -3072 ) (-1024 1016 -3072 ) (-412 1016 -3072 ) (-412 776 -3072 ) 
4 116 139 (-256 1024 -3272 ) (0 1024 -3272 ) (0 1016 -3272 ) (-256 1016 -3272 ) 
4 116 122 (-256 1016 -3272 ) (0 1016 -3272 ) (0 1016 -3072 ) (-256 1016 -3072 ) 
4 117 126 (-340 1016 -3272 ) (-300 1016 -3272 ) (-300 1016 -3168 ) (-340 1016 -3168 ) 
4 118 127 (-468 1016 -3272 ) (-428 1016 -3272 ) (-428 1016 -3168 ) (-468 1016 -3168 ) 
4 119 127 (-596 1016 -3272 ) (-556 1016 -3272 ) (-556 1016 -3168 ) (-596 1016 -3168 ) 
4 120 127 (-724 1016 -3272 ) (-684 1016 -3272 ) (-684 1016 -3168 ) (-724 1016 -3168 ) 
4 121 127 (-852 1016 -3272 ) (-812 1016 -3272 ) (-812 1016 -3168 ) (-852 1016 -3168 ) 
4 122 139 (-256 1016 -3272 ) (0 1016 -3272 ) (0 648 -3272 ) (-256 648 -3272 ) 
4 122 134 (-256 648 -3272 ) (0 648 -3272 ) (0 648 -3168 ) (-256 648 -3168 ) 
4 122 133 (0 648 -3168 ) (0 648 -3072 ) (-256 648 -3072 ) (-256 648 -3168 ) 
4 122 123 (-256 980 -3272 ) (-256 940 -3272 ) (-256 940 -3168 ) (-256 980 -3168 ) 
4 123 126 (-264 980 -3272 ) (-264 940 -3272 ) (-264 940 -3168 ) (-264 980 -3168 ) 
4 124 126 (-264 852 -3272 ) (-264 812 -3272 ) (-264 812 -3168 ) (-264 852 -3168 ) 
4 125 132 (-264 724 -3272 ) (-264 684 -3272 ) (-264 684 -3168 ) (-264 724 -3168 ) 
4 126 152 (-404 1016 -3272 ) (-264 1016 -3272 ) (-264 776 -3272 ) (-404 776 -3272 ) 
4 126 128 (-332 776 -3272 ) (-284 776 -3272 ) (-284 776 -3172 ) (-332 776 -3172 ) 
4 127 196 (-1024 776 -3072 ) (-1024 1016 -3072 ) (-1024 1016 -3272 ) (-1024 776 -3272 ) 
4 127 153 (-1024 776 -3272 ) (-1024 1016 -3272 ) (-412 1016 -3272 ) (-412 776 -3272 ) 
4 127 131 (-1024 776 -3272 ) (-412 776 -3272 ) (-412 776 -3072 ) (-1024 776 -3072 ) 
4 128 154 (-332 776 -3272 ) (-284 776 -3272 ) (-284 773 -3272 ) (-332 773 -3272 ) 
4 128 129 (-332 773 -3172 ) (-332 773 -3272 ) (-284 773 -3272 ) (-284 773 -3172 ) 
4 129 155 (-284 773 -3272 ) (-284 772 -3272 ) (-332 772 -3272 ) (-332 773 -3272 ) 
4 129 130 (-332 772 -3172 ) (-332 772 -3272 ) (-284 772 -3272 ) (-284 772 -3172 ) 
4 130 156 (-284 772 -3272 ) (-284 768 -3272 ) (-332 768 -3272 ) (-332 772 -3272 ) 
4 130 132 (-332 768 -3272 ) (-284 768 -3272 ) (-284 768 -3172 ) (-332 768 -3172 ) 
4 131 196 (-1024 768 -3072 ) (-1024 776 -3072 ) (-1024 776 -3272 ) (-1024 768 -3272 ) 
4 131 157 (-1024 768 -3272 ) (-1024 776 -3272 ) (-412 776 -3272 ) (-412 768 -3272 ) 
4 131 132 (-1024 768 -3272 ) (-412 768 -3272 ) (-412 768 -3072 ) (-1024 768 -3072 ) 
4 132 196 (-1024 648 -3072 ) (-1024 768 -3072 ) (-1024 768 -3272 ) (-1024 648 -3272 ) 
4 132 158 (-1024 648 -3272 ) (-1024 768 -3272 ) (-264 768 -3272 ) (-264 648 -3272 ) 
4 132 138 (-724 648 -3272 ) (-684 648 -3272 ) (-684 648 -3168 ) (-724 648 -3168 ) 
4 132 137 (-596 648 -3272 ) (-556 648 -3272 ) (-556 648 -3168 ) (-596 648 -3168 ) 
4 132 136 (-468 648 -3272 ) (-428 648 -3272 ) (-428 648 -3168 ) (-468 648 -3168 ) 
4 132 135 (-340 648 -3272 ) (-300 648 -3272 ) (-300 648 -3168 ) (-340 648 -3168 ) 
4 133 179 (-256 640 -3168 ) (-242 640 -3168 ) (-242 640 -3072 ) (-256 640 -3072 ) 
4 133 177 (-242 640 -3168 ) (0 640 -3168 ) (0 640 -3072 ) (-242 640 -3072 ) 
4 133 134 (0 640 -3168 ) (-256 640 -3168 ) (-256 648 -3168 ) (0 648 -3168 ) 
4 134 182 (-256 640 -3272 ) (0 640 -3272 ) (0 640 -3224 ) (-256 640 -3224 ) 
4 134 179 (-242 640 -3168 ) (-256 640 -3168 ) (-256 640 -3224 ) (-242 640 -3224 ) 
4 134 177 (0 640 -3224 ) (0 640 -3168 ) (-242 640 -3168 ) (-242 640 -3224 ) 
4 134 139 (0 640 -3272 ) (-256 640 -3272 ) (-256 648 -3272 ) (0 648 -3272 ) 
4 139 182 (0 640 -3280 ) (0 640 -3272 ) (-256 640 -3272 ) (-256 640 -3280 ) 
4 139 142 (-235 718 -3280 ) (-182.677368 718 -3280 ) (-182.675751 716 -3280 ) (-235 716 -3280 ) 
4 139 141 (-173.371109 718 -3280 ) (0 718 -3280 ) (0 716 -3280 ) (-173.374390 716 -3280 ) 
4 139 143 (-256 716 -3280 ) (-256 718 -3280 ) (-235 718 -3280 ) (-235 716 -3280 ) 
4 139 140 (-256 718 -3280 ) (-256 1024 -3280 ) (0 1024 -3280 ) (0 718 -3280 ) 
4 139 144 (0 640 -3280 ) (-256 640 -3280 ) (-256 716 -3280 ) (0 716 -3280 ) 
4 140 151 (-256 736 -3516 ) (-256 736 -3552 ) (-256 718 -3548.400146 ) (-256 718 -3516 ) 
4 140 150 (-256 736 -3368 ) (-256 736 -3470 ) (-256 718 -3470 ) (-256 718 -3368 ) 
5 140 149 (-256 864 -3516 ) (-256 864 -3572 ) (-256 835.998413 -3572 ) (-256 800 -3564.800293 ) (-256 800 -3516 ) 
4 140 148 (-256 864 -3368 ) (-256 864 -3470 ) (-256 800 -3470 ) (-256 800 -3368 ) 
4 140 147 (-256 992 -3516 ) (-256 992 -3572 ) (-256 928 -3572 ) (-256 928 -3516 ) 
4 140 146 (-256 992 -3368 ) (-256 992 -3470 ) (-256 928 -3470 ) (-256 928 -3368 ) 
4 140 145 (-256 718 -3548.399902 ) (-256 896 -3584 ) (0 896.009705 -3584 ) (0 718 -3548.397949 ) 
3 140 142 (-182.677368 718 -3280 ) (-235 718 -3280 ) (-235 718 -3324.309326 ) 
5 140 141 (-235 718 -3548.396240 ) (0 718 -3548.394531 ) (0 718 -3280 ) (-173.371109 718 -3280 ) (-235 718 -3335.626953 ) 
4 140 143 (-256 718 -3548.396484 ) (-235 718 -3548.396240 ) (-235 718 -3280 ) (-256 718 -3280 ) 
4 141 145 (-235 718 -3548.399658 ) (0 718 -3548.397949 ) (0 716 -3547.998047 ) (-235 716 -3548 ) 
4 141 143 (-235 718 -3335.626953 ) (-235 718 -3548.398438 ) (-235 716 -3548 ) (-235 716 -3335.624023 ) 
5 141 144 (-235 716 -3547.997803 ) (0 716 -3547.996094 ) (0 716 -3280 ) (-173.374390 716 -3280 ) (-235 716 -3335.624023 ) 
3 142 144 (-182.675751 716 -3280 ) (-235 716 -3280 ) (-235 716 -3324.310547 ) 
4 142 143 (-235 718 -3280 ) (-235 718 -3324.309326 ) (-235 716 -3324.310547 ) (-235 716 -3280 ) 
4 143 151 (-256 718 -3516 ) (-256 718 -3548.400146 ) (-256 716 -3548 ) (-256 716 -3516 ) 
4 143 150 (-256 718 -3368 ) (-256 718 -3470 ) (-256 716 -3470 ) (-256 716 -3368 ) 
4 143 145 (-256 716 -3548 ) (-256 718 -3548.399902 ) (-235 718 -3548.399658 ) (-235 716 -3548 ) 
4 143 144 (-256 716 -3547.998047 ) (-235 716 -3547.997803 ) (-235 716 -3280 ) (-256 716 -3280 ) 
4 144 182 (0 640 -3532.798584 ) (0 640 -3280 ) (-256 640 -3280 ) (-256 640 -3532.800293 ) 
4 144 151 (-256 716 -3516 ) (-256 716 -3548 ) (-256 672 -3539.200195 ) (-256 672 -3516 ) 
4 144 150 (-256 716 -3368 ) (-256 716 -3470 ) (-256 672 -3470 ) (-256 672 -3368 ) 
4 144 145 (0 640 -3532.798096 ) (-256 640 -3532.800049 ) (-256 716 -3548 ) (0 716 -3547.998047 ) 
4 145 182 (0 640 -3584 ) (0 640 -3532.798584 ) (-256 640 -3532.800293 ) (-256 640 -3584 ) 
4 145 151 (-256 672 -3539.200195 ) (-256 736 -3552 ) (-256 736 -3572 ) (-256 672 -3572 ) 
3 145 149 (-256 800 -3564.800293 ) (-256 835.998413 -3572 ) (-256 800 -3572 ) 
4 152 154 (-332 776 -3280 ) (-284 776 -3280 ) (-284 776 -3272 ) (-332 776 -3272 ) 
4 153 196 (-1024 776 -3272 ) (-1024 1016 -3272 ) (-1024 1016 -3280 ) (-1024 776 -3280 ) 
4 153 160 (-1024 844 -3280 ) (-1024 1016 -3280 ) (-992 1016 -3280 ) (-992 844 -3280 ) 
4 153 159 (-992 1016 -3280 ) (-824 1016 -3280 ) (-824 928 -3280 ) (-992 928 -3280 ) 
4 153 157 (-1024 776 -3280 ) (-412 776 -3280 ) (-412 776 -3272 ) (-1024 776 -3272 ) 
4 154 155 (-332 773 -3272 ) (-332 773 -3280 ) (-284 773 -3280 ) (-284 773 -3272 ) 
4 155 156 (-332 772 -3272 ) (-332 772 -3280 ) (-284 772 -3280 ) (-284 772 -3272 ) 
4 156 158 (-332 768 -3280 ) (-284 768 -3280 ) (-284 768 -3272 ) (-332 768 -3272 ) 
4 157 196 (-1024 768 -3272 ) (-1024 776 -3272 ) (-1024 776 -3280 ) (-1024 768 -3280 ) 
4 157 158 (-1024 768 -3280 ) (-412 768 -3280 ) (-412 768 -3272 ) (-1024 768 -3272 ) 
4 158 196 (-1024 648 -3280 ) (-1024 648 -3272 ) (-1024 768 -3272 ) (-1024 768 -3280 ) 
4 159 172 (-992 928 -3288 ) (-992 1016 -3288 ) (-984 1016 -3288 ) (-984 928 -3288 ) 
4 159 166 (-984 1016 -3288 ) (-824 1016 -3288 ) (-824 928 -3288 ) (-984 928 -3288 ) 
4 159 160 (-992 1016 -3288 ) (-992 928 -3288 ) (-992 928 -3280 ) (-992 1016 -3280 ) 
4 160 197 (-1024 844 -3280 ) (-1024 1016 -3280 ) (-1024 1016 -3288 ) (-1024 844 -3288 ) 
4 160 174 (-1024 844 -3288 ) (-1024 1016 -3288 ) (-992 1016 -3288 ) (-992 844 -3288 ) 
4 161 162 (-512 1016 -3440 ) (-512 928 -3440 ) (-512 928 -3288 ) (-512 1016 -3288 ) 
4 161 163 (-512 768 -3440 ) (-512 648 -3440 ) (-512 648 -3288 ) (-512 768 -3288 ) 
4 162 164 (-692 996 -3440 ) (-692 948 -3440 ) (-692 948 -3332 ) (-692 996 -3332 ) 
4 163 165 (-692 732 -3440 ) (-692 684 -3440 ) (-692 684 -3332 ) (-692 732 -3332 ) 
4 164 166 (-700 996 -3332 ) (-700 996 -3440 ) (-700 948 -3440 ) (-700 948 -3332 ) 
4 165 169 (-700 732 -3332 ) (-700 732 -3440 ) (-700 684 -3440 ) (-700 684 -3332 ) 
4 166 172 (-984 928 -3288 ) (-984 1016 -3288 ) (-984 1016 -3440 ) (-984 928 -3440 ) 
4 167 169 (-800 752 -3440 ) (-700 752 -3440 ) (-700 752 -3288 ) (-800 752 -3288 ) 
4 167 168 (-800 912 -3288 ) (-800 912 -3440 ) (-800 768 -3440 ) (-800 768 -3288 ) 
4 168 173 (-984 832 -3440 ) (-984 776 -3440 ) (-984 776 -3336 ) (-984 832 -3336 ) 
4 169 170 (-800 744 -3440 ) (-800 672 -3440 ) (-800 672 -3324 ) (-800 744 -3324 ) 
4 170 171 (-816 744 -3440 ) (-816 672 -3440 ) (-816 672 -3324 ) (-816 744 -3324 ) 
4 172 174 (-992 928 -3288 ) (-992 1016 -3288 ) (-992 1016 -3440 ) (-992 928 -3440 ) 
4 173 176 (-992 776 -3336 ) (-992 832 -3336 ) (-992 832 -3448 ) (-992 776 -3448 ) 
4 174 199 (-1024 840 -3440 ) (-1024 840 -3296 ) (-1024 1016 -3296 ) (-1024 1016 -3440 ) 
4 174 198 (-1024 840 -3296 ) (-1024 840 -3288 ) (-1024 1016 -3288 ) (-1024 1016 -3296 ) 
4 174 175 (-992 840 -3296 ) (-992 840 -3288 ) (-1024 840 -3288 ) (-1024 840 -3296 ) 
4 175 198 (-1024 836 -3288 ) (-1024 840 -3288 ) (-1024 840 -3296 ) (-1024 836 -3296 ) 
4 176 200 (-1024 776 -3448 ) (-1024 776 -3296 ) (-1024 832 -3296 ) (-1024 832 -3448 ) 
4 177 183 (0 448 -3224 ) (0 448 -2048 ) (-242 448 -2048 ) (-242 448 -3224 ) 
4 177 182 (0 448 -3224 ) (-242 448 -3224 ) (-242 640 -3224 ) (0 640 -3224 ) 
4 177 179 (-242 640 -3224 ) (-242 628 -3224 ) (-242 628 -3080 ) (-242 640 -3072 ) 
4 177 178 (-242 628 -3076 ) (-242 628 -2048 ) (-242 640 -2048 ) (-242 640 -3068 ) 
4 177 180 (-242 628 -3224 ) (-242 448 -3224 ) (-242 448 -2048 ) (-242 628 -2048 ) 
4 178 180 (-242 628 -3076 ) (-242 628 -2048 ) (-1024 628 -2048 ) (-1024 628 -3075.998047 ) 
4 179 182 (-822.858521 628 -3224 ) (-822.858521 640 -3224 ) (-242 640 -3224 ) (-242 628 -3224 ) 
4 179 181 (-848 640 -3216 ) (-822.854614 640 -3224 ) (-822.854614 628 -3224 ) (-848 628 -3216 ) 
5 179 180 (-1024 628 -3160.001953 ) (-822.863770 628 -3224 ) (-242 628 -3224 ) (-242 628 -3080 ) (-1024 628 -3080 ) 
4 180 185 (-448 448 -2048 ) (-1024 448 -2048 ) (-1024 448 -2816 ) (-448 448 -2816 ) 
4 180 183 (-242 448 -2048 ) (-448 448 -2048 ) (-448 448 -3224 ) (-242 448 -3224 ) 
4 180 182 (-242 448 -3224 ) (-822.858582 448 -3224 ) (-822.858521 628 -3224 ) (-242 628 -3224 ) 
4 180 181 (-822.854614 628 -3224 ) (-822.854614 448 -3224 ) (-848 448 -3216 ) (-848 628 -3216 ) 
4 181 182 (-822.858582 448 -3224 ) (-848 448 -3224 ) (-848 640 -3224 ) (-822.858521 640 -3224 ) 
4 182 183 (0 448 -3584 ) (0 448 -3224 ) (-448 448 -3224 ) (-448 448 -3584 ) 
4 183 309 (-340 0 -3184 ) (-340 0 -3100 ) (-380 0 -3100 ) (-380 0 -3184 ) 
4 183 308 (-340 0 -3100 ) (-340 0 -3072 ) (-380 0 -3072 ) (-380 0 -3100 ) 
4 183 299 (-448 0 -2816 ) (-448 0 -3072 ) (-320 0 -3072 ) (-320 0 -2816 ) 
4 183 298 (-320 0 -2048 ) (-448 0 -2048 ) (-448 0 -2816 ) (-320 0 -2816 ) 
4 183 294 (-64 0 -3456 ) (-256 0 -3456 ) (-256 0 -3584 ) (-64 0 -3584 ) 
4 183 291 (0 0 -3584 ) (0 0 -3456 ) (-64 0 -3456 ) (-64 0 -3584 ) 
4 183 286 (-256 0 -3264 ) (-320 0 -3264 ) (-320 0 -3328 ) (-256 0 -3328 ) 
4 183 283 (-98 0 -3264 ) (-114 0 -3264 ) (-114 0 -3456 ) (-98 0 -3456 ) 
4 183 282 (-96 0 -3264 ) (-98 0 -3264 ) (-98 0 -3456 ) (-96 0 -3456 ) 
4 183 285 (-114 0 -3264 ) (-256 0 -3264 ) (-256 0 -3456 ) (-114 0 -3456 ) 
4 183 280 (0 0 -3456 ) (0 0 -3264 ) (-96 0 -3264 ) (-96 0 -3456 ) 
4 183 277 (-114 0 -3264 ) (-98 0 -3264 ) (-98 0 -3128 ) (-114 0 -3128 ) 
4 183 279 (-320 0 -3128 ) (-320 0 -3264 ) (-114 0 -3264 ) (-114 0 -3128 ) 
4 183 276 (-98 0 -3264 ) (-66 0 -3264 ) (-66 0 -3128 ) (-98 0 -3128 ) 
4 183 271 (-66 0 -3264 ) (-64 0 -3264 ) (-64 0 -3128 ) (-66 0 -3128 ) 
4 183 270 (-64 0 -2048 ) (-320 0 -2048 ) (-320 0 -3128 ) (-64 0 -3128 ) 
4 183 266 (-56 0 -3136 ) (-64 0 -3136 ) (-64 0 -3264 ) (-56 0 -3264 ) 
4 183 263 (0 0 -3264 ) (0 0 -3136 ) (-56 0 -3136 ) (-56 0 -3264 ) 
4 183 260 (0 0 -3136 ) (0 0 -3128 ) (-56 0 -3128 ) (-56 0 -3136 ) 
4 183 261 (-56 0 -3128 ) (-64 0 -3128 ) (-64 0 -3136 ) (-56 0 -3136 ) 
4 183 259 (0 0 -3128 ) (0 0 -2048 ) (-64 0 -2048 ) (-64 0 -3128 ) 
4 183 186 (0 128 -3584 ) (0 0 -3584 ) (-64 0 -3584 ) (-64 128 -3584 ) 
4 183 185 (-448 448 -2048 ) (-448 448 -2816 ) (-448 192.002075 -2816 ) (-448 192.002060 -2048 ) 
4 183 184 (-448 192.002075 -3584 ) (-448 0 -3584 ) (-448 0 -2048 ) (-448 192.002060 -2048 ) 
4 184 341 (-640.002075 0 -3456 ) (-640.002075 0 -3552 ) (-448 0 -3584 ) (-448 0 -3456 ) 
4 184 329 (-640.002075 0 -3328 ) (-640.002075 0 -3456 ) (-448 0 -3456 ) (-448 0 -3328 ) 
4 184 323 (-640.002075 0 -3072 ) (-640.002075 0 -3328 ) (-448 0 -3328 ) (-448 0 -3072 ) 
4 184 299 (-640.002075 0 -2816 ) (-640.002075 0 -3072 ) (-448 0 -3072 ) (-448 0 -2816 ) 
4 184 298 (-640.002075 0 -2048 ) (-640.002075 0 -2816 ) (-448 0 -2816 ) (-448 0 -2048 ) 
4 184 185 (-448 192.002014 -2048 ) (-448 192.002045 -2816 ) (-640.002014 0 -2816 ) (-640.001953 0 -2048 ) 
4 185 298 (-1024 0 -2048 ) (-1024 0 -2816 ) (-640.002075 0 -2816 ) (-640.002075 0 -2048 ) 
4 186 292 (0 0 -3592 ) (0 0 -3584 ) (-64 0 -3584 ) (-64 0 -3592 ) 
4 186 187 (0 0 -3592 ) (-64 0 -3592 ) (-64 128 -3592 ) (0 128 -3592 ) 
4 187 293 (0 0 -3648 ) (0 0 -3592 ) (-64 0 -3592 ) (-64 0 -3648 ) 
4 188 190 (-1096 1036 -3080 ) (-1096 1036 -3520 ) (-1024 1036 -3520 ) (-1024 1036 -3080 ) 
4 188 189 (-1096 1036 -2048 ) (-1096 1036 -3076 ) (-1024 1036 -3076 ) (-1024 1036 -2048 ) 
4 188 191 (-1096 2048 -3520 ) (-1096 1036 -3520 ) (-1096 1036 -2048 ) (-1096 2048 -2048 ) 
4 189 204 (-1088 1024 -2811.998047 ) (-1088 1024 -3068 ) (-1080 1024 -3068 ) (-1080 1024 -2811.998047 ) 
4 189 203 (-1080 1024 -2048 ) (-1088 1024 -2048 ) (-1088 1024 -2811.998047 ) (-1080 1024 -2811.998047 ) 
4 189 192 (-1024 1024 -3068 ) (-1024 1024 -2048 ) (-1080 1024 -2048 ) (-1080 1024 -3068 ) 
4 189 191 (-1096 1024 -3068 ) (-1096 1024 -2048 ) (-1096 1036 -2048 ) (-1096 1036 -3076 ) 
4 190 191 (-1096 1036 -3520 ) (-1096 1024 -3520 ) (-1096 1024 -3072 ) (-1096 1036 -3080 ) 
4 192 204 (-1080 1016 -3062.666992 ) (-1080 1016 -2817.331543 ) (-1080 1024 -2811.998047 ) (-1080 1024 -3068 ) 
4 192 203 (-1080 1016 -2817.331543 ) (-1080 1016 -2048 ) (-1080 1024 -2048 ) (-1080 1024 -2811.998047 ) 
4 192 195 (-1080 1016 -2817.331543 ) (-1080 1016 -3062.666992 ) (-1024 1016 -3062.666992 ) (-1024 1016 -2817.331543 ) 
4 192 194 (-1080 1016 -2048 ) (-1080 1016 -2817.331543 ) (-1024 1016 -2817.331543 ) (-1024 1016 -2048 ) 
4 193 196 (-1080 1016 -3066.666748 ) (-1080 1016 -3072 ) (-1024 1016 -3072 ) (-1024 1016 -3066.666748 ) 
3 194 205 (-1080 648 -3062.664795 ) (-1080 648 -2821.333496 ) (-1080 828.998535 -2942 ) 
5 194 203 (-1080 648 -2821.333496 ) (-1080 648 -2048 ) (-1080 1016 -2048 ) (-1080 1016 -2817.331543 ) (-1080 828.998535 -2942 ) 
4 194 201 (-1080 648 -2048 ) (-1080 648 -3062.665039 ) (-1024 648 -3062.664795 ) (-1024 648 -2048 ) 
4 194 195 (-1080 831.998901 -2940 ) (-1080 1016 -2817.332031 ) (-1024 1016 -2817.332275 ) (-1024 832 -2940 ) 
3 195 204 (-1080 831.998474 -2940 ) (-1080 1016 -2817.331543 ) (-1080 1016 -3062.666748 ) 
4 196 202 (-1080 648 -3066.666504 ) (-1080 648 -3072 ) (-1024 648 -3072 ) (-1024 648 -3066.666504 ) 
4 196 197 (-1080 844 -3280 ) (-1080 1016 -3280 ) (-1024 1016 -3280 ) (-1024 844 -3280 ) 
4 197 198 (-1080 844 -3288 ) (-1080 1016 -3288 ) (-1024 1016 -3288 ) (-1024 844 -3288 ) 
4 198 199 (-1080 840 -3296 ) (-1080 1016 -3296 ) (-1024 1016 -3296 ) (-1024 840 -3296 ) 
4 201 205 (-1080 640 -3067.998047 ) (-1080 640 -2816 ) (-1080 648 -2821.333496 ) (-1080 648 -3062.664795 ) 
4 201 203 (-1080 640 -2816 ) (-1080 640 -2048 ) (-1080 648 -2048 ) (-1080 648 -2821.333496 ) 
4 203 205 (-1088 640 -2815.998535 ) (-1088 829 -2941.998291 ) (-1080 829 -2941.998291 ) (-1080 640 -2815.998535 ) 
4 203 204 (-1088 831.998108 -2939.998779 ) (-1088 1024 -2811.997314 ) (-1080 1024 -2811.997559 ) (-1080 831.998108 -2939.998779 ) 
4 206 228 (576 -192 -2048 ) (256 -192 -2048 ) (256 -192 -3264 ) (576 -192 -3264 ) 
4 206 207 (256 -192 -3136 ) (256 -192 -2048 ) (256 0 -2048 ) (256 0 -3136 ) 
4 207 230 (182 -192 -2048 ) (182 -192 -3136 ) (184 -192 -3136 ) (184 -192 -2048 ) 
4 207 229 (184 -192 -3136 ) (192 -192 -3136 ) (192 -192 -2048 ) (184 -192 -2048 ) 
4 207 228 (192 -192 -3136 ) (256 -192 -3136 ) (256 -192 -2048 ) (192 -192 -2048 ) 
4 207 213 (182 0 -2048 ) (182 0 -3136 ) (182 -192 -3136 ) (182 -192 -2048 ) 
4 208 210 (206 -184 -3264 ) (206 -184 -3144 ) (206 -96 -3144 ) (206 -96 -3264 ) 
4 208 209 (206 0 -3328 ) (206 -96 -3328 ) (206 -96 -3144 ) (206 0 -3144 ) 
4 209 212 (184 0 -3328 ) (184 -96 -3328 ) (184 -96 -3144 ) (184 0 -3144 ) 
4 209 211 (184 -96 -3144 ) (184 -96 -3264 ) (192 -96 -3264 ) (192 -96 -3144 ) 
4 209 210 (206 -96 -3264 ) (206 -96 -3144 ) (192 -96 -3144 ) (192 -96 -3264 ) 
4 210 211 (192 -96 -3144 ) (192 -96 -3264 ) (192 -184 -3264 ) (192 -184 -3144 ) 
4 211 212 (184 -192 -3264 ) (184 -192 -3144 ) (184 -96 -3144 ) (184 -96 -3264 ) 
4 212 222 (182 -144 -3296 ) (182 -144 -3288 ) (182 -132 -3288 ) (182 -132 -3296 ) 
4 212 221 (182 0 -3320 ) (182 0 -3328 ) (182 -96 -3328 ) (182 -96 -3320 ) 
4 212 220 (182 -132 -3304 ) (182 -132 -3288 ) (182 -120 -3288 ) (182 -120 -3304 ) 
4 212 219 (182 -120 -3312 ) (182 -120 -3288 ) (182 -108 -3288 ) (182 -108 -3312 ) 
4 212 218 (182 0 -3288 ) (182 0 -3320 ) (182 -108 -3320 ) (182 -108 -3288 ) 
4 212 217 (182 0 -3280 ) (182 0 -3288 ) (182 -156 -3288 ) (182 -156 -3280 ) 
4 212 216 (182 0 -3272 ) (182 0 -3280 ) (182 -168 -3280 ) (182 -168 -3272 ) 
4 212 215 (182 -192 -3264 ) (182 -192 -3144 ) (182 -180 -3144 ) (182 -180 -3264 ) 
4 212 214 (182 0 -3144 ) (182 0 -3272 ) (182 -180 -3272 ) (182 -180 -3144 ) 
4 213 230 (122 -192 -2048 ) (122 -192 -3136 ) (182 -192 -3136 ) (182 -192 -2048 ) 
4 213 223 (122 -192 -3136 ) (122 -192 -2048 ) (122 0 -2048 ) (122 0 -3136 ) 
4 214 226 (122 -180 -3144 ) (122 -96 -3144 ) (122 -96 -3272 ) (122 -180 -3272 ) 
4 214 225 (122 -96 -3144 ) (122 0 -3144 ) (122 0 -3272 ) (122 -96 -3272 ) 
4 214 216 (122 -168 -3272 ) (122 0 -3272 ) (182 0 -3272 ) (182 -168 -3272 ) 
4 214 215 (182 -180 -3264 ) (182 -180 -3144 ) (122 -180 -3144 ) (122 -180 -3264 ) 
4 215 231 (132 -192 -3264 ) (180 -192 -3264 ) (180 -192 -3156 ) (132 -192 -3156 ) 
4 215 226 (122 -192 -3264 ) (122 -192 -3144 ) (122 -180 -3144 ) (122 -180 -3264 ) 
4 216 226 (122 -168 -3272 ) (122 -96 -3272 ) (122 -96 -3280 ) (122 -168 -3280 ) 
4 216 225 (122 -96 -3272 ) (122 0 -3272 ) (122 0 -3280 ) (122 -96 -3280 ) 
4 216 217 (122 -156 -3280 ) (122 0 -3280 ) (182 0 -3280 ) (182 -156 -3280 ) 
4 217 226 (122 -156 -3280 ) (122 -96 -3280 ) (122 -96 -3288 ) (122 -156 -3288 ) 
4 217 225 (122 -96 -3280 ) (122 0 -3280 ) (122 0 -3288 ) (122 -96 -3288 ) 
4 217 222 (122 -144 -3288 ) (122 -132 -3288 ) (182 -132 -3288 ) (182 -144 -3288 ) 
4 217 220 (122 -132 -3288 ) (122 -120 -3288 ) (182 -120 -3288 ) (182 -132 -3288 ) 
4 217 219 (122 -120 -3288 ) (122 -108 -3288 ) (182 -108 -3288 ) (182 -120 -3288 ) 
4 217 218 (122 -108 -3288 ) (122 0 -3288 ) (182 0 -3288 ) (182 -108 -3288 ) 
4 218 226 (122 -108 -3288 ) (122 -96 -3288 ) (122 -96 -3320 ) (122 -108 -3320 ) 
4 218 225 (122 -96 -3288 ) (122 0 -3288 ) (122 0 -3320 ) (122 -96 -3320 ) 
4 218 221 (122 -96 -3320 ) (122 0 -3320 ) (182 0 -3320 ) (182 -96 -3320 ) 
4 218 219 (182 -108 -3312 ) (182 -108 -3288 ) (122 -108 -3288 ) (122 -108 -3312 ) 
4 219 226 (122 -120 -3288 ) (122 -108 -3288 ) (122 -108 -3312 ) (122 -120 -3312 ) 
4 219 220 (182 -120 -3304 ) (182 -120 -3288 ) (122 -120 -3288 ) (122 -120 -3304 ) 
4 220 226 (122 -132 -3304 ) (122 -132 -3288 ) (122 -120 -3288 ) (122 -120 -3304 ) 
4 220 222 (182 -132 -3296 ) (182 -132 -3288 ) (122 -132 -3288 ) (122 -132 -3296 ) 
4 221 225 (122 0 -3328 ) (122 -96 -3328 ) (122 -96 -3320 ) (122 0 -3320 ) 
4 222 226 (122 -144 -3288 ) (122 -132 -3288 ) (122 -132 -3296 ) (122 -144 -3296 ) 
4 223 260 (0 0 -3128 ) (0 0 -3136 ) (0 -192 -3136 ) (0 -192 -3128 ) 
4 223 259 (0 0 -2048 ) (0 0 -3128 ) (0 -192 -3128 ) (0 -192 -2048 ) 
4 223 242 (0 -192 -2048 ) (0 -192 -3136 ) (88 -192 -3136 ) (88 -192 -2048 ) 
4 223 230 (88 -192 -3136 ) (122 -192 -3136 ) (122 -192 -2048 ) (88 -192 -2048 ) 
4 223 224 (0 0 -3136 ) (32 0 -3136 ) (32 -192 -3136 ) (0 -192 -3136 ) 
4 224 263 (0 0 -3136 ) (0 0 -3144 ) (0 -192 -3144 ) (0 -192 -3136 ) 
4 224 227 (32 -192 -3144 ) (0 -192 -3144 ) (0 0 -3144 ) (32 0 -3144 ) 
4 225 226 (120 -96 -3328 ) (122 -96 -3328 ) (122 -96 -3144 ) (120 -96 -3144 ) 
4 227 263 (0 0 -3144 ) (0 0 -3264 ) (0 -192 -3264 ) (0 -192 -3144 ) 
4 228 236 (192 -200 -3264 ) (576 -200 -3264 ) (576 -200 -3144 ) (192 -200 -3144 ) 
4 228 235 (576 -200 -3144 ) (576 -200 -3136 ) (248 -200 -3136 ) (248 -200 -3144 ) 
4 228 233 (248 -200 -2048 ) (192 -200 -2048 ) (192 -200 -3128 ) (248 -200 -3128 ) 
4 228 232 (576 -200 -3136 ) (576 -200 -2048 ) (248 -200 -2048 ) (248 -200 -3136 ) 
4 228 229 (192 -200 -3136 ) (192 -200 -2048 ) (192 -192 -2048 ) (192 -192 -3136 ) 
4 229 233 (192 -200 -3128 ) (192 -200 -2048 ) (184 -200 -2048 ) (184 -200 -3128 ) 
4 229 230 (184 -192 -2048 ) (184 -192 -3136 ) (184 -200 -3136 ) (184 -200 -2048 ) 
4 230 242 (88 -192 -2048 ) (88 -192 -3136 ) (88 -200 -3136 ) (88 -200 -2048 ) 
4 230 233 (88 -200 -2048 ) (88 -200 -3128 ) (184 -200 -3128 ) (184 -200 -2048 ) 
4 231 237 (132 -200 -3264 ) (180 -200 -3264 ) (180 -200 -3156 ) (132 -200 -3156 ) 
4 232 348 (576 -1024 -2048 ) (248 -1024 -2048 ) (248 -1024 -3136 ) (576 -1024 -3136 ) 
5 232 239 (576 -512 -3136 ) (576 -576 -3136 ) (256 -576 -3136 ) (248 -568 -3136 ) (248 -512 -3136 ) 
4 232 240 (576 -576 -3136 ) (576 -1024 -3136 ) (248 -1024 -3136 ) (248 -576 -3136 ) 
4 232 235 (248 -200 -3136 ) (576 -200 -3136 ) (576 -512 -3136 ) (248 -512 -3136 ) 
4 232 233 (248 -544 -3128 ) (248 -544 -2048 ) (248 -200 -2048 ) (248 -200 -3128 ) 
4 232 234 (248 -544 -3136 ) (248 -1024 -3136 ) (248 -1024 -2048 ) (248 -544 -2048 ) 
4 233 243 (88 -544 -2048 ) (88 -200 -2048 ) (88 -200 -3128 ) (88 -544 -3128 ) 
4 233 234 (248 -544 -3128 ) (248 -544 -2048 ) (88 -544 -2048 ) (88 -544 -3128 ) 
4 234 348 (248 -1024 -2048 ) (88 -1024 -2048 ) (88 -1024 -3136 ) (248 -1024 -3136 ) 
4 234 251 (88 -1024 -3072 ) (88 -1024 -2048 ) (88 -552 -2048 ) (88 -552 -3072 ) 
4 234 250 (88 -552 -2048 ) (88 -544 -2048 ) (88 -544 -3136 ) (88 -552 -3136 ) 
4 234 241 (88 -1024 -3136 ) (88 -576 -3136 ) (248 -576 -3136 ) (248 -1024 -3136 ) 
4 235 239 (576 -512 -3144 ) (576 -512 -3136 ) (248 -512 -3136 ) (248 -512 -3144 ) 
4 235 236 (576 -512 -3144 ) (248 -512 -3144 ) (248 -200 -3144 ) (576 -200 -3144 ) 
4 236 239 (576 -512 -3264 ) (576 -512 -3144 ) (248 -512 -3144 ) (248 -512 -3264 ) 
4 237 238 (126 -328 -3144 ) (126 -248 -3144 ) (126 -248 -3264 ) (126 -328 -3264 ) 
4 238 246 (88 -264 -3264 ) (88 -320 -3264 ) (88 -320 -3152 ) (88 -264 -3152 ) 
4 239 240 (256 -576 -3264 ) (576 -576 -3264 ) (576 -576 -3136 ) (256 -576 -3136 ) 
4 240 352 (248 -1024 -3264 ) (576 -1024 -3264 ) (576 -1024 -3200 ) (248 -1024 -3200 ) 
4 240 348 (576 -1024 -3200 ) (576 -1024 -3136 ) (248 -1024 -3136 ) (248 -1024 -3200 ) 
4 240 241 (248 -576 -3264 ) (248 -1024 -3264 ) (248 -1024 -3136 ) (248 -576 -3136 ) 
4 241 352 (88 -1024 -3200 ) (88 -1024 -3264 ) (248 -1024 -3264 ) (248 -1024 -3200 ) 
4 241 348 (88 -1024 -3136 ) (88 -1024 -3200 ) (248 -1024 -3200 ) (248 -1024 -3136 ) 
4 242 260 (0 -192 -3128 ) (0 -192 -3136 ) (0 -200 -3136 ) (0 -200 -3128 ) 
4 242 259 (0 -192 -2048 ) (0 -192 -3128 ) (0 -200 -3128 ) (0 -200 -2048 ) 
4 242 243 (0 -200 -2048 ) (0 -200 -3128 ) (88 -200 -3128 ) (88 -200 -2048 ) 
4 243 259 (0 -200 -2048 ) (0 -200 -3128 ) (0 -544 -3128 ) (0 -544 -2048 ) 
4 243 250 (0 -544 -2048 ) (0 -544 -3128 ) (88 -544 -3128 ) (88 -544 -2048 ) 
4 244 264 (0 -256 -3264 ) (0 -264 -3264 ) (0 -264 -3144 ) (0 -256 -3144 ) 
4 244 248 (0 -264 -3264 ) (80 -264 -3264 ) (80 -264 -3152 ) (0 -264 -3152 ) 
4 244 245 (80 -264 -3152 ) (80 -264 -3144 ) (0 -264 -3144 ) (0 -264 -3152 ) 
4 245 264 (0 -320 -3152 ) (0 -320 -3144 ) (0 -264 -3144 ) (0 -264 -3152 ) 
4 245 249 (80 -320 -3144 ) (0 -320 -3144 ) (0 -320 -3152 ) (80 -320 -3152 ) 
4 245 248 (80 -320 -3152 ) (0 -320 -3152 ) (0 -264 -3152 ) (80 -264 -3152 ) 
4 246 247 (86 -320 -3264 ) (86 -320 -3152 ) (86 -264 -3152 ) (86 -264 -3264 ) 
4 247 248 (84 -320 -3264 ) (84 -320 -3152 ) (84 -264 -3152 ) (84 -264 -3264 ) 
4 248 264 (0 -264 -3264 ) (0 -320 -3264 ) (0 -320 -3152 ) (0 -264 -3152 ) 
4 248 249 (0 -320 -3264 ) (80 -320 -3264 ) (80 -320 -3152 ) (0 -320 -3152 ) 
4 249 264 (0 -320 -3264 ) (0 -544 -3264 ) (0 -544 -3144 ) (0 -320 -3144 ) 
4 250 262 (0 -544 -3128 ) (0 -544 -3136 ) (0 -552 -3136 ) (0 -552 -3128 ) 
4 250 259 (0 -544 -2048 ) (0 -544 -3128 ) (0 -552 -3128 ) (0 -552 -2048 ) 
4 250 252 (0 -552 -2048 ) (0 -552 -3136 ) (48 -552 -3136 ) (48 -552 -2048 ) 
4 250 251 (88 -552 -3072 ) (88 -552 -2048 ) (48 -552 -2048 ) (48 -552 -3072 ) 
4 251 354 (48 -1024 -2048 ) (48 -1024 -3072 ) (64 -1024 -3072 ) (64 -1024 -2048 ) 
4 251 349 (64 -1024 -3072 ) (88 -1024 -3072 ) (88 -1024 -2048 ) (64 -1024 -2048 ) 
4 251 253 (48 -896 -3072 ) (48 -904 -3072 ) (48 -904 -2048 ) (48 -896 -2048 ) 
4 251 252 (48 -552 -2048 ) (48 -552 -3072 ) (48 -896 -3072 ) (48 -896 -2048 ) 
4 251 254 (48 -904 -3072 ) (48 -1024 -3072 ) (48 -1024 -2048 ) (48 -904 -2048 ) 
4 252 265 (0 -552 -3136 ) (0 -552 -3200 ) (0 -896 -3200 ) (0 -896 -3136 ) 
4 252 262 (0 -552 -3128 ) (0 -552 -3136 ) (0 -896 -3136 ) (0 -896 -3128 ) 
4 252 259 (0 -896 -2048 ) (0 -552 -2048 ) (0 -552 -3128 ) (0 -896 -3128 ) 
4 252 255 (0 -896 -3200 ) (0 -552 -3200 ) (48 -552 -3200 ) (48 -896 -3200 ) 
4 252 253 (48 -896 -3136 ) (48 -896 -2048 ) (0 -896 -2048 ) (0 -896 -3136 ) 
4 253 288 (0 -904 -2048 ) (0 -896 -2048 ) (0 -896 -3136 ) (0 -904 -3136 ) 
4 253 254 (48 -904 -3136 ) (48 -904 -2048 ) (0 -904 -2048 ) (0 -904 -3136 ) 
4 254 355 (0 -1024 -3072 ) (0 -1024 -3200 ) (48 -1024 -3200 ) (48 -1024 -3072 ) 
4 254 354 (0 -1024 -2048 ) (0 -1024 -3072 ) (48 -1024 -3072 ) (48 -1024 -2048 ) 
4 254 289 (0 -1024 -3200 ) (0 -1024 -3136 ) (0 -904 -3136 ) (0 -904 -3200 ) 
4 254 288 (0 -1024 -3136 ) (0 -1024 -2048 ) (0 -904 -2048 ) (0 -904 -3136 ) 
4 254 256 (48 -1024 -3200 ) (0 -1024 -3200 ) (0 -904 -3200 ) (48 -904 -3200 ) 
4 255 265 (0 -896 -3200 ) (0 -552 -3200 ) (0 -552 -3264 ) (0 -896 -3264 ) 
4 255 257 (0 -896 -3264 ) (0 -592 -3264 ) (48 -592 -3264 ) (48 -896 -3264 ) 
4 256 357 (0 -1024 -3200 ) (0 -1024 -3264 ) (56 -1024 -3264 ) (56 -1024 -3200 ) 
4 256 289 (0 -1024 -3264 ) (0 -1024 -3200 ) (0 -904 -3200 ) (0 -904 -3264 ) 
4 256 258 (0 -1024 -3264 ) (0 -904 -3264 ) (56 -904 -3264 ) (56 -1024 -3264 ) 
4 257 281 (0 -896 -3456 ) (0 -896 -3264 ) (0 -592 -3264 ) (0 -592 -3456 ) 
4 258 357 (56 -1024 -3264 ) (0 -1024 -3264 ) (0 -1024 -3328 ) (56 -1024 -3328 ) 
4 258 289 (0 -1024 -3328 ) (0 -1024 -3264 ) (0 -904 -3264 ) (0 -904 -3328 ) 
4 259 288 (0 -896 -3128 ) (0 -896 -2048 ) (-64 -896 -2048 ) (-64 -896 -3128 ) 
4 259 270 (-64 -896 -3128 ) (-64 -896 -2048 ) (-64 0 -2048 ) (-64 0 -3128 ) 
4 259 260 (-56 0 -3128 ) (0 0 -3128 ) (0 -200 -3128 ) (-56 -200 -3128 ) 
4 259 261 (-64 -544 -3128 ) (-64 0 -3128 ) (-56 0 -3128 ) (-56 -544 -3128 ) 
4 259 262 (0 -896 -3128 ) (-64 -896 -3128 ) (-64 -544 -3128 ) (0 -544 -3128 ) 
4 260 263 (-56 0 -3136 ) (0 0 -3136 ) (0 -192 -3136 ) (-56 -192 -3136 ) 
4 260 261 (-56 0 -3136 ) (-56 -200 -3136 ) (-56 -200 -3128 ) (-56 0 -3128 ) 
4 261 272 (-64 -98.839897 -3128 ) (-64 -36.839806 -3128 ) (-64 -36.839806 -3136 ) (-64 -98.839897 -3136 ) 
4 261 271 (-64 -36.839806 -3128 ) (-64 0 -3128 ) (-64 0 -3136 ) (-64 -36.839806 -3136 ) 
4 261 275 (-64 -544 -3128 ) (-64 -98.839897 -3128 ) (-64 -98.839897 -3136 ) (-64 -544 -3136 ) 
4 261 266 (-64 -192 -3136 ) (-64 0 -3136 ) (-56 0 -3136 ) (-56 -192 -3136 ) 
4 261 262 (-64 -544 -3136 ) (-56 -544 -3136 ) (-56 -544 -3128 ) (-64 -544 -3128 ) 
4 262 288 (0 -896 -3136 ) (0 -896 -3128 ) (-64 -896 -3128 ) (-64 -896 -3136 ) 
4 262 275 (-64 -896 -3136 ) (-64 -896 -3128 ) (-64 -544 -3128 ) (-64 -544 -3136 ) 
4 262 269 (-56 -896 -3136 ) (-64 -896 -3136 ) (-64 -552 -3136 ) (-56 -552 -3136 ) 
4 262 265 (0 -896 -3136 ) (-56 -896 -3136 ) (-56 -552 -3136 ) (0 -552 -3136 ) 
4 263 280 (-56 -192 -3264 ) (-56 0 -3264 ) (0 0 -3264 ) (0 -192 -3264 ) 
4 263 266 (-56 0 -3264 ) (-56 -192 -3264 ) (-56 -192 -3136 ) (-56 0 -3136 ) 
4 264 268 (-56 -528 -3240 ) (-56 -528 -3176 ) (-56 -488 -3176 ) (-56 -488 -3240 ) 
4 264 267 (-56 -336 -3240 ) (-56 -336 -3176 ) (-56 -296 -3176 ) (-56 -296 -3240 ) 
4 265 281 (0 -896 -3264 ) (-56 -896 -3264 ) (-56 -592 -3264 ) (0 -592 -3264 ) 
4 265 269 (-56 -552 -3264 ) (-56 -896 -3264 ) (-56 -896 -3136 ) (-56 -552 -3136 ) 
4 266 280 (-64 -192 -3264 ) (-64 0 -3264 ) (-56 0 -3264 ) (-56 -192 -3264 ) 
4 266 273 (-64 -98.839897 -3261 ) (-64 -98.839897 -3229 ) (-64 -36.839806 -3229 ) (-64 -36.839806 -3261 ) 
4 266 272 (-64 -98.839897 -3229 ) (-64 -98.839897 -3136 ) (-64 -36.839806 -3136 ) (-64 -36.839806 -3229 ) 
4 266 274 (-64 -36.839806 -3264 ) (-64 -98.839897 -3264 ) (-64 -98.839897 -3261 ) (-64 -36.839806 -3261 ) 
4 266 271 (-64 0 -3264 ) (-64 -36.839806 -3264 ) (-64 -36.839806 -3136 ) (-64 0 -3136 ) 
4 266 275 (-64 -98.839897 -3264 ) (-64 -192 -3264 ) (-64 -192 -3136 ) (-64 -98.839897 -3136 ) 
4 267 275 (-64 -336 -3240 ) (-64 -336 -3176 ) (-64 -296 -3176 ) (-64 -296 -3240 ) 
4 268 275 (-64 -528 -3240 ) (-64 -528 -3176 ) (-64 -488 -3176 ) (-64 -488 -3240 ) 
4 269 281 (-56 -896 -3264 ) (-64 -896 -3264 ) (-64 -592 -3264 ) (-56 -592 -3264 ) 
4 269 275 (-64 -552 -3264 ) (-64 -896 -3264 ) (-64 -896 -3136 ) (-64 -552 -3136 ) 
4 270 305 (-320 -328 -3128 ) (-320 -368 -3128 ) (-320 -368 -3100 ) (-320 -328 -3100 ) 
4 270 304 (-320 -144 -3128 ) (-320 -184 -3128 ) (-320 -184 -3100 ) (-320 -144 -3100 ) 
4 270 301 (-320 -896 -2944 ) (-320 -896 -2816 ) (-320 -512 -2816 ) (-320 -512 -2944 ) 
4 270 300 (-320 -192 -3072 ) (-320 -512 -3072 ) (-320 -512 -2816 ) (-320 -192 -2816 ) 
4 270 299 (-320 0 -2816 ) (-320 0 -3072 ) (-320 -192 -3072 ) (-320 -192 -2816 ) 
4 270 298 (-320 0 -2048 ) (-320 0 -2816 ) (-320 -896 -2816 ) (-320 -896 -2048 ) 
4 270 288 (-320 -896 -2048 ) (-320 -896 -3128 ) (-64 -896 -3128 ) (-64 -896 -2048 ) 
4 270 277 (-114 -658 -3128 ) (-114 0 -3128 ) (-98 0 -3128 ) (-98 -658 -3128 ) 
4 270 278 (-98 -896 -3128 ) (-114 -896 -3128 ) (-114 -666 -3128 ) (-98 -666 -3128 ) 
4 270 279 (-114 -896 -3128 ) (-320 -896 -3128 ) (-320 0 -3128 ) (-114 0 -3128 ) 
4 270 276 (-66 -896 -3128 ) (-98 -896 -3128 ) (-98 0 -3128 ) (-66 0 -3128 ) 
4 270 272 (-64 -36.839806 -3128 ) (-64 -98.839897 -3128 ) (-66 -98.839897 -3128 ) (-66 -36.839806 -3128 ) 
4 270 271 (-64 0 -3128 ) (-64 -36.839806 -3128 ) (-66 -36.839806 -3128 ) (-66 0 -3128 ) 
4 270 275 (-64 -98.839897 -3128 ) (-64 -896 -3128 ) (-66 -896 -3128 ) (-66 -98.839897 -3128 ) 
4 271 280 (-66 -36.839806 -3264 ) (-66 0 -3264 ) (-64 0 -3264 ) (-64 -36.839806 -3264 ) 
4 271 276 (-66 0 -3264 ) (-66 -36.839806 -3264 ) (-66 -36.839806 -3128 ) (-66 0 -3128 ) 
4 271 273 (-66 -36.839806 -3229 ) (-66 -36.839806 -3261 ) (-64 -36.839806 -3261 ) (-64 -36.839806 -3229 ) 
4 271 272 (-66 -36.839806 -3128 ) (-66 -36.839806 -3229 ) (-64 -36.839806 -3229 ) (-64 -36.839806 -3128 ) 
4 271 274 (-66 -36.839806 -3261 ) (-66 -36.839806 -3264 ) (-64 -36.839806 -3264 ) (-64 -36.839806 -3261 ) 
4 272 276 (-66 -98.839897 -3229 ) (-66 -98.839897 -3128 ) (-66 -36.839806 -3128 ) (-66 -36.839806 -3229 ) 
4 272 275 (-66 -98.839897 -3128 ) (-66 -98.839897 -3229 ) (-64 -98.839897 -3229 ) (-64 -98.839897 -3128 ) 
4 272 273 (-64 -98.839897 -3229 ) (-66 -98.839897 -3229 ) (-66 -36.839806 -3229 ) (-64 -36.839806 -3229 ) 
4 273 276 (-66 -98.839897 -3261 ) (-66 -98.839897 -3229 ) (-66 -36.839806 -3229 ) (-66 -36.839806 -3261 ) 
4 273 274 (-64 -98.839897 -3261 ) (-66 -98.839897 -3261 ) (-66 -36.839806 -3261 ) (-64 -36.839806 -3261 ) 
4 273 275 (-66 -98.839897 -3229 ) (-66 -98.839897 -3261 ) (-64 -98.839897 -3261 ) (-64 -98.839897 -3229 ) 
4 274 280 (-66 -98.839897 -3264 ) (-66 -36.839806 -3264 ) (-64 -36.839806 -3264 ) (-64 -98.839897 -3264 ) 
4 274 276 (-66 -36.839806 -3264 ) (-66 -98.839897 -3264 ) (-66 -98.839897 -3261 ) (-66 -36.839806 -3261 ) 
4 274 275 (-66 -98.839897 -3261 ) (-66 -98.839897 -3264 ) (-64 -98.839897 -3264 ) (-64 -98.839897 -3261 ) 
4 275 288 (-64 -896 -3136 ) (-64 -896 -3128 ) (-66 -896 -3128 ) (-66 -896 -3136 ) 
4 275 280 (-66 -192 -3264 ) (-66 -98.839897 -3264 ) (-64 -98.839897 -3264 ) (-64 -192 -3264 ) 
4 275 281 (-64 -896 -3264 ) (-66 -896 -3264 ) (-66 -592 -3264 ) (-64 -592 -3264 ) 
4 275 276 (-66 -98.839897 -3264 ) (-66 -896 -3264 ) (-66 -896 -3128 ) (-66 -98.839897 -3128 ) 
4 276 290 (-98 -896 -3264 ) (-96 -896 -3264 ) (-96 -896 -3136 ) (-98 -896 -3136 ) 
4 276 288 (-66 -896 -3136 ) (-66 -896 -3128 ) (-98 -896 -3128 ) (-98 -896 -3136 ) 
4 276 282 (-96 -896 -3264 ) (-98 -896 -3264 ) (-98 0 -3264 ) (-96 0 -3264 ) 
4 276 280 (-96 -192 -3264 ) (-96 0 -3264 ) (-66 0 -3264 ) (-66 -192 -3264 ) 
4 276 281 (-66 -896 -3264 ) (-96 -896 -3264 ) (-96 -592 -3264 ) (-66 -592 -3264 ) 
4 276 277 (-98 0 -3264 ) (-98 -658 -3264 ) (-98 -658 -3128 ) (-98 0 -3128 ) 
4 276 278 (-98 -666 -3264 ) (-98 -896 -3264 ) (-98 -896 -3128 ) (-98 -666 -3128 ) 
4 277 283 (-114 -658 -3264 ) (-114 0 -3264 ) (-98 0 -3264 ) (-98 -658 -3264 ) 
4 277 279 (-114 0 -3264 ) (-114 -658 -3264 ) (-114 -658 -3128 ) (-114 0 -3128 ) 
4 278 290 (-114 -896 -3264 ) (-98 -896 -3264 ) (-98 -896 -3136 ) (-114 -896 -3136 ) 
4 278 288 (-98 -896 -3136 ) (-98 -896 -3128 ) (-114 -896 -3128 ) (-114 -896 -3136 ) 
4 278 284 (-98 -896 -3264 ) (-114 -896 -3264 ) (-114 -666 -3264 ) (-98 -666 -3264 ) 
4 278 279 (-114 -666 -3264 ) (-114 -896 -3264 ) (-114 -896 -3128 ) (-114 -666 -3128 ) 
4 279 305 (-320 -368 -3184 ) (-320 -368 -3128 ) (-320 -328 -3128 ) (-320 -328 -3184 ) 
4 279 304 (-320 -184 -3184 ) (-320 -184 -3128 ) (-320 -144 -3128 ) (-320 -144 -3184 ) 
4 279 290 (-256 -896 -3264 ) (-114 -896 -3264 ) (-114 -896 -3136 ) (-256 -896 -3136 ) 
4 279 288 (-320 -896 -3128 ) (-320 -896 -3136 ) (-114 -896 -3136 ) (-114 -896 -3128 ) 
4 279 286 (-256 -896 -3264 ) (-320 -896 -3264 ) (-320 0 -3264 ) (-256 0 -3264 ) 
4 279 285 (-114 -896 -3264 ) (-256 -896 -3264 ) (-256 0 -3264 ) (-114 0 -3264 ) 
4 280 294 (-96 0 -3456 ) (-64 0 -3456 ) (-64 -192 -3456 ) (-96 -192 -3456 ) 
4 280 291 (-64 0 -3456 ) (0 0 -3456 ) (0 -192 -3456 ) (-64 -192 -3456 ) 
4 280 282 (-96 0 -3456 ) (-96 -192 -3456 ) (-96 -192 -3264 ) (-96 0 -3264 ) 
4 281 282 (-96 -592 -3456 ) (-96 -896 -3456 ) (-96 -896 -3264 ) (-96 -592 -3264 ) 
4 282 295 (-96 -192 -3456 ) (-96 -512 -3456 ) (-98 -512 -3456 ) (-98 -192 -3456 ) 
4 282 294 (-98 0 -3456 ) (-96 0 -3456 ) (-96 -192 -3456 ) (-98 -192 -3456 ) 
4 282 290 (-96 -896 -3328 ) (-96 -896 -3264 ) (-98 -896 -3264 ) (-98 -896 -3328 ) 
4 282 283 (-98 0 -3456 ) (-98 -658 -3456 ) (-98 -658 -3264 ) (-98 0 -3264 ) 
4 282 284 (-98 -666 -3456 ) (-98 -896 -3456 ) (-98 -896 -3264 ) (-98 -666 -3264 ) 
4 283 295 (-98 -192 -3456 ) (-98 -512 -3456 ) (-114 -512 -3456 ) (-114 -192 -3456 ) 
4 283 294 (-114 0 -3456 ) (-98 0 -3456 ) (-98 -192 -3456 ) (-114 -192 -3456 ) 
4 283 285 (-114 0 -3456 ) (-114 -658 -3456 ) (-114 -658 -3264 ) (-114 0 -3264 ) 
4 284 290 (-98 -896 -3328 ) (-98 -896 -3264 ) (-114 -896 -3264 ) (-114 -896 -3328 ) 
4 284 285 (-114 -666 -3456 ) (-114 -896 -3456 ) (-114 -896 -3264 ) (-114 -666 -3264 ) 
4 285 295 (-114 -192 -3456 ) (-114 -512 -3456 ) (-256 -512 -3456 ) (-256 -192 -3456 ) 
4 285 294 (-256 0 -3456 ) (-114 0 -3456 ) (-114 -192 -3456 ) (-256 -192 -3456 ) 
4 285 290 (-114 -896 -3328 ) (-114 -896 -3264 ) (-256 -896 -3264 ) (-256 -896 -3328 ) 
4 285 287 (-256 -512 -3456 ) (-256 -896 -3456 ) (-256 -896 -3328 ) (-256 -512 -3328 ) 
4 285 286 (-256 -896 -3328 ) (-256 -896 -3264 ) (-256 0 -3264 ) (-256 0 -3328 ) 
4 286 287 (-256 -512 -3328 ) (-256 -896 -3328 ) (-320 -896 -3328 ) (-320 -512 -3328 ) 
4 287 332 (-320 -512 -3456 ) (-320 -563 -3456 ) (-320 -563 -3392 ) (-320 -512 -3392 ) 
4 287 296 (-320 -896 -3456 ) (-320 -512 -3456 ) (-256 -512 -3456 ) (-256 -896 -3456 ) 
4 288 361 (0 -1024 -3136 ) (0 -1024 -2048 ) (-320 -1024 -2048 ) (-320 -1024 -3136 ) 
4 288 307 (-320 -1024 -3136 ) (-320 -1024 -3072 ) (-320 -896 -3072 ) (-320 -896 -3136 ) 
4 288 302 (-320 -1024 -3072 ) (-320 -1024 -2816 ) (-320 -896 -2816 ) (-320 -896 -3072 ) 
4 288 298 (-320 -1024 -2816 ) (-320 -1024 -2048 ) (-320 -896 -2048 ) (-320 -896 -2816 ) 
4 288 290 (-256 -896 -3136 ) (-96 -896 -3136 ) (-96 -1024 -3136 ) (-256 -1024 -3136 ) 
4 288 289 (0 -904 -3136 ) (0 -1024 -3136 ) (-88 -1024 -3136 ) (-88 -904 -3136 ) 
4 289 378 (0 -1024 -3328 ) (0 -1024 -3200 ) (-88 -1024 -3200 ) (-88 -1024 -3328 ) 
4 289 362 (0 -1024 -3200 ) (0 -1024 -3136 ) (-88 -1024 -3136 ) (-88 -1024 -3200 ) 
4 290 380 (-256 -1024 -3200 ) (-256 -1024 -3328 ) (-96 -1024 -3328 ) (-96 -1024 -3200 ) 
4 290 363 (-96 -1024 -3136 ) (-256 -1024 -3136 ) (-256 -1024 -3200 ) (-96 -1024 -3200 ) 
5 291 294 (-64 -192 -3536.009521 ) (-64 -192 -3456 ) (-64 0 -3456 ) (-64 0 -3584 ) (-64 -0.038251 -3584 ) 
4 291 292 (0 -192 -3584 ) (-64 -192 -3584 ) (-64 0 -3584 ) (0 0 -3584 ) 
4 292 293 (0 -192 -3592 ) (-64 -192 -3592 ) (-64 0 -3592 ) (0 0 -3592 ) 
4 294 295 (-96 -192 -3456 ) (-256 -192 -3456 ) (-256 -192 -3536.009521 ) (-96 -192 -3536.009521 ) 
4 296 297 (-320 -512 -3464 ) (-256 -512 -3464 ) (-256 -896 -3464 ) (-320 -896 -3464 ) 
4 298 388 (-1024 -336 -2816 ) (-1024 -960 -2816 ) (-1024 -960 -2048 ) (-1024 -336 -2048 ) 
4 298 391 (-1024 -960 -2816 ) (-1024 -1024 -2816 ) (-1024 -1024 -2048 ) (-1024 -960 -2048 ) 
4 298 383 (-1024 -192 -2816 ) (-1024 -336 -2816 ) (-1024 -336 -2048 ) (-1024 -192 -2048 ) 
4 298 361 (-320 -1024 -2816 ) (-320 -1024 -2048 ) (-1024 -1024 -2048 ) (-1024 -1024 -2816 ) 
4 298 301 (-320 -512 -2816 ) (-320 -896 -2816 ) (-576 -896 -2816 ) (-576 -512 -2816 ) 
4 298 300 (-576 -192 -2816 ) (-320 -192 -2816 ) (-320 -512 -2816 ) (-576 -512 -2816 ) 
4 298 302 (-320 -896 -2816 ) (-320 -1024 -2816 ) (-576 -1024 -2816 ) (-576 -896 -2816 ) 
4 298 303 (-1024 -1024 -2816 ) (-1024 -192 -2816 ) (-576 -192 -2816 ) (-576 -1024 -2816 ) 
4 298 299 (-640.002075 0 -2816 ) (-320 0 -2816 ) (-320 -192 -2816 ) (-832.002014 -192 -2816 ) 
4 299 325 (-640 -192 -3072 ) (-768 -192 -3072 ) (-800.001038 -160 -3072 ) (-736 -95.998962 -3072 ) 
3 299 324 (-768 -192 -3072 ) (-832.002014 -192 -3072 ) (-800.001038 -160 -3072 ) 
5 299 323 (-640.002075 0 -3072 ) (-447.998169 0 -3072 ) (-639.998169 -192 -3072 ) (-640 -192 -3072 ) (-736 -95.998962 -3072 ) 
4 299 308 (-380 0 -3072 ) (-340 0 -3072 ) (-340 -2.097700 -3072 ) (-380 -2.097700 -3072 ) 
4 299 300 (-576 -192 -3072 ) (-320 -192 -3072 ) (-320 -192 -2816 ) (-576 -192 -2816 ) 
4 299 303 (-832.002075 -192 -3072 ) (-576 -192 -3072 ) (-576 -192 -2816 ) (-832.002014 -192 -2816 ) 
4 300 301 (-576 -512 -2816 ) (-576 -512 -2880 ) (-320 -512 -2944 ) (-320 -512 -2816 ) 
4 300 303 (-576 -192 -2816 ) (-576 -192 -3072 ) (-576 -512 -3072 ) (-576 -512 -2816 ) 
4 301 303 (-576 -896 -2880 ) (-576 -896 -2816 ) (-576 -512 -2816 ) (-576 -512 -2880 ) 
4 301 302 (-576 -896 -2816 ) (-576 -896 -2880 ) (-320 -896 -2944 ) (-320 -896 -2816 ) 
4 302 361 (-320 -1024 -3072 ) (-320 -1024 -2816 ) (-576 -1024 -2816 ) (-576 -1024 -3072 ) 
4 302 321 (-336 -1024 -3072 ) (-576 -1024 -3072 ) (-576 -896 -3072 ) (-336 -896 -3072 ) 
4 302 307 (-320 -896 -3072 ) (-320 -1024 -3072 ) (-336 -1024 -3072 ) (-336 -896 -3072 ) 
4 302 303 (-576 -896 -3072 ) (-576 -1024 -3072 ) (-576 -1024 -2816 ) (-576 -896 -2816 ) 
4 303 388 (-1024 -336 -3072 ) (-1024 -960 -3072 ) (-1024 -960 -2816 ) (-1024 -336 -2816 ) 
4 303 391 (-1024 -960 -3072 ) (-1024 -1024 -3072 ) (-1024 -1024 -2816 ) (-1024 -960 -2816 ) 
4 303 383 (-1024 -192 -3072 ) (-1024 -336 -3072 ) (-1024 -336 -2816 ) (-1024 -192 -2816 ) 
4 303 361 (-576 -1024 -2816 ) (-1024 -1024 -2816 ) (-1024 -1024 -3072 ) (-576 -1024 -3072 ) 
3 303 327 (-1024 -383.997925 -3072 ) (-1024 -192 -3072 ) (-832.002075 -192 -3072 ) 
3 303 325 (-768 -192 -3072 ) (-639.998169 -192 -3072 ) (-704 -256 -3072 ) 
5 303 324 (-1024 -576.001831 -3072 ) (-1024 -383.997925 -3072 ) (-832.002075 -192 -3072 ) (-768 -192 -3072 ) (-704 -256 -3072 ) 
4 303 321 (-576 -1024 -3072 ) (-832 -1024 -3072 ) (-832 -896 -3072 ) (-576 -896 -3072 ) 
4 303 322 (-832 -1024 -3072 ) (-1024 -1024 -3072 ) (-1024 -896 -3072 ) (-832 -896 -3072 ) 
5 303 320 (-1024 -896 -3072 ) (-1024 -576.001831 -3072 ) (-959.998169 -512 -3072 ) (-576 -512 -3072 ) (-576 -896 -3072 ) 
4 303 319 (-959.998169 -512 -3072 ) (-943.998169 -496 -3072 ) (-832 -496 -3072 ) (-832 -512 -3072 ) 
3 303 317 (-943.998169 -496 -3072 ) (-832 -384.001831 -3072 ) (-832 -496 -3072 ) 
4 304 313 (-336 -184 -3184 ) (-336 -184 -3100 ) (-336 -144 -3100 ) (-336 -144 -3184 ) 
4 305 306 (-328 -328 -3100 ) (-328 -328 -3184 ) (-328 -368 -3184 ) (-328 -368 -3100 ) 
4 306 314 (-336 -368 -3216 ) (-336 -368 -3100 ) (-336 -328 -3100 ) (-336 -328 -3216 ) 
4 307 361 (-320 -1024 -3136 ) (-320 -1024 -3072 ) (-336 -1024 -3072 ) (-336 -1024 -3136 ) 
4 307 321 (-336 -1024 -3136 ) (-336 -1024 -3072 ) (-336 -896 -3072 ) (-336 -896 -3136 ) 
4 308 309 (-340 0 -3100 ) (-340 -2.097700 -3100 ) (-380 -2.097700 -3100 ) (-380 0 -3100 ) 
4 309 311 (-380 -16 -3100 ) (-380 -16 -3184 ) (-340 -16 -3184 ) (-340 -16 -3100 ) 
4 310 313 (-336 -20.094200 -3100 ) (-336 -20.094200 -3088 ) (-340 -20.094200 -3088 ) (-340 -20.094200 -3100 ) 
4 310 311 (-336 -20.094200 -3100 ) (-340 -20.094200 -3100 ) (-340 -16 -3100 ) (-336 -16 -3100 ) 
4 311 313 (-380 -20.094200 -3216 ) (-336 -20.094200 -3216 ) (-336 -20.094200 -3100 ) (-380 -20.094200 -3100 ) 
4 311 312 (-380 -16 -3216 ) (-380 -20.094200 -3216 ) (-380 -20.094200 -3100 ) (-380 -16 -3100 ) 
4 312 313 (-452.092377 -20.094200 -3216 ) (-380 -20.094200 -3216 ) (-380 -20.094200 -3088 ) (-452.092377 -20.094200 -3088 ) 
4 314 316 (-536 -256 -3088 ) (-536 -256 -3216 ) (-536 -440 -3216 ) (-536 -440 -3088 ) 
4 315 316 (-536 -448 -3216 ) (-536 -496 -3216 ) (-536 -496 -3088 ) (-536 -448 -3088 ) 
4 317 324 (-944 -496 -3216 ) (-944 -496 -3072 ) (-832 -384 -3072 ) (-832 -384 -3216 ) 
4 317 319 (-944 -496 -3072 ) (-944 -496 -3216 ) (-832 -496 -3216 ) (-832 -496 -3072 ) 
3 317 318 (-832 -496 -3216 ) (-944 -496 -3216 ) (-832 -384 -3216 ) 
3 318 328 (-943.998169 -496 -3328 ) (-832 -384.001831 -3328 ) (-832 -496 -3328 ) 
4 318 324 (-832 -384 -3328 ) (-944 -496 -3328 ) (-944 -496 -3216 ) (-832 -384 -3216 ) 
4 318 319 (-944 -496 -3216 ) (-944 -496 -3328 ) (-832 -496 -3328 ) (-832 -496 -3216 ) 
4 319 328 (-959.998169 -512 -3328 ) (-943.998169 -496 -3328 ) (-832 -496 -3328 ) (-832 -512 -3328 ) 
4 319 324 (-944 -496 -3328 ) (-960 -512 -3328 ) (-960 -512 -3072 ) (-944 -496 -3072 ) 
4 319 320 (-959.997925 -512 -3072 ) (-959.997925 -512 -3328 ) (-832 -512 -3328 ) (-832 -512 -3072 ) 
4 320 389 (-1024 -576.001831 -3328 ) (-1024 -896 -3328 ) (-1024 -896 -3296 ) (-1024 -576.001831 -3296 ) 
4 320 388 (-1024 -896 -3296 ) (-1024 -896 -3072 ) (-1024 -576.001831 -3072 ) (-1024 -576.001831 -3296 ) 
5 320 331 (-1024 -896 -3328 ) (-1024 -576.001831 -3328 ) (-959.998169 -512 -3328 ) (-576 -512 -3328 ) (-576 -896 -3328 ) 
4 320 324 (-960 -512 -3328 ) (-1024 -576 -3328 ) (-1024 -576 -3072 ) (-960 -512 -3072 ) 
4 320 321 (-576 -896 -3136 ) (-576 -896 -3072 ) (-832 -896 -3072 ) (-832 -896 -3136 ) 
4 320 322 (-1024 -896 -3328 ) (-832 -896 -3328 ) (-832 -896 -3072 ) (-1024 -896 -3072 ) 
4 321 361 (-336 -1024 -3072 ) (-832 -1024 -3072 ) (-832 -1024 -3136 ) (-336 -1024 -3136 ) 
4 321 322 (-832 -896 -3072 ) (-832 -896 -3136 ) (-832 -1024 -3136 ) (-832 -1024 -3072 ) 
4 322 389 (-1024 -896 -3328 ) (-1024 -960 -3328 ) (-1024 -960 -3296 ) (-1024 -896 -3296 ) 
4 322 388 (-1024 -960 -3296 ) (-1024 -960 -3072 ) (-1024 -896 -3072 ) (-1024 -896 -3296 ) 
4 322 391 (-1024 -960 -3328 ) (-1024 -1024 -3328 ) (-1024 -1024 -3072 ) (-1024 -960 -3072 ) 
4 322 364 (-1024 -1024 -3136 ) (-1024 -1024 -3200 ) (-832 -1024 -3200 ) (-832 -1024 -3136 ) 
4 322 361 (-832 -1024 -3072 ) (-1024 -1024 -3072 ) (-1024 -1024 -3136 ) (-832 -1024 -3136 ) 
4 322 338 (-1024 -1024 -3328 ) (-1024 -896 -3328 ) (-832 -896 -3328 ) (-832 -1024 -3328 ) 
4 323 329 (-736 -95.998932 -3328 ) (-640.002075 0 -3328 ) (-447.998108 0 -3328 ) (-640 -192 -3328 ) 
4 323 325 (-736 -96 -3072 ) (-736 -96 -3223.995850 ) (-640 -192 -3223.997803 ) (-640 -192 -3072 ) 
4 324 389 (-1024 -383.997894 -3328 ) (-1024 -576.001831 -3328 ) (-1024 -576.001831 -3296 ) (-1024 -383.997894 -3296 ) 
4 324 388 (-1024 -576.001831 -3296 ) (-1024 -576.001831 -3072 ) (-1024 -383.997925 -3072 ) (-1024 -383.997894 -3296 ) 
3 324 331 (-1024 -576.001831 -3328 ) (-1024 -512 -3328 ) (-959.998169 -512 -3328 ) 
5 324 329 (-1024 -512 -3328 ) (-1024 -383.997925 -3328 ) (-800.001038 -159.998993 -3328 ) (-704 -256 -3328 ) (-959.998169 -512 -3328 ) 
4 324 327 (-832 -192 -3328 ) (-1024 -384 -3328 ) (-1024 -384 -3072 ) (-832 -192 -3072 ) 
4 324 326 (-704 -256 -3160.001709 ) (-704 -256 -3208 ) (-800 -160 -3208 ) (-800 -160 -3160 ) 
4 324 325 (-704 -256 -3072 ) (-704 -256 -3160.001709 ) (-800 -160 -3160 ) (-800 -160 -3072 ) 
4 325 326 (-704 -256 -3160.002197 ) (-800 -160 -3160 ) (-767.996643 -128 -3192 ) (-672 -224 -3192 ) 
4 327 389 (-1024 -336 -3328 ) (-1024 -383.997894 -3328 ) (-1024 -383.997894 -3296 ) (-1024 -336 -3296 ) 
4 327 388 (-1024 -383.997894 -3296 ) (-1024 -383.997925 -3072 ) (-1024 -336 -3072 ) (-1024 -336 -3296 ) 
4 327 384 (-1024 -192 -3328 ) (-1024 -336 -3328 ) (-1024 -336 -3296 ) (-1024 -192 -3296 ) 
4 327 383 (-1024 -336 -3296 ) (-1024 -336 -3072 ) (-1024 -192 -3072 ) (-1024 -192 -3296 ) 
3 327 330 (-1024 -383.997925 -3328 ) (-1024 -192 -3328 ) (-832.002075 -192 -3328 ) 
3 328 339 (-832 -512 -3456 ) (-959.998169 -512 -3456 ) (-832 -384.001831 -3456 ) 
4 328 333 (-959.998169 -512 -3456 ) (-832 -512 -3456 ) (-832 -512 -3392 ) (-959.998169 -512 -3392 ) 
4 328 331 (-832 -512 -3392 ) (-832 -512 -3328 ) (-959.998169 -512 -3328 ) (-959.998169 -512 -3392 ) 
4 328 329 (-832 -384 -3456 ) (-960 -512 -3456 ) (-960 -512 -3328 ) (-832 -384 -3328 ) 
4 329 389 (-1024 -512 -3360 ) (-1024 -512 -3328 ) (-1024 -383.997925 -3328 ) (-1024 -383.997925 -3360 ) 
5 329 343 (-831.997070 -383.998932 -3456 ) (-959.998169 -512 -3456 ) (-1024 -512 -3456 ) (-1024 -383.997925 -3456 ) (-928 -287.997437 -3456 ) 
4 329 342 (-639.998169 -192 -3456 ) (-831.997070 -383.998932 -3456 ) (-928 -287.997437 -3456 ) (-832.002075 -192 -3456 ) 
4 329 341 (-640.002075 0 -3456 ) (-447.998169 0 -3456 ) (-639.998169 -192 -3456 ) (-832.002075 -192 -3456 ) 
4 329 333 (-1024 -512 -3456 ) (-959.998169 -512 -3456 ) (-959.998169 -512 -3392 ) (-1024 -512 -3392 ) 
4 329 331 (-959.998169 -512 -3392 ) (-959.998169 -512 -3328 ) (-1024 -512 -3328 ) (-1024 -512 -3392 ) 
4 329 330 (-832 -192 -3456 ) (-1024 -384 -3456 ) (-1024 -384 -3328 ) (-832 -192 -3328 ) 
4 330 400 (-1024 -192 -3456 ) (-1024 -320 -3456 ) (-1024 -320 -3424 ) (-1024 -192 -3424 ) 
4 330 399 (-1024 -320 -3424 ) (-1024 -320 -3360 ) (-1024 -192 -3360 ) (-1024 -192 -3424 ) 
4 330 389 (-1024 -383.997925 -3360 ) (-1024 -383.997925 -3328 ) (-1024 -336 -3328 ) (-1024 -336 -3360 ) 
4 330 384 (-1024 -336 -3328 ) (-1024 -192 -3328 ) (-1024 -192 -3360 ) (-1024 -336 -3360 ) 
3 330 343 (-928 -287.997467 -3456 ) (-1024 -383.997925 -3456 ) (-1024 -192 -3456 ) 
3 330 342 (-832.002075 -192 -3456 ) (-928 -287.997467 -3456 ) (-1024 -192 -3456 ) 
4 331 389 (-1024 -896 -3360 ) (-1024 -896 -3328 ) (-1024 -512 -3328 ) (-1024 -512 -3360 ) 
4 331 338 (-832 -896 -3328 ) (-1024 -896 -3328 ) (-1024 -896 -3392 ) (-832 -896 -3392 ) 
4 331 337 (-832 -896 -3392 ) (-1024 -896 -3392 ) (-1024 -563 -3392 ) (-832 -563 -3392 ) 
4 331 336 (-576 -896 -3392 ) (-832 -896 -3392 ) (-832 -563 -3392 ) (-576 -563 -3392 ) 
4 331 333 (-1024 -563 -3392 ) (-1024 -512 -3392 ) (-576 -512 -3392 ) (-576 -563 -3392 ) 
4 332 335 (-449 -563 -3456 ) (-448 -563 -3456 ) (-448 -563 -3392 ) (-449 -563 -3392 ) 
4 332 334 (-448 -563 -3456 ) (-392 -563 -3456 ) (-392 -563 -3392 ) (-448 -563 -3392 ) 
4 333 347 (-934.020325 -563 -3456 ) (-1024 -563 -3456 ) (-1024 -512 -3456 ) (-832 -512 -3456 ) 
4 333 345 (-576 -563 -3456 ) (-832 -563 -3456 ) (-832 -512 -3456 ) (-576 -512 -3456 ) 
4 333 337 (-1024 -563 -3456 ) (-832 -563 -3456 ) (-832 -563 -3392 ) (-1024 -563 -3392 ) 
4 333 336 (-832 -563 -3456 ) (-576 -563 -3456 ) (-576 -563 -3392 ) (-832 -563 -3392 ) 
4 334 335 (-448 -563 -3392 ) (-448 -563 -3456 ) (-448 -664 -3456 ) (-448 -664 -3392 ) 
4 336 346 (-576 -896 -3456 ) (-832 -896 -3456 ) (-832 -768 -3456 ) (-576 -768 -3456 ) 
4 336 345 (-832 -768 -3456 ) (-832 -563 -3456 ) (-576 -563 -3456 ) (-576 -768 -3456 ) 
4 336 337 (-832 -563 -3392 ) (-832 -563 -3456 ) (-832 -608 -3456 ) (-832 -896 -3392 ) 
3 337 347 (-1024 -607.995972 -3456 ) (-1024 -563 -3456 ) (-934.020325 -563 -3456 ) 
4 338 389 (-1024 -960 -3328 ) (-1024 -896 -3328 ) (-1024 -896 -3360 ) (-1024 -960 -3360 ) 
4 338 391 (-1024 -1024 -3360 ) (-1024 -1024 -3328 ) (-1024 -960 -3328 ) (-1024 -960 -3360 ) 
3 339 347 (-832 -512 -3456 ) (-959.998169 -512 -3456 ) (-959.998169 -512 -3463.109863 ) 
4 339 343 (-960 -512 -3463.110107 ) (-960 -512 -3456 ) (-832 -384 -3456 ) (-832 -384 -3470.220947 ) 
3 339 340 (-896.001709 -448.005585 -3466.665039 ) (-832 -384.003906 -3470.220703 ) (-832 -512 -3456 ) 
3 340 344 (-896.004089 -448.004089 -3466.665283 ) (-832 -384 -3470.220947 ) (-832 -384 -3488 ) 
4 341 342 (-639.997925 -192 -3520 ) (-639.997925 -192 -3456 ) (-832.002075 -192 -3456 ) (-832.002075 -192 -3488 ) 
3 342 344 (-735.998169 -287.994263 -3488 ) (-780.799744 -332.795837 -3473.066162 ) (-810.666870 -213.324356 -3488 ) 
5 342 343 (-1023.988281 -192 -3456 ) (-831.990845 -192 -3488 ) (-810.666931 -213.324356 -3488 ) (-780.799744 -332.795837 -3473.066162 ) (-831.997925 -383.994019 -3456 ) 
5 343 400 (-1024 -320 -3456 ) (-1024 -192 -3456 ) (-1024 -192 -3488 ) (-1024 -319.990326 -3488 ) (-1024 -320 -3488 ) 
4 343 347 (-959.998169 -512 -3456 ) (-1024 -512 -3456 ) (-1024 -512 -3466.665527 ) (-959.998169 -512 -3463.109863 ) 
5 343 344 (-810.677673 -213.328217 -3488 ) (-780.807312 -332.809204 -3473.064941 ) (-896.002319 -448.004211 -3466.665283 ) (-1024 -320.009491 -3487.997559 ) (-1024 -319.987671 -3488 ) 
4 345 346 (-832 -768 -3456 ) (-832 -768 -3496 ) (-576 -768 -3496 ) (-576 -768 -3456 ) 
4 348 352 (88 -1024 -3200 ) (576 -1024 -3200 ) (576 -1152 -3200 ) (88 -1152 -3200 ) 
4 348 351 (192 -1152 -2816 ) (192 -1152 -2048 ) (88 -1152 -2048 ) (88 -1152 -2816 ) 
4 348 350 (192 -1152 -3200 ) (576 -1152 -3200 ) (576 -1152 -2048 ) (192 -1152 -2048 ) 
4 348 349 (88 -1152 -3072 ) (88 -1152 -2048 ) (88 -1024 -2048 ) (88 -1024 -3072 ) 
4 349 354 (64 -1152 -2048 ) (64 -1024 -2048 ) (64 -1024 -3072 ) (64 -1152 -3072 ) 
4 349 351 (88 -1152 -2816 ) (88 -1152 -2048 ) (64 -1152 -2048 ) (64 -1152 -2816 ) 
4 350 353 (576 -1408 -2048 ) (192 -1408 -2048 ) (192 -1408 -3200 ) (576 -1408 -3200 ) 
4 350 352 (576 -1408 -3200 ) (192 -1408 -3200 ) (192 -1152 -3200 ) (576 -1152 -3200 ) 
4 350 351 (192 -1152 -2048 ) (192 -1152 -2816 ) (192 -1408 -2816 ) (192 -1408 -2048 ) 
4 351 358 (64 -1408 -2048 ) (64 -1152 -2048 ) (64 -1152 -2816 ) (64 -1408 -2816 ) 
4 351 353 (192 -1408 -2048 ) (64 -1408 -2048 ) (64 -1408 -2816 ) (192 -1408 -2816 ) 
4 352 353 (88 -1408 -3264 ) (576 -1408 -3264 ) (576 -1408 -3200 ) (88 -1408 -3200 ) 
4 353 360 (64 -1728 -2048 ) (64 -1408 -2048 ) (64 -1408 -3264 ) (64 -1728 -3264 ) 
4 354 361 (0 -1024 -2048 ) (0 -1024 -3072 ) (0 -1152 -3072 ) (0 -1152 -2048 ) 
4 354 358 (0 -1152 -2048 ) (0 -1152 -2816 ) (64 -1152 -2816 ) (64 -1152 -2048 ) 
4 354 356 (48 -1152 -3072 ) (0 -1152 -3072 ) (0 -1144 -3072 ) (48 -1144 -3072 ) 
4 354 355 (0 -1144 -3072 ) (0 -1024 -3072 ) (48 -1024 -3072 ) (48 -1144 -3072 ) 
4 355 362 (0 -1024 -3136 ) (0 -1024 -3200 ) (0 -1144 -3200 ) (0 -1144 -3136 ) 
4 355 361 (0 -1024 -3072 ) (0 -1024 -3136 ) (0 -1144 -3136 ) (0 -1144 -3072 ) 
4 355 357 (0 -1144 -3200 ) (0 -1024 -3200 ) (48 -1024 -3200 ) (48 -1144 -3200 ) 
4 355 356 (48 -1144 -3136 ) (48 -1144 -3072 ) (0 -1144 -3072 ) (0 -1144 -3136 ) 
4 356 361 (0 -1152 -3136 ) (0 -1152 -3072 ) (0 -1144 -3072 ) (0 -1144 -3136 ) 
4 357 378 (0 -1024 -3200 ) (0 -1024 -3328 ) (0 -1144 -3328 ) (0 -1144 -3200 ) 
4 358 366 (0 -1408 -2816 ) (0 -1408 -2752 ) (0 -1152 -2752 ) (0 -1152 -2816 ) 
4 358 365 (0 -1408 -2752 ) (0 -1408 -2048 ) (0 -1152 -2048 ) (0 -1152 -2752 ) 
4 358 360 (64 -1408 -2816 ) (64 -1408 -2048 ) (0 -1408 -2048 ) (0 -1408 -2816 ) 
4 359 379 (0 -1160 -3200 ) (0 -1160 -3328 ) (0 -1400 -3328 ) (0 -1400 -3200 ) 
4 359 372 (0 -1400 -3072 ) (0 -1160 -3072 ) (0 -1160 -3200 ) (0 -1400 -3200 ) 
4 360 382 (0 -1408 -3200 ) (0 -1408 -3264 ) (0 -1728 -3264 ) (0 -1728 -3200 ) 
4 360 377 (0 -1728 -2048 ) (0 -1408 -2048 ) (0 -1408 -3200 ) (0 -1728 -3200 ) 
4 361 401 (-1024 -1024 -2048 ) (-1024 -1024 -3136 ) (-1024 -1040 -3136 ) (-1024 -1040 -2048 ) 
4 361 375 (-832 -1152 -3136 ) (-448 -1152 -3136 ) (-448 -1152 -3072 ) (-832 -1152 -3072 ) 
4 361 376 (-1024 -1152 -3072 ) (-1024 -1152 -3136 ) (-832 -1152 -3136 ) (-832 -1152 -3072 ) 
4 361 373 (-256 -1152 -3136 ) (-96 -1152 -3136 ) (-96 -1152 -3072 ) (-256 -1152 -3072 ) 
4 361 371 (-1024 -1152 -2816 ) (-1024 -1152 -3072 ) (-448 -1152 -3072 ) (-448 -1152 -2816 ) 
4 361 367 (-384 -1152 -2816 ) (-128 -1152 -2816 ) (-128 -1152 -2752 ) (-384 -1152 -2752 ) 
4 361 366 (-128 -1152 -2816 ) (0 -1152 -2816 ) (0 -1152 -2752 ) (-128 -1152 -2752 ) 
4 361 370 (-1024 -1152 -2752 ) (-1024 -1152 -2816 ) (-384 -1152 -2816 ) (-384 -1152 -2752 ) 
4 361 365 (-1024 -1152 -2048 ) (-1024 -1152 -2752 ) (0 -1152 -2752 ) (0 -1152 -2048 ) 
4 361 363 (-96 -1152 -3136 ) (-256 -1152 -3136 ) (-256 -1024 -3136 ) (-96 -1024 -3136 ) 
4 361 364 (-832 -1152 -3136 ) (-1024 -1152 -3136 ) (-1024 -1024 -3136 ) (-832 -1024 -3136 ) 
4 361 362 (-88 -1024 -3136 ) (0 -1024 -3136 ) (0 -1144 -3136 ) (-88 -1144 -3136 ) 
4 362 378 (0 -1024 -3200 ) (0 -1144 -3200 ) (-88 -1144 -3200 ) (-88 -1024 -3200 ) 
4 363 380 (-96 -1152 -3200 ) (-256 -1152 -3200 ) (-256 -1024 -3200 ) (-96 -1024 -3200 ) 
4 363 373 (-256 -1152 -3200 ) (-96 -1152 -3200 ) (-96 -1152 -3136 ) (-256 -1152 -3136 ) 
4 364 401 (-1024 -1024 -3136 ) (-1024 -1024 -3200 ) (-1024 -1040 -3200 ) (-1024 -1040 -3136 ) 
4 364 376 (-1024 -1152 -3136 ) (-1024 -1152 -3200 ) (-832 -1152 -3200 ) (-832 -1152 -3136 ) 
4 365 377 (0 -1408 -2752 ) (0 -1408 -2048 ) (-448 -1408 -2048 ) (-448 -1408 -2752 ) 
4 365 368 (-384 -1184 -2752 ) (-384 -1168 -2752 ) (-128 -1168 -2752 ) (-128 -1184 -2752 ) 
4 365 367 (-384 -1168 -2752 ) (-384 -1152 -2752 ) (-128 -1152 -2752 ) (-128 -1168 -2752 ) 
4 365 369 (-128 -1408 -2752 ) (-384 -1408 -2752 ) (-384 -1184 -2752 ) (-128 -1184 -2752 ) 
4 365 366 (0 -1408 -2752 ) (-128 -1408 -2752 ) (-128 -1152 -2752 ) (0 -1152 -2752 ) 
4 365 370 (-384 -1408 -2752 ) (-1024 -1408 -2752 ) (-1024 -1152 -2752 ) (-384 -1152 -2752 ) 
4 366 377 (0 -1408 -2816 ) (0 -1408 -2752 ) (-128 -1408 -2752 ) (-128 -1408 -2816 ) 
4 366 368 (-128 -1168 -2816 ) (-128 -1184 -2816 ) (-128 -1184 -2752 ) (-128 -1168 -2752 ) 
4 366 367 (-128 -1152 -2816 ) (-128 -1168 -2816 ) (-128 -1168 -2752 ) (-128 -1152 -2752 ) 
4 366 369 (-128 -1184 -2816 ) (-128 -1408 -2816 ) (-128 -1408 -2752 ) (-128 -1184 -2752 ) 
4 367 370 (-384 -1152 -2816 ) (-384 -1168 -2816 ) (-384 -1168 -2752 ) (-384 -1152 -2752 ) 
4 367 368 (-384 -1168 -2752 ) (-384 -1168 -2816 ) (-128 -1168 -2816 ) (-128 -1168 -2752 ) 
4 368 369 (-384 -1184 -2752 ) (-384 -1184 -2816 ) (-128 -1184 -2816 ) (-128 -1184 -2752 ) 
4 368 370 (-384 -1168 -2816 ) (-384 -1184 -2816 ) (-384 -1184 -2752 ) (-384 -1168 -2752 ) 
4 369 377 (-128 -1408 -2752 ) (-384 -1408 -2752 ) (-384 -1408 -2816 ) (-128 -1408 -2816 ) 
4 369 370 (-384 -1184 -2816 ) (-384 -1408 -2816 ) (-384 -1408 -2752 ) (-384 -1184 -2752 ) 
4 370 377 (-384 -1408 -2752 ) (-448 -1408 -2752 ) (-448 -1408 -2816 ) (-384 -1408 -2816 ) 
4 370 371 (-448 -1408 -2816 ) (-1024 -1408 -2816 ) (-1024 -1152 -2816 ) (-448 -1152 -2816 ) 
4 371 375 (-448 -1408 -3072 ) (-832 -1408 -3072 ) (-832 -1152 -3072 ) (-448 -1152 -3072 ) 
4 371 376 (-832 -1408 -3072 ) (-1024 -1408 -3072 ) (-1024 -1152 -3072 ) (-832 -1152 -3072 ) 
4 372 379 (0 -1160 -3200 ) (0 -1400 -3200 ) (-96 -1400 -3200 ) (-96 -1160 -3200 ) 
4 372 373 (-96 -1400 -3072 ) (-96 -1160 -3072 ) (-96 -1160 -3200 ) (-96 -1400 -3200 ) 
4 373 380 (-256 -1152 -3200 ) (-96 -1152 -3200 ) (-96 -1400 -3200 ) (-256 -1400 -3200 ) 
4 373 374 (-256 -1400 -3200 ) (-256 -1400 -3072 ) (-256 -1160 -3072 ) (-256 -1160 -3200 ) 
4 374 381 (-256 -1160 -3200 ) (-256 -1400 -3200 ) (-440 -1400 -3200 ) (-440 -1160 -3200 ) 
4 375 376 (-832 -1408 -3136 ) (-832 -1408 -3072 ) (-832 -1152 -3072 ) (-832 -1152 -3136 ) 
4 377 382 (0 -1408 -3200 ) (0 -1728 -3200 ) (-448 -1728 -3200 ) (-448 -1408 -3200 ) 
4 379 380 (-96 -1160 -3328 ) (-96 -1400 -3328 ) (-96 -1400 -3200 ) (-96 -1160 -3200 ) 
4 380 381 (-256 -1160 -3328 ) (-256 -1400 -3328 ) (-256 -1400 -3200 ) (-256 -1160 -3200 ) 
4 383 398 (-1856 -336 -2048 ) (-1984 -336 -2048 ) (-1984 -336 -3296 ) (-1856 -336 -3296 ) 
4 383 392 (-1042 -336 -2048 ) (-1344 -336 -2048 ) (-1344 -336 -3296 ) (-1042 -336 -3296 ) 
4 383 396 (-1344 -336 -2048 ) (-1856 -336 -2048 ) (-1856 -336 -3296 ) (-1344 -336 -3296 ) 
4 383 388 (-1024 -336 -3296 ) (-1024 -336 -2048 ) (-1042 -336 -2048 ) (-1042 -336 -3296 ) 
4 383 386 (-1040 -336 -3296 ) (-1984 -336 -3296 ) (-1984 -334 -3296 ) (-1040 -334 -3296 ) 
4 383 385 (-1984 -334 -3296 ) (-1984 -192 -3296 ) (-1040 -192 -3296 ) (-1040 -334 -3296 ) 
4 383 384 (-1024 -336 -3296 ) (-1040 -336 -3296 ) (-1040 -192 -3296 ) (-1024 -192 -3296 ) 
4 383 387 (-1984 -192 -2048 ) (-1984 -192 -3296 ) (-1984 -336 -3296 ) (-1984 -336 -2048 ) 
4 384 399 (-1040 -192 -3360 ) (-1024 -192 -3360 ) (-1024 -320 -3360 ) (-1040 -320 -3360 ) 
4 384 389 (-1040 -336 -3360 ) (-1024 -336 -3360 ) (-1024 -336 -3296 ) (-1040 -336 -3296 ) 
4 384 386 (-1040 -336 -3360 ) (-1040 -336 -3296 ) (-1040 -334 -3296 ) (-1040 -334 -3360 ) 
4 384 385 (-1040 -334 -3296 ) (-1040 -192 -3296 ) (-1040 -192 -3360 ) (-1040 -334 -3360 ) 
4 385 399 (-1984 -192 -3360 ) (-1040 -192 -3360 ) (-1040 -320 -3360 ) (-1984 -320 -3360 ) 
4 385 387 (-1984 -192 -3296 ) (-1984 -192 -3360 ) (-1984 -334 -3360 ) (-1984 -334 -3296 ) 
4 385 386 (-1040 -334 -3360 ) (-1040 -334 -3296 ) (-1984 -334 -3296 ) (-1984 -334 -3360 ) 
4 386 398 (-1984 -336 -3360 ) (-1856 -336 -3360 ) (-1856 -336 -3296 ) (-1984 -336 -3296 ) 
4 386 392 (-1344 -336 -3360 ) (-1042 -336 -3360 ) (-1042 -336 -3296 ) (-1344 -336 -3296 ) 
4 386 396 (-1856 -336 -3360 ) (-1344 -336 -3360 ) (-1344 -336 -3296 ) (-1856 -336 -3296 ) 
4 386 390 (-1042 -336 -3360 ) (-1040 -336 -3360 ) (-1040 -336 -3296 ) (-1042 -336 -3296 ) 
4 386 387 (-1984 -334 -3360 ) (-1984 -336 -3360 ) (-1984 -336 -3296 ) (-1984 -334 -3296 ) 
4 387 399 (-2048 -320 -3360 ) (-2048 -192 -3360 ) (-1984 -192 -3360 ) (-1984 -320 -3360 ) 
4 387 398 (-2048 -336 -3360 ) (-1984 -336 -3360 ) (-1984 -336 -2048 ) (-2048 -336 -2048 ) 
4 388 397 (-1042 -896 -3296 ) (-1042 -960 -3296 ) (-1042 -960 -2048 ) (-1042 -896 -2048 ) 
4 388 394 (-1042 -880 -3296 ) (-1042 -896 -3296 ) (-1042 -896 -3168 ) (-1042 -880 -3168 ) 
4 388 393 (-1042 -896 -3168 ) (-1042 -896 -2048 ) (-1042 -880 -2048 ) (-1042 -880 -3168 ) 
4 388 392 (-1042 -336 -2048 ) (-1042 -336 -3296 ) (-1042 -880 -3296 ) (-1042 -880 -2048 ) 
4 388 390 (-1040 -960 -3296 ) (-1042 -960 -3296 ) (-1042 -336 -3296 ) (-1040 -336 -3296 ) 
4 388 389 (-1024 -960 -3296 ) (-1040 -960 -3296 ) (-1040 -336 -3296 ) (-1024 -336 -3296 ) 
4 388 391 (-1042 -960 -2048 ) (-1042 -960 -3296 ) (-1024 -960 -3296 ) (-1024 -960 -2048 ) 
4 389 391 (-1040 -960 -3360 ) (-1024 -960 -3360 ) (-1024 -960 -3296 ) (-1040 -960 -3296 ) 
4 389 390 (-1040 -960 -3360 ) (-1040 -960 -3296 ) (-1040 -336 -3296 ) (-1040 -336 -3360 ) 
4 390 397 (-1042 -896 -3360 ) (-1042 -960 -3360 ) (-1042 -960 -3296 ) (-1042 -896 -3296 ) 
4 390 395 (-1042 -880 -3360 ) (-1042 -896 -3360 ) (-1042 -896 -3296 ) (-1042 -880 -3296 ) 
4 390 392 (-1042 -336 -3296 ) (-1042 -336 -3360 ) (-1042 -880 -3360 ) (-1042 -880 -3296 ) 
4 390 391 (-1042 -960 -3296 ) (-1042 -960 -3360 ) (-1040 -960 -3360 ) (-1040 -960 -3296 ) 
4 391 401 (-1024 -1024 -3360 ) (-1024 -1024 -2048 ) (-1042 -1024 -2048 ) (-1042 -1024 -3360 ) 
4 391 397 (-1042 -960 -3360 ) (-1042 -1024 -3360 ) (-1042 -1024 -2048 ) (-1042 -960 -2048 ) 
4 392 394 (-1232.001953 -880 -3296 ) (-1042 -880 -3296 ) (-1042 -880 -3168 ) (-1232.001953 -880 -3168 ) 
4 392 393 (-1344 -880 -2048 ) (-1344 -880 -3168 ) (-1042 -880 -3168 ) (-1042 -880 -2048 ) 
4 392 395 (-1344 -880 -3296 ) (-1344 -880 -3360 ) (-1042 -880 -3360 ) (-1042 -880 -3296 ) 
4 392 396 (-1344 -336 -2048 ) (-1344 -336 -3360 ) (-1344 -880 -3360 ) (-1344 -880 -2048 ) 
4 393 397 (-1042 -896 -3168 ) (-1042 -896 -2048 ) (-1312 -896 -2048 ) (-1312 -896 -3168 ) 
4 393 394 (-1042 -896 -3168 ) (-1216.001953 -896 -3168 ) (-1232.001953 -880 -3168 ) (-1042 -880 -3168 ) 
4 393 396 (-1344 -896 -3168 ) (-1344 -896 -2048 ) (-1344 -880 -2048 ) (-1344 -880 -3168 ) 
4 394 397 (-1042 -896 -3296 ) (-1042 -896 -3168 ) (-1216.001953 -896 -3168 ) (-1216.001953 -896 -3296 ) 
4 394 395 (-1042 -896 -3296 ) (-1216.001953 -896 -3296 ) (-1232.001953 -880 -3296 ) (-1042 -880 -3296 ) 
4 395 397 (-1312 -896 -3360 ) (-1042 -896 -3360 ) (-1042 -896 -3296 ) (-1312 -896 -3296 ) 
4 395 396 (-1344 -880 -3360 ) (-1344 -896 -3360 ) (-1344 -896 -3296 ) (-1344 -880 -3296 ) 
4 396 398 (-1856 -336 -2048 ) (-1856 -336 -3360 ) (-1856 -400 -3360 ) (-1856 -400 -2048 ) 
4 397 401 (-1042 -1024 -2048 ) (-1312 -1024 -2048 ) (-1312 -1024 -3360 ) (-1042 -1024 -3360 ) 
4 399 400 (-1024 -320 -3424 ) (-1792 -320 -3424 ) (-1792 -192 -3424 ) (-1024 -192 -3424 ) 
